Copyright 1986-2017 Xilinx, Inc. All Rights Reserved.
------------------------------------------------------------------------------------
| Tool Version : Vivado v.2017.4 (win64) Build 2086221 Fri Dec 15 20:55:39 MST 2017
| Date         : Wed Nov 21 21:33:04 2018
| Host         : hubbery running 64-bit major release  (build 9200)
| Command      : upgrade_ip
| Device       : xc7z020clg400-1
------------------------------------------------------------------------------------

Upgrade Log for IP 'system_image_process_0_0'

1. Summary
----------

SUCCESS in the upgrade of system_image_process_0_0 (xilinx.com:user:image_process:1.0) from (Rev. 42) to (Rev. 43)






Copyright 1986-2017 Xilinx, Inc. All Rights Reserved.
------------------------------------------------------------------------------------
| Tool Version : Vivado v.2017.4 (win64) Build 2086221 Fri Dec 15 20:55:39 MST 2017
| Date         : Wed Nov 21 21:27:09 2018
| Host         : hubbery running 64-bit major release  (build 9200)
| Command      : upgrade_ip
| Device       : xc7z020clg400-1
------------------------------------------------------------------------------------

Upgrade Log for IP 'system_image_process_0_0'

1. Summary
----------

CAUTION (success, with warnings) in the upgrade of system_image_process_0_0 (xilinx.com:user:image_process:1.0) from (Rev. 41) to (Rev. 42)

After upgrade, an IP may have parameter and port differences compared to the original customization. Please review the parameters within the IP customization GUI to ensure proper functionality. Also, please review the updated IP instantiation template to ensure proper connectivity, and update your design if required.

2. Connection Warnings
----------------------

Detected external port differences while upgrading 'system_image_process_0_0'. These changes may impact your design.


-Upgrade has removed port 'sw'







Copyright 1986-2017 Xilinx, Inc. All Rights Reserved.
------------------------------------------------------------------------------------
| Tool Version : Vivado v.2017.4 (win64) Build 2086221 Fri Dec 15 20:55:39 MST 2017
| Date         : Wed Nov 21 14:20:10 2018
| Host         : hubbery running 64-bit major release  (build 9200)
| Command      : upgrade_ip
| Device       : xc7z020clg400-1
------------------------------------------------------------------------------------

Upgrade Log for IP 'system_image_process_0_0'

1. Summary
----------

SUCCESS in the upgrade of system_image_process_0_0 (xilinx.com:user:image_process:1.0) from (Rev. 40) to (Rev. 41)






Copyright 1986-2017 Xilinx, Inc. All Rights Reserved.
------------------------------------------------------------------------------------
| Tool Version : Vivado v.2017.4 (win64) Build 2086221 Fri Dec 15 20:55:39 MST 2017
| Date         : Wed Nov 21 14:05:38 2018
| Host         : hubbery running 64-bit major release  (build 9200)
| Command      : upgrade_ip
| Device       : xc7z020clg400-1
------------------------------------------------------------------------------------

Upgrade Log for IP 'system_image_process_0_0'

1. Summary
----------

SUCCESS in the conversion of system_image_process_0_0 (xilinx.com:user:image_process:1.0 (Rev. 40)) to Vivado generation flows.






Copyright 1986-2017 Xilinx, Inc. All Rights Reserved.
------------------------------------------------------------------------------------
| Tool Version : Vivado v.2017.4 (win64) Build 2086221 Fri Dec 15 20:55:39 MST 2017
| Date         : Wed Nov 21 05:49:09 2018
| Host         : hubbery running 64-bit major release  (build 9200)
| Command      : upgrade_ip
| Device       : xc7z020clg400-1
------------------------------------------------------------------------------------

Upgrade Log for IP 'system_image_process_0_0'

1. Summary
----------

SUCCESS in the upgrade of system_image_process_0_0 (xilinx.com:user:image_process:1.0) from (Rev. 39) to (Rev. 40)






Copyright 1986-2017 Xilinx, Inc. All Rights Reserved.
------------------------------------------------------------------------------------
| Tool Version : Vivado v.2017.4 (win64) Build 2086221 Fri Dec 15 20:55:39 MST 2017
| Date         : Tue Nov 20 20:14:51 2018
| Host         : hubbery running 64-bit major release  (build 9200)
| Command      : upgrade_ip
| Device       : xc7z020clg400-1
------------------------------------------------------------------------------------

Upgrade Log for IP 'system_xlconstant_0_0'

1. Summary
----------

SUCCESS in the conversion of system_xlconstant_0_0 (xilinx.com:ip:xlconstant:1.1 (Rev. 3)) to Vivado generation flows.






Copyright 1986-2017 Xilinx, Inc. All Rights Reserved.
------------------------------------------------------------------------------------
| Tool Version : Vivado v.2017.4 (win64) Build 2086221 Fri Dec 15 20:55:39 MST 2017
| Date         : Tue Nov 20 20:14:51 2018
| Host         : hubbery running 64-bit major release  (build 9200)
| Command      : upgrade_ip
| Device       : xc7z020clg400-1
------------------------------------------------------------------------------------

Upgrade Log for IP 'system_xlconcat_0_0'

1. Summary
----------

SUCCESS in the conversion of system_xlconcat_0_0 (xilinx.com:ip:xlconcat:2.1 (Rev. 1)) to Vivado generation flows.






Copyright 1986-2017 Xilinx, Inc. All Rights Reserved.
------------------------------------------------------------------------------------
| Tool Version : Vivado v.2017.4 (win64) Build 2086221 Fri Dec 15 20:55:39 MST 2017
| Date         : Tue Nov 20 20:14:51 2018
| Host         : hubbery running 64-bit major release  (build 9200)
| Command      : upgrade_ip
| Device       : xc7z020clg400-1
------------------------------------------------------------------------------------

Upgrade Log for IP 'system_v_vid_in_axi4s_0_0'

1. Summary
----------

SUCCESS in the conversion of system_v_vid_in_axi4s_0_0 (xilinx.com:ip:v_vid_in_axi4s:4.0 (Rev. 7)) to Vivado generation flows.






Copyright 1986-2017 Xilinx, Inc. All Rights Reserved.
------------------------------------------------------------------------------------
| Tool Version : Vivado v.2017.4 (win64) Build 2086221 Fri Dec 15 20:55:39 MST 2017
| Date         : Tue Nov 20 20:14:51 2018
| Host         : hubbery running 64-bit major release  (build 9200)
| Command      : upgrade_ip
| Device       : xc7z020clg400-1
------------------------------------------------------------------------------------

Upgrade Log for IP 'system_v_tc_0_0'

1. Summary
----------

SUCCESS in the conversion of system_v_tc_0_0 (xilinx.com:ip:v_tc:6.1 (Rev. 12)) to Vivado generation flows.






Copyright 1986-2017 Xilinx, Inc. All Rights Reserved.
------------------------------------------------------------------------------------
| Tool Version : Vivado v.2017.4 (win64) Build 2086221 Fri Dec 15 20:55:39 MST 2017
| Date         : Tue Nov 20 20:14:51 2018
| Host         : hubbery running 64-bit major release  (build 9200)
| Command      : upgrade_ip
| Device       : xc7z020clg400-1
------------------------------------------------------------------------------------

Upgrade Log for IP 'system_v_axi4s_vid_out_0_0'

1. Summary
----------

SUCCESS in the conversion of system_v_axi4s_vid_out_0_0 (xilinx.com:ip:v_axi4s_vid_out:4.0 (Rev. 8)) to Vivado generation flows.






Copyright 1986-2017 Xilinx, Inc. All Rights Reserved.
------------------------------------------------------------------------------------
| Tool Version : Vivado v.2017.4 (win64) Build 2086221 Fri Dec 15 20:55:39 MST 2017
| Date         : Tue Nov 20 20:14:51 2018
| Host         : hubbery running 64-bit major release  (build 9200)
| Command      : upgrade_ip
| Device       : xc7z020clg400-1
------------------------------------------------------------------------------------

Upgrade Log for IP 'system_rst_processing_system7_0_50M_0'

1. Summary
----------

SUCCESS in the conversion of system_rst_processing_system7_0_50M_0 (xilinx.com:ip:proc_sys_reset:5.0 (Rev. 12)) to Vivado generation flows.






Copyright 1986-2017 Xilinx, Inc. All Rights Reserved.
------------------------------------------------------------------------------------
| Tool Version : Vivado v.2017.4 (win64) Build 2086221 Fri Dec 15 20:55:39 MST 2017
| Date         : Tue Nov 20 20:14:51 2018
| Host         : hubbery running 64-bit major release  (build 9200)
| Command      : upgrade_ip
| Device       : xc7z020clg400-1
------------------------------------------------------------------------------------

Upgrade Log for IP 'system_processing_system7_0_axi_periph_0'

1. Summary
----------

SUCCESS in the conversion of system_processing_system7_0_axi_periph_0 (xilinx.com:ip:axi_interconnect:2.1 (Rev. 16)) to Vivado generation flows.






Copyright 1986-2017 Xilinx, Inc. All Rights Reserved.
------------------------------------------------------------------------------------
| Tool Version : Vivado v.2017.4 (win64) Build 2086221 Fri Dec 15 20:55:39 MST 2017
| Date         : Tue Nov 20 20:14:51 2018
| Host         : hubbery running 64-bit major release  (build 9200)
| Command      : upgrade_ip
| Device       : xc7z020clg400-1
------------------------------------------------------------------------------------

Upgrade Log for IP 'system_processing_system7_0_0'

1. Summary
----------

SUCCESS in the conversion of system_processing_system7_0_0 (xilinx.com:ip:processing_system7:5.5 (Rev. 6)) to Vivado generation flows.

2. Upgrade messages
-------------------

WARNING: upgrade cannot add parameter PCW_TRACE_INTERNAL_WIDTH with default value 32 : a parameter called PCW_TRACE_INTERNAL_WIDTH already exists in processing_system7_v5_5
WARNING: upgrade cannot add parameter PCW_USE_AXI_NONSECURE with default value 0 : a parameter called PCW_USE_AXI_NONSECURE already exists in processing_system7_v5_5
WARNING: upgrade cannot add parameter PCW_EN_PTP_ENET0 with default value 1 : a parameter called PCW_EN_PTP_ENET0 already exists in processing_system7_v5_5
WARNING: upgrade cannot add parameter PCW_EN_PTP_ENET0 with default value 1 : a parameter called PCW_EN_PTP_ENET0 already exists in processing_system7_v5_5
WARNING: upgrade cannot add parameter PCW_GP0_NUM_WRITE_THREADS with default value 4 : a parameter called PCW_GP0_NUM_WRITE_THREADS already exists in processing_system7_v5_5
WARNING: upgrade cannot add parameter PCW_GP0_NUM_READ_THREADS with default value 4 : a parameter called PCW_GP0_NUM_READ_THREADS already exists in processing_system7_v5_5
WARNING: upgrade cannot add parameter PCW_GP1_NUM_WRITE_THREADS with default value 4 : a parameter called PCW_GP1_NUM_WRITE_THREADS already exists in processing_system7_v5_5
WARNING: upgrade cannot add parameter PCW_GP1_NUM_READ_THREADS with default value 4 : a parameter called PCW_GP1_NUM_READ_THREADS already exists in processing_system7_v5_5
WARNING: upgrade cannot add parameter PCW_GP0_EN_MODIFIABLE_TXN with default value 0 : a parameter called PCW_GP0_EN_MODIFIABLE_TXN already exists in processing_system7_v5_5
WARNING: upgrade cannot add parameter PCW_GP1_EN_MODIFIABLE_TXN with default value 0 : a parameter called PCW_GP1_EN_MODIFIABLE_TXN already exists in processing_system7_v5_5






Copyright 1986-2017 Xilinx, Inc. All Rights Reserved.
------------------------------------------------------------------------------------
| Tool Version : Vivado v.2017.4 (win64) Build 2086221 Fri Dec 15 20:55:39 MST 2017
| Date         : Tue Nov 20 20:14:51 2018
| Host         : hubbery running 64-bit major release  (build 9200)
| Command      : upgrade_ip
| Device       : xc7z020clg400-1
------------------------------------------------------------------------------------

Upgrade Log for IP 'system_image_process_0_0'

1. Summary
----------

SUCCESS in the conversion of system_image_process_0_0 (xilinx.com:user:image_process:1.0 (Rev. 39)) to Vivado generation flows.






Copyright 1986-2017 Xilinx, Inc. All Rights Reserved.
------------------------------------------------------------------------------------
| Tool Version : Vivado v.2017.4 (win64) Build 2086221 Fri Dec 15 20:55:39 MST 2017
| Date         : Tue Nov 20 20:14:51 2018
| Host         : hubbery running 64-bit major release  (build 9200)
| Command      : upgrade_ip
| Device       : xc7z020clg400-1
------------------------------------------------------------------------------------

Upgrade Log for IP 'system_clk_wiz_0_0'

1. Summary
----------

SUCCESS in the conversion of system_clk_wiz_0_0 (xilinx.com:ip:clk_wiz:5.4 (Rev. 3)) to Vivado generation flows.






Copyright 1986-2017 Xilinx, Inc. All Rights Reserved.
------------------------------------------------------------------------------------
| Tool Version : Vivado v.2017.4 (win64) Build 2086221 Fri Dec 15 20:55:39 MST 2017
| Date         : Tue Nov 20 20:14:51 2018
| Host         : hubbery running 64-bit major release  (build 9200)
| Command      : upgrade_ip
| Device       : xc7z020clg400-1
------------------------------------------------------------------------------------

Upgrade Log for IP 'system_axi_mem_intercon_0'

1. Summary
----------

SUCCESS in the conversion of system_axi_mem_intercon_0 (xilinx.com:ip:axi_interconnect:2.1 (Rev. 16)) to Vivado generation flows.






Copyright 1986-2017 Xilinx, Inc. All Rights Reserved.
------------------------------------------------------------------------------------
| Tool Version : Vivado v.2017.4 (win64) Build 2086221 Fri Dec 15 20:55:39 MST 2017
| Date         : Tue Nov 20 20:14:51 2018
| Host         : hubbery running 64-bit major release  (build 9200)
| Command      : upgrade_ip
| Device       : xc7z020clg400-1
------------------------------------------------------------------------------------

Upgrade Log for IP 'system_axi_gpio_0_0'

1. Summary
----------

SUCCESS in the conversion of system_axi_gpio_0_0 (xilinx.com:ip:axi_gpio:2.0 (Rev. 17)) to Vivado generation flows.






Copyright 1986-2017 Xilinx, Inc. All Rights Reserved.
------------------------------------------------------------------------------------
| Tool Version : Vivado v.2017.4 (win64) Build 2086221 Fri Dec 15 20:55:39 MST 2017
| Date         : Tue Nov 20 20:14:51 2018
| Host         : hubbery running 64-bit major release  (build 9200)
| Command      : upgrade_ip
| Device       : xc7z020clg400-1
------------------------------------------------------------------------------------

Upgrade Log for IP 'system_axi_dma_0_0'

1. Summary
----------

SUCCESS in the conversion of system_axi_dma_0_0 (xilinx.com:ip:axi_dma:7.1 (Rev. 16)) to Vivado generation flows.






Copyright 1986-2017 Xilinx, Inc. All Rights Reserved.
------------------------------------------------------------------------------------
| Tool Version : Vivado v.2017.4 (win64) Build 2086221 Fri Dec 15 20:55:39 MST 2017
| Date         : Tue Nov 20 20:14:51 2018
| Host         : hubbery running 64-bit major release  (build 9200)
| Command      : upgrade_ip
| Device       : xc7z020clg400-1
------------------------------------------------------------------------------------

Upgrade Log for IP 'system_OV_Sensor_ML_0_2'

1. Summary
----------

SUCCESS in the conversion of system_OV_Sensor_ML_0_2 (xilinx.com:user:OV_Sensor_ML:1.0 (Rev. 2)) to Vivado generation flows.






Copyright 1986-2017 Xilinx, Inc. All Rights Reserved.
------------------------------------------------------------------------------------
| Tool Version : Vivado v.2017.4 (win64) Build 2086221 Fri Dec 15 20:55:39 MST 2017
| Date         : Tue Nov 20 20:14:51 2018
| Host         : hubbery running 64-bit major release  (build 9200)
| Command      : upgrade_ip
| Device       : xc7z020clg400-1
------------------------------------------------------------------------------------

Upgrade Log for IP 'system_HDMI_FPGA_ML_0_0'

1. Summary
----------

SUCCESS in the conversion of system_HDMI_FPGA_ML_0_0 (xilinx.com:user:HDMI_FPGA_ML:1.0 (Rev. 1)) to Vivado generation flows.






Copyright 1986-2017 Xilinx, Inc. All Rights Reserved.
------------------------------------------------------------------------------------
| Tool Version : Vivado v.2017.4 (win64) Build 2086221 Fri Dec 15 20:55:39 MST 2017
| Date         : Tue Nov 20 19:20:10 2018
| Host         : hubbery running 64-bit major release  (build 9200)
| Command      : upgrade_ip
| Device       : xc7z010clg400-1
------------------------------------------------------------------------------------

Upgrade Log for IP 'system_image_process_0_0'

1. Summary
----------

CAUTION (success, with warnings) in the upgrade of system_image_process_0_0 (xilinx.com:user:image_process:1.0) from (Rev. 34) to (Rev. 39)

After upgrade, an IP may have parameter and port differences compared to the original customization. Please review the parameters within the IP customization GUI to ensure proper functionality. Also, please review the updated IP instantiation template to ensure proper connectivity, and update your design if required.

2. Connection Warnings
----------------------

Detected external port differences while upgrading 'system_image_process_0_0'. These changes may impact your design.


-Upgrade has added port 'sw'







Copyright 1986-2017 Xilinx, Inc. All Rights Reserved.
------------------------------------------------------------------------------------
| Tool Version : Vivado v.2017.4 (win64) Build 2086221 Fri Dec 15 20:55:39 MST 2017
| Date         : Tue Nov 20 19:05:01 2018
| Host         : hubbery running 64-bit major release  (build 9200)
| Command      : upgrade_ip
| Device       : xc7z010clg400-1
------------------------------------------------------------------------------------

Upgrade Log for IP 'system_OV_Sensor_ML_0_2'

1. Summary
----------

SUCCESS in the upgrade of system_OV_Sensor_ML_0_2 (xilinx.com:user:OV_Sensor_ML:1.0) from (Rev. 1) to (Rev. 2)

