#-----------------------------------------------------------
# Vivado v2017.4 (64-bit)
# SW Build 2086221 on Fri Dec 15 20:55:39 MST 2017
# IP Build 2085800 on Fri Dec 15 22:25:07 MST 2017
# Start of session at: Wed Nov 21 04:47:13 2018
# Process ID: 7628
# Current directory: D:/prj/pynq/zynq_prj
# Command line: vivado.exe -gui_launcher_event rodinguilauncherevent6216 D:\prj\pynq\zynq_prj\zynq_prj.xpr
# Log file: D:/prj/pynq/zynq_prj/vivado.log
# Journal file: D:/prj/pynq/zynq_prj\vivado.jou
#-----------------------------------------------------------
start_gui
open_project D:/prj/pynq/zynq_prj/zynq_prj.xpr
Scanning sources...
Finished scanning sources
INFO: [IP_Flow 19-234] Refreshing IP repositories
INFO: [IP_Flow 19-1700] Loaded user IP repository 'd:/360Downloads/project/prj_move/S03_CH03_AXI_DMA_OV7725_HDMI/ip_repo/image_process_1.0'.
INFO: [IP_Flow 19-1700] Loaded user IP repository 'd:/360Downloads/project/prj_move/S03_CH03_AXI_DMA_OV7725_HDMI/DOC/Miz_ip_lib'.
INFO: [IP_Flow 19-2313] Loaded Vivado IP repository 'D:/xilinx/Vivado/2017.4/data/ip'.
WARNING: [BD 41-1661] One or more IPs have been locked in the design 'system.bd'. Please run report_ip_status for more details and recommendations on how to fix this issue.
List of locked IPs:
system_image_process_0_0

open_project: Time (s): cpu = 00:00:39 ; elapsed = 00:00:24 . Memory (MB): peak = 916.082 ; gain = 192.500
update_compile_order -fileset sources_1
launch_sdk -workspace D:/prj/pynq/zynq_prj/zynq_prj.sdk -hwspec D:/prj/pynq/zynq_prj/zynq_prj.sdk/system_wrapper.hdf
INFO: [Vivado 12-393] Launching SDK...
INFO: [Vivado 12-417] Running xsdk -workspace D:/prj/pynq/zynq_prj/zynq_prj.sdk -hwspec D:/prj/pynq/zynq_prj/zynq_prj.sdk/system_wrapper.hdf
INFO: [Vivado 12-3157] SDK launch initiated. Please check console for any further messages.
exit
INFO: [Common 17-206] Exiting Vivado at Wed Nov 21 04:52:36 2018...
