
*** Running vivado
    with args -log top.vdi -applog -m64 -product Vivado -messageDb vivado.pb -mode batch -source top.tcl -notrace


****** Vivado v2017.4 (64-bit)
  **** SW Build 2086221 on Fri Dec 15 20:55:39 MST 2017
  **** IP Build 2085800 on Fri Dec 15 22:25:07 MST 2017
    ** Copyright 1986-2017 Xilinx, Inc. All Rights Reserved.

source top.tcl -notrace
INFO: [IP_Flow 19-234] Refreshing IP repositories
INFO: [IP_Flow 19-1700] Loaded user IP repository 'd:/prj/pynq/end/ip_repo'.
INFO: [IP_Flow 19-2313] Loaded Vivado IP repository 'D:/xilinx/Vivado/2017.4/data/ip'.
add_files: Time (s): cpu = 00:00:08 ; elapsed = 00:00:09 . Memory (MB): peak = 337.699 ; gain = 54.777
Command: link_design -top top -part xc7z020clg400-1
Design is defaulting to srcset: sources_1
Design is defaulting to constrset: constrs_1
INFO: [Project 1-454] Reading design checkpoint 'd:/prj/pynq/end/zynq_prj/zynq_prj.srcs/sources_1/bd/system/ip/system_HDMI_FPGA_ML_0_0/system_HDMI_FPGA_ML_0_0.dcp' for cell 'system_i/HDMI_FPGA_ML_0'
INFO: [Project 1-454] Reading design checkpoint 'd:/prj/pynq/end/zynq_prj/zynq_prj.srcs/sources_1/bd/system/ip/system_OV_Sensor_ML_0_2/system_OV_Sensor_ML_0_2.dcp' for cell 'system_i/OV_Sensor_ML_0'
INFO: [Project 1-454] Reading design checkpoint 'd:/prj/pynq/end/zynq_prj/zynq_prj.srcs/sources_1/bd/system/ip/system_axi_dma_0_0/system_axi_dma_0_0.dcp' for cell 'system_i/axi_dma_0'
INFO: [Project 1-454] Reading design checkpoint 'd:/prj/pynq/end/zynq_prj/zynq_prj.srcs/sources_1/bd/system/ip/system_axi_gpio_0_0/system_axi_gpio_0_0.dcp' for cell 'system_i/axi_gpio_0'
INFO: [Project 1-454] Reading design checkpoint 'd:/prj/pynq/end/zynq_prj/zynq_prj.srcs/sources_1/bd/system/ip/system_clk_wiz_0_0/system_clk_wiz_0_0.dcp' for cell 'system_i/clk_wiz_0'
INFO: [Project 1-454] Reading design checkpoint 'd:/prj/pynq/end/zynq_prj/zynq_prj.srcs/sources_1/bd/system/ip/system_image_process_0_0/system_image_process_0_0.dcp' for cell 'system_i/image_process_0'
INFO: [Project 1-454] Reading design checkpoint 'd:/prj/pynq/end/zynq_prj/zynq_prj.srcs/sources_1/bd/system/ip/system_processing_system7_0_0/system_processing_system7_0_0.dcp' for cell 'system_i/processing_system7_0'
INFO: [Project 1-454] Reading design checkpoint 'd:/prj/pynq/end/zynq_prj/zynq_prj.srcs/sources_1/bd/system/ip/system_rst_processing_system7_0_50M_0/system_rst_processing_system7_0_50M_0.dcp' for cell 'system_i/rst_processing_system7_0_50M'
INFO: [Project 1-454] Reading design checkpoint 'd:/prj/pynq/end/zynq_prj/zynq_prj.srcs/sources_1/bd/system/ip/system_v_axi4s_vid_out_0_0/system_v_axi4s_vid_out_0_0.dcp' for cell 'system_i/v_axi4s_vid_out_0'
INFO: [Project 1-454] Reading design checkpoint 'd:/prj/pynq/end/zynq_prj/zynq_prj.srcs/sources_1/bd/system/ip/system_v_tc_0_0/system_v_tc_0_0.dcp' for cell 'system_i/v_tc_0'
INFO: [Project 1-454] Reading design checkpoint 'd:/prj/pynq/end/zynq_prj/zynq_prj.srcs/sources_1/bd/system/ip/system_v_vid_in_axi4s_0_0/system_v_vid_in_axi4s_0_0.dcp' for cell 'system_i/v_vid_in_axi4s_0'
INFO: [Project 1-454] Reading design checkpoint 'd:/prj/pynq/end/zynq_prj/zynq_prj.srcs/sources_1/bd/system/ip/system_xlconcat_0_0/system_xlconcat_0_0.dcp' for cell 'system_i/xlconcat_0'
INFO: [Project 1-454] Reading design checkpoint 'd:/prj/pynq/end/zynq_prj/zynq_prj.srcs/sources_1/bd/system/ip/system_xlconstant_0_0/system_xlconstant_0_0.dcp' for cell 'system_i/xlconstant_0'
INFO: [Project 1-454] Reading design checkpoint 'd:/prj/pynq/end/zynq_prj/zynq_prj.srcs/sources_1/bd/system/ip/system_xbar_1/system_xbar_1.dcp' for cell 'system_i/axi_mem_intercon/xbar'
INFO: [Project 1-454] Reading design checkpoint 'd:/prj/pynq/end/zynq_prj/zynq_prj.srcs/sources_1/bd/system/ip/system_auto_pc_0/system_auto_pc_0.dcp' for cell 'system_i/axi_mem_intercon/m00_couplers/auto_pc'
INFO: [Project 1-454] Reading design checkpoint 'd:/prj/pynq/end/zynq_prj/zynq_prj.srcs/sources_1/bd/system/ip/system_auto_us_0/system_auto_us_0.dcp' for cell 'system_i/axi_mem_intercon/s00_couplers/auto_us'
INFO: [Project 1-454] Reading design checkpoint 'd:/prj/pynq/end/zynq_prj/zynq_prj.srcs/sources_1/bd/system/ip/system_auto_us_1/system_auto_us_1.dcp' for cell 'system_i/axi_mem_intercon/s01_couplers/auto_us'
INFO: [Project 1-454] Reading design checkpoint 'd:/prj/pynq/end/zynq_prj/zynq_prj.srcs/sources_1/bd/system/ip/system_xbar_0/system_xbar_0.dcp' for cell 'system_i/processing_system7_0_axi_periph/xbar'
INFO: [Project 1-454] Reading design checkpoint 'd:/prj/pynq/end/zynq_prj/zynq_prj.srcs/sources_1/bd/system/ip/system_auto_pc_1/system_auto_pc_1.dcp' for cell 'system_i/processing_system7_0_axi_periph/s00_couplers/auto_pc'
INFO: [Netlist 29-17] Analyzing 475 Unisim elements for replacement
INFO: [Netlist 29-28] Unisim Transformation completed in 0 CPU seconds
INFO: [Project 1-479] Netlist was created with Vivado 2017.4
INFO: [Device 21-403] Loading part xc7z020clg400-1
INFO: [Project 1-570] Preparing netlist for logic optimization
WARNING: [Opt 31-32] Removing redundant IBUF since it is not being driven by a top-level port. system_i/clk_wiz_0/inst/clkin1_ibufg 
Resolution: The tool has removed redundant IBUF. To resolve this warning, check for redundant IBUF in the input design.
WARNING: [Constraints 18-550] Could not create 'IBUF_LOW_PWR' constraint because net 'system_i/clk_wiz_0/clk_in1' is not directly connected to top level port. 'IBUF_LOW_PWR' is ignored by Vivado but preserved for implementation tool. [D:/prj/pynq/end/zynq_prj/zynq_prj.runs/impl_1/.Xil/Vivado-10212-hubbery/dcp11/system_clk_wiz_0_0.edf:334]
Parsing XDC File [d:/prj/pynq/end/zynq_prj/zynq_prj.srcs/sources_1/bd/system/ip/system_processing_system7_0_0/system_processing_system7_0_0.xdc] for cell 'system_i/processing_system7_0/inst'
Finished Parsing XDC File [d:/prj/pynq/end/zynq_prj/zynq_prj.srcs/sources_1/bd/system/ip/system_processing_system7_0_0/system_processing_system7_0_0.xdc] for cell 'system_i/processing_system7_0/inst'
Parsing XDC File [d:/prj/pynq/end/zynq_prj/zynq_prj.srcs/sources_1/bd/system/ip/system_rst_processing_system7_0_50M_0/system_rst_processing_system7_0_50M_0_board.xdc] for cell 'system_i/rst_processing_system7_0_50M/U0'
Finished Parsing XDC File [d:/prj/pynq/end/zynq_prj/zynq_prj.srcs/sources_1/bd/system/ip/system_rst_processing_system7_0_50M_0/system_rst_processing_system7_0_50M_0_board.xdc] for cell 'system_i/rst_processing_system7_0_50M/U0'
Parsing XDC File [d:/prj/pynq/end/zynq_prj/zynq_prj.srcs/sources_1/bd/system/ip/system_rst_processing_system7_0_50M_0/system_rst_processing_system7_0_50M_0.xdc] for cell 'system_i/rst_processing_system7_0_50M/U0'
Finished Parsing XDC File [d:/prj/pynq/end/zynq_prj/zynq_prj.srcs/sources_1/bd/system/ip/system_rst_processing_system7_0_50M_0/system_rst_processing_system7_0_50M_0.xdc] for cell 'system_i/rst_processing_system7_0_50M/U0'
Parsing XDC File [d:/prj/pynq/end/zynq_prj/zynq_prj.srcs/sources_1/bd/system/ip/system_axi_dma_0_0/system_axi_dma_0_0.xdc] for cell 'system_i/axi_dma_0/U0'
Finished Parsing XDC File [d:/prj/pynq/end/zynq_prj/zynq_prj.srcs/sources_1/bd/system/ip/system_axi_dma_0_0/system_axi_dma_0_0.xdc] for cell 'system_i/axi_dma_0/U0'
Parsing XDC File [d:/prj/pynq/end/zynq_prj/zynq_prj.srcs/sources_1/bd/system/ip/system_clk_wiz_0_0/system_clk_wiz_0_0_board.xdc] for cell 'system_i/clk_wiz_0/inst'
Finished Parsing XDC File [d:/prj/pynq/end/zynq_prj/zynq_prj.srcs/sources_1/bd/system/ip/system_clk_wiz_0_0/system_clk_wiz_0_0_board.xdc] for cell 'system_i/clk_wiz_0/inst'
Parsing XDC File [d:/prj/pynq/end/zynq_prj/zynq_prj.srcs/sources_1/bd/system/ip/system_clk_wiz_0_0/system_clk_wiz_0_0.xdc] for cell 'system_i/clk_wiz_0/inst'
INFO: [Timing 38-35] Done setting XDC timing constraints. [d:/prj/pynq/end/zynq_prj/zynq_prj.srcs/sources_1/bd/system/ip/system_clk_wiz_0_0/system_clk_wiz_0_0.xdc:57]
INFO: [Timing 38-2] Deriving generated clocks [d:/prj/pynq/end/zynq_prj/zynq_prj.srcs/sources_1/bd/system/ip/system_clk_wiz_0_0/system_clk_wiz_0_0.xdc:57]
get_clocks: Time (s): cpu = 00:00:18 ; elapsed = 00:00:19 . Memory (MB): peak = 1345.555 ; gain = 574.320
Finished Parsing XDC File [d:/prj/pynq/end/zynq_prj/zynq_prj.srcs/sources_1/bd/system/ip/system_clk_wiz_0_0/system_clk_wiz_0_0.xdc] for cell 'system_i/clk_wiz_0/inst'
Parsing XDC File [d:/prj/pynq/end/zynq_prj/zynq_prj.srcs/sources_1/bd/system/ip/system_axi_gpio_0_0/system_axi_gpio_0_0_board.xdc] for cell 'system_i/axi_gpio_0/U0'
Finished Parsing XDC File [d:/prj/pynq/end/zynq_prj/zynq_prj.srcs/sources_1/bd/system/ip/system_axi_gpio_0_0/system_axi_gpio_0_0_board.xdc] for cell 'system_i/axi_gpio_0/U0'
Parsing XDC File [d:/prj/pynq/end/zynq_prj/zynq_prj.srcs/sources_1/bd/system/ip/system_axi_gpio_0_0/system_axi_gpio_0_0.xdc] for cell 'system_i/axi_gpio_0/U0'
Finished Parsing XDC File [d:/prj/pynq/end/zynq_prj/zynq_prj.srcs/sources_1/bd/system/ip/system_axi_gpio_0_0/system_axi_gpio_0_0.xdc] for cell 'system_i/axi_gpio_0/U0'
Parsing XDC File [d:/prj/pynq/end/zynq_prj/zynq_prj.srcs/sources_1/bd/system/ip/system_image_process_0_0/src/fifo_block_av_gen/fifo_block_av_gen.xdc] for cell 'system_i/image_process_0/inst/unit_block_value_generator_av/unit_fifo_block_av_gen/U0'
Finished Parsing XDC File [d:/prj/pynq/end/zynq_prj/zynq_prj.srcs/sources_1/bd/system/ip/system_image_process_0_0/src/fifo_block_av_gen/fifo_block_av_gen.xdc] for cell 'system_i/image_process_0/inst/unit_block_value_generator_av/unit_fifo_block_av_gen/U0'
Parsing XDC File [d:/prj/pynq/end/zynq_prj/zynq_prj.srcs/sources_1/bd/system/ip/system_image_process_0_0/src/fifo_block_av_gen/fifo_block_av_gen.xdc] for cell 'system_i/image_process_0/inst/unit_block_value_generator_av/unit_fifo_block_bf_gen/U0'
Finished Parsing XDC File [d:/prj/pynq/end/zynq_prj/zynq_prj.srcs/sources_1/bd/system/ip/system_image_process_0_0/src/fifo_block_av_gen/fifo_block_av_gen.xdc] for cell 'system_i/image_process_0/inst/unit_block_value_generator_av/unit_fifo_block_bf_gen/U0'
Parsing XDC File [d:/prj/pynq/end/zynq_prj/zynq_prj.srcs/sources_1/bd/system/ip/system_image_process_0_0/src/fifo_backframe/fifo_backframe.xdc] for cell 'system_i/image_process_0/inst/unit_block_value_generator_av/unit_fifo_backframe/U0'
Finished Parsing XDC File [d:/prj/pynq/end/zynq_prj/zynq_prj.srcs/sources_1/bd/system/ip/system_image_process_0_0/src/fifo_backframe/fifo_backframe.xdc] for cell 'system_i/image_process_0/inst/unit_block_value_generator_av/unit_fifo_backframe/U0'
Parsing XDC File [d:/prj/pynq/end/zynq_prj/zynq_prj.srcs/sources_1/bd/system/ip/system_image_process_0_0/src/fifo_1/fifo.xdc] for cell 'system_i/image_process_0/inst/unit_fifo_0/U0'
Finished Parsing XDC File [d:/prj/pynq/end/zynq_prj/zynq_prj.srcs/sources_1/bd/system/ip/system_image_process_0_0/src/fifo_1/fifo.xdc] for cell 'system_i/image_process_0/inst/unit_fifo_0/U0'
Parsing XDC File [D:/prj/pynq/end/zynq_prj/zynq_prj.srcs/constrs_1/imports/Desktop/debug.xdc]
Finished Parsing XDC File [D:/prj/pynq/end/zynq_prj/zynq_prj.srcs/constrs_1/imports/Desktop/debug.xdc]
Parsing XDC File [D:/prj/pynq/end/zynq_prj/zynq_prj.srcs/constrs_1/new/pin.xdc]
Finished Parsing XDC File [D:/prj/pynq/end/zynq_prj/zynq_prj.srcs/constrs_1/new/pin.xdc]
INFO: [Project 1-538] Using original IP XDC constraints instead of the XDC constraints in dcp 'd:/prj/pynq/end/zynq_prj/zynq_prj.srcs/sources_1/bd/system/ip/system_axi_dma_0_0/system_axi_dma_0_0.dcp'
INFO: [Project 1-538] Using original IP XDC constraints instead of the XDC constraints in dcp 'd:/prj/pynq/end/zynq_prj/zynq_prj.srcs/sources_1/bd/system/ip/system_v_vid_in_axi4s_0_0/system_v_vid_in_axi4s_0_0.dcp'
INFO: [Project 1-538] Using original IP XDC constraints instead of the XDC constraints in dcp 'd:/prj/pynq/end/zynq_prj/zynq_prj.srcs/sources_1/bd/system/ip/system_v_axi4s_vid_out_0_0/system_v_axi4s_vid_out_0_0.dcp'
INFO: [Project 1-538] Using original IP XDC constraints instead of the XDC constraints in dcp 'd:/prj/pynq/end/zynq_prj/zynq_prj.srcs/sources_1/bd/system/ip/system_auto_pc_0/system_auto_pc_0.dcp'
Parsing XDC File [d:/prj/pynq/end/zynq_prj/zynq_prj.srcs/sources_1/bd/system/ip/system_axi_dma_0_0/system_axi_dma_0_0_clocks.xdc] for cell 'system_i/axi_dma_0/U0'
Finished Parsing XDC File [d:/prj/pynq/end/zynq_prj/zynq_prj.srcs/sources_1/bd/system/ip/system_axi_dma_0_0/system_axi_dma_0_0_clocks.xdc] for cell 'system_i/axi_dma_0/U0'
Parsing XDC File [d:/prj/pynq/end/zynq_prj/zynq_prj.srcs/sources_1/bd/system/ip/system_v_vid_in_axi4s_0_0/system_v_vid_in_axi4s_0_0_clocks.xdc] for cell 'system_i/v_vid_in_axi4s_0/inst'
Finished Parsing XDC File [d:/prj/pynq/end/zynq_prj/zynq_prj.srcs/sources_1/bd/system/ip/system_v_vid_in_axi4s_0_0/system_v_vid_in_axi4s_0_0_clocks.xdc] for cell 'system_i/v_vid_in_axi4s_0/inst'
Parsing XDC File [d:/prj/pynq/end/zynq_prj/zynq_prj.srcs/sources_1/bd/system/ip/system_v_axi4s_vid_out_0_0/system_v_axi4s_vid_out_0_0_clocks.xdc] for cell 'system_i/v_axi4s_vid_out_0/inst'
Finished Parsing XDC File [d:/prj/pynq/end/zynq_prj/zynq_prj.srcs/sources_1/bd/system/ip/system_v_axi4s_vid_out_0_0/system_v_axi4s_vid_out_0_0_clocks.xdc] for cell 'system_i/v_axi4s_vid_out_0/inst'
Parsing XDC File [d:/prj/pynq/end/zynq_prj/zynq_prj.srcs/sources_1/bd/system/ip/system_v_tc_0_0/system_v_tc_0_0_clocks.xdc] for cell 'system_i/v_tc_0/U0'
Finished Parsing XDC File [d:/prj/pynq/end/zynq_prj/zynq_prj.srcs/sources_1/bd/system/ip/system_v_tc_0_0/system_v_tc_0_0_clocks.xdc] for cell 'system_i/v_tc_0/U0'
Parsing XDC File [d:/prj/pynq/end/zynq_prj/zynq_prj.srcs/sources_1/bd/system/ip/system_auto_us_1/system_auto_us_1_clocks.xdc] for cell 'system_i/axi_mem_intercon/s01_couplers/auto_us/inst'
Finished Parsing XDC File [d:/prj/pynq/end/zynq_prj/zynq_prj.srcs/sources_1/bd/system/ip/system_auto_us_1/system_auto_us_1_clocks.xdc] for cell 'system_i/axi_mem_intercon/s01_couplers/auto_us/inst'
Parsing XDC File [d:/prj/pynq/end/zynq_prj/zynq_prj.srcs/sources_1/bd/system/ip/system_auto_us_0/system_auto_us_0_clocks.xdc] for cell 'system_i/axi_mem_intercon/s00_couplers/auto_us/inst'
Finished Parsing XDC File [d:/prj/pynq/end/zynq_prj/zynq_prj.srcs/sources_1/bd/system/ip/system_auto_us_0/system_auto_us_0_clocks.xdc] for cell 'system_i/axi_mem_intercon/s00_couplers/auto_us/inst'
Sourcing Tcl File [D:/xilinx/Vivado/2017.4/data/ip/xpm/xpm_cdc/tcl/xpm_cdc_async_rst.tcl] for cell 'system_i/axi_mem_intercon/m00_couplers/auto_pc/inst/gen_axi4_axi3.axi3_conv_inst/USE_READ.USE_SPLIT_R.read_addr_inst/USE_R_CHANNEL.cmd_queue/inst/fifo_gen_inst/inst_fifo_gen/gconvfifo.rf/grf.rf/rstblk/ngwrdrst.grst.g7serrst.gnsckt_wrst.rst_wr_reg2_inst'
Finished Sourcing Tcl File [D:/xilinx/Vivado/2017.4/data/ip/xpm/xpm_cdc/tcl/xpm_cdc_async_rst.tcl] for cell 'system_i/axi_mem_intercon/m00_couplers/auto_pc/inst/gen_axi4_axi3.axi3_conv_inst/USE_READ.USE_SPLIT_R.read_addr_inst/USE_R_CHANNEL.cmd_queue/inst/fifo_gen_inst/inst_fifo_gen/gconvfifo.rf/grf.rf/rstblk/ngwrdrst.grst.g7serrst.gnsckt_wrst.rst_wr_reg2_inst'
Sourcing Tcl File [D:/xilinx/Vivado/2017.4/data/ip/xpm/xpm_cdc/tcl/xpm_cdc_async_rst.tcl] for cell 'system_i/axi_mem_intercon/m00_couplers/auto_pc/inst/gen_axi4_axi3.axi3_conv_inst/USE_WRITE.write_addr_inst/USE_BURSTS.cmd_queue/inst/fifo_gen_inst/inst_fifo_gen/gconvfifo.rf/grf.rf/rstblk/ngwrdrst.grst.g7serrst.gnsckt_wrst.rst_wr_reg2_inst'
Finished Sourcing Tcl File [D:/xilinx/Vivado/2017.4/data/ip/xpm/xpm_cdc/tcl/xpm_cdc_async_rst.tcl] for cell 'system_i/axi_mem_intercon/m00_couplers/auto_pc/inst/gen_axi4_axi3.axi3_conv_inst/USE_WRITE.write_addr_inst/USE_BURSTS.cmd_queue/inst/fifo_gen_inst/inst_fifo_gen/gconvfifo.rf/grf.rf/rstblk/ngwrdrst.grst.g7serrst.gnsckt_wrst.rst_wr_reg2_inst'
Sourcing Tcl File [D:/xilinx/Vivado/2017.4/data/ip/xpm/xpm_cdc/tcl/xpm_cdc_async_rst.tcl] for cell 'system_i/axi_mem_intercon/m00_couplers/auto_pc/inst/gen_axi4_axi3.axi3_conv_inst/USE_WRITE.write_addr_inst/USE_B_CHANNEL.cmd_b_queue/inst/fifo_gen_inst/inst_fifo_gen/gconvfifo.rf/grf.rf/rstblk/ngwrdrst.grst.g7serrst.gnsckt_wrst.rst_wr_reg2_inst'
Finished Sourcing Tcl File [D:/xilinx/Vivado/2017.4/data/ip/xpm/xpm_cdc/tcl/xpm_cdc_async_rst.tcl] for cell 'system_i/axi_mem_intercon/m00_couplers/auto_pc/inst/gen_axi4_axi3.axi3_conv_inst/USE_WRITE.write_addr_inst/USE_B_CHANNEL.cmd_b_queue/inst/fifo_gen_inst/inst_fifo_gen/gconvfifo.rf/grf.rf/rstblk/ngwrdrst.grst.g7serrst.gnsckt_wrst.rst_wr_reg2_inst'
Sourcing Tcl File [D:/xilinx/Vivado/2017.4/data/ip/xpm/xpm_cdc/tcl/xpm_cdc_gray.tcl] for cell 'system_i/v_axi4s_vid_out_0/inst/COUPLER_INST/generate_async_fifo.FIFO_INST/XPM_FIFO_ASYNC_INST/gnuram_async_fifo.xpm_fifo_base_inst/gen_cdc_pntr.rd_pntr_cdc_inst'
Finished Sourcing Tcl File [D:/xilinx/Vivado/2017.4/data/ip/xpm/xpm_cdc/tcl/xpm_cdc_gray.tcl] for cell 'system_i/v_axi4s_vid_out_0/inst/COUPLER_INST/generate_async_fifo.FIFO_INST/XPM_FIFO_ASYNC_INST/gnuram_async_fifo.xpm_fifo_base_inst/gen_cdc_pntr.rd_pntr_cdc_inst'
Sourcing Tcl File [D:/xilinx/Vivado/2017.4/data/ip/xpm/xpm_cdc/tcl/xpm_cdc_gray.tcl] for cell 'system_i/v_axi4s_vid_out_0/inst/COUPLER_INST/generate_async_fifo.FIFO_INST/XPM_FIFO_ASYNC_INST/gnuram_async_fifo.xpm_fifo_base_inst/gen_cdc_pntr.wr_pntr_cdc_inst'
Finished Sourcing Tcl File [D:/xilinx/Vivado/2017.4/data/ip/xpm/xpm_cdc/tcl/xpm_cdc_gray.tcl] for cell 'system_i/v_axi4s_vid_out_0/inst/COUPLER_INST/generate_async_fifo.FIFO_INST/XPM_FIFO_ASYNC_INST/gnuram_async_fifo.xpm_fifo_base_inst/gen_cdc_pntr.wr_pntr_cdc_inst'
Sourcing Tcl File [D:/xilinx/Vivado/2017.4/data/ip/xpm/xpm_cdc/tcl/xpm_cdc_gray.tcl] for cell 'system_i/v_axi4s_vid_out_0/inst/COUPLER_INST/generate_async_fifo.FIFO_INST/XPM_FIFO_ASYNC_INST/gnuram_async_fifo.xpm_fifo_base_inst/gen_cdc_pntr.wr_pntr_cdc_dc_inst'
Finished Sourcing Tcl File [D:/xilinx/Vivado/2017.4/data/ip/xpm/xpm_cdc/tcl/xpm_cdc_gray.tcl] for cell 'system_i/v_axi4s_vid_out_0/inst/COUPLER_INST/generate_async_fifo.FIFO_INST/XPM_FIFO_ASYNC_INST/gnuram_async_fifo.xpm_fifo_base_inst/gen_cdc_pntr.wr_pntr_cdc_dc_inst'
Sourcing Tcl File [D:/xilinx/Vivado/2017.4/data/ip/xpm/xpm_cdc/tcl/xpm_cdc_gray.tcl] for cell 'system_i/v_axi4s_vid_out_0/inst/COUPLER_INST/generate_async_fifo.FIFO_INST/XPM_FIFO_ASYNC_INST/gnuram_async_fifo.xpm_fifo_base_inst/gen_cdc_pntr.rd_pntr_cdc_dc_inst'
Finished Sourcing Tcl File [D:/xilinx/Vivado/2017.4/data/ip/xpm/xpm_cdc/tcl/xpm_cdc_gray.tcl] for cell 'system_i/v_axi4s_vid_out_0/inst/COUPLER_INST/generate_async_fifo.FIFO_INST/XPM_FIFO_ASYNC_INST/gnuram_async_fifo.xpm_fifo_base_inst/gen_cdc_pntr.rd_pntr_cdc_dc_inst'
Sourcing Tcl File [D:/xilinx/Vivado/2017.4/data/ip/xpm/xpm_cdc/tcl/xpm_cdc_gray.tcl] for cell 'system_i/v_vid_in_axi4s_0/inst/COUPLER_INST/generate_async_fifo.FIFO_INST/XPM_FIFO_ASYNC_INST/gnuram_async_fifo.xpm_fifo_base_inst/gen_cdc_pntr.rd_pntr_cdc_inst'
Finished Sourcing Tcl File [D:/xilinx/Vivado/2017.4/data/ip/xpm/xpm_cdc/tcl/xpm_cdc_gray.tcl] for cell 'system_i/v_vid_in_axi4s_0/inst/COUPLER_INST/generate_async_fifo.FIFO_INST/XPM_FIFO_ASYNC_INST/gnuram_async_fifo.xpm_fifo_base_inst/gen_cdc_pntr.rd_pntr_cdc_inst'
Sourcing Tcl File [D:/xilinx/Vivado/2017.4/data/ip/xpm/xpm_cdc/tcl/xpm_cdc_gray.tcl] for cell 'system_i/v_vid_in_axi4s_0/inst/COUPLER_INST/generate_async_fifo.FIFO_INST/XPM_FIFO_ASYNC_INST/gnuram_async_fifo.xpm_fifo_base_inst/gen_cdc_pntr.wr_pntr_cdc_inst'
Finished Sourcing Tcl File [D:/xilinx/Vivado/2017.4/data/ip/xpm/xpm_cdc/tcl/xpm_cdc_gray.tcl] for cell 'system_i/v_vid_in_axi4s_0/inst/COUPLER_INST/generate_async_fifo.FIFO_INST/XPM_FIFO_ASYNC_INST/gnuram_async_fifo.xpm_fifo_base_inst/gen_cdc_pntr.wr_pntr_cdc_inst'
Sourcing Tcl File [D:/xilinx/Vivado/2017.4/data/ip/xpm/xpm_cdc/tcl/xpm_cdc_gray.tcl] for cell 'system_i/v_vid_in_axi4s_0/inst/COUPLER_INST/generate_async_fifo.FIFO_INST/XPM_FIFO_ASYNC_INST/gnuram_async_fifo.xpm_fifo_base_inst/gen_cdc_pntr.wr_pntr_cdc_dc_inst'
Finished Sourcing Tcl File [D:/xilinx/Vivado/2017.4/data/ip/xpm/xpm_cdc/tcl/xpm_cdc_gray.tcl] for cell 'system_i/v_vid_in_axi4s_0/inst/COUPLER_INST/generate_async_fifo.FIFO_INST/XPM_FIFO_ASYNC_INST/gnuram_async_fifo.xpm_fifo_base_inst/gen_cdc_pntr.wr_pntr_cdc_dc_inst'
Sourcing Tcl File [D:/xilinx/Vivado/2017.4/data/ip/xpm/xpm_cdc/tcl/xpm_cdc_gray.tcl] for cell 'system_i/v_vid_in_axi4s_0/inst/COUPLER_INST/generate_async_fifo.FIFO_INST/XPM_FIFO_ASYNC_INST/gnuram_async_fifo.xpm_fifo_base_inst/gen_cdc_pntr.rd_pntr_cdc_dc_inst'
Finished Sourcing Tcl File [D:/xilinx/Vivado/2017.4/data/ip/xpm/xpm_cdc/tcl/xpm_cdc_gray.tcl] for cell 'system_i/v_vid_in_axi4s_0/inst/COUPLER_INST/generate_async_fifo.FIFO_INST/XPM_FIFO_ASYNC_INST/gnuram_async_fifo.xpm_fifo_base_inst/gen_cdc_pntr.rd_pntr_cdc_dc_inst'
Sourcing Tcl File [D:/xilinx/Vivado/2017.4/data/ip/xpm/xpm_cdc/tcl/xpm_cdc_single.tcl] for cell 'system_i/v_axi4s_vid_out_0/inst/CDC_SINGLE_REMAP_UNDERFLOW_INST/xpm_cdc_single_inst'
Finished Sourcing Tcl File [D:/xilinx/Vivado/2017.4/data/ip/xpm/xpm_cdc/tcl/xpm_cdc_single.tcl] for cell 'system_i/v_axi4s_vid_out_0/inst/CDC_SINGLE_REMAP_UNDERFLOW_INST/xpm_cdc_single_inst'
Sourcing Tcl File [D:/xilinx/Vivado/2017.4/data/ip/xpm/xpm_cdc/tcl/xpm_cdc_single.tcl] for cell 'system_i/v_vid_in_axi4s_0/inst/CDC_SINGLE_REMAP_OVERFLOW_INST/xpm_cdc_single_inst'
Finished Sourcing Tcl File [D:/xilinx/Vivado/2017.4/data/ip/xpm/xpm_cdc/tcl/xpm_cdc_single.tcl] for cell 'system_i/v_vid_in_axi4s_0/inst/CDC_SINGLE_REMAP_OVERFLOW_INST/xpm_cdc_single_inst'
Sourcing Tcl File [D:/xilinx/Vivado/2017.4/data/ip/xpm/xpm_cdc/tcl/xpm_cdc_single.tcl] for cell 'system_i/v_vid_in_axi4s_0/inst/CDC_SINGLE_COUPLER_OVERFLOW_INST/xpm_cdc_single_inst'
Finished Sourcing Tcl File [D:/xilinx/Vivado/2017.4/data/ip/xpm/xpm_cdc/tcl/xpm_cdc_single.tcl] for cell 'system_i/v_vid_in_axi4s_0/inst/CDC_SINGLE_COUPLER_OVERFLOW_INST/xpm_cdc_single_inst'
Sourcing Tcl File [D:/xilinx/Vivado/2017.4/data/ip/xpm/xpm_cdc/tcl/xpm_cdc_sync_rst.tcl] for cell 'system_i/v_axi4s_vid_out_0/inst/COUPLER_INST/generate_async_fifo.FIFO_INST/XPM_FIFO_ASYNC_INST/gnuram_async_fifo.xpm_fifo_base_inst/xpm_fifo_rst_inst/gen_rst_ic.rrst_wr_inst'
Finished Sourcing Tcl File [D:/xilinx/Vivado/2017.4/data/ip/xpm/xpm_cdc/tcl/xpm_cdc_sync_rst.tcl] for cell 'system_i/v_axi4s_vid_out_0/inst/COUPLER_INST/generate_async_fifo.FIFO_INST/XPM_FIFO_ASYNC_INST/gnuram_async_fifo.xpm_fifo_base_inst/xpm_fifo_rst_inst/gen_rst_ic.rrst_wr_inst'
Sourcing Tcl File [D:/xilinx/Vivado/2017.4/data/ip/xpm/xpm_cdc/tcl/xpm_cdc_sync_rst.tcl] for cell 'system_i/v_axi4s_vid_out_0/inst/COUPLER_INST/generate_async_fifo.FIFO_INST/XPM_FIFO_ASYNC_INST/gnuram_async_fifo.xpm_fifo_base_inst/xpm_fifo_rst_inst/gen_rst_ic.wrst_rd_inst'
Finished Sourcing Tcl File [D:/xilinx/Vivado/2017.4/data/ip/xpm/xpm_cdc/tcl/xpm_cdc_sync_rst.tcl] for cell 'system_i/v_axi4s_vid_out_0/inst/COUPLER_INST/generate_async_fifo.FIFO_INST/XPM_FIFO_ASYNC_INST/gnuram_async_fifo.xpm_fifo_base_inst/xpm_fifo_rst_inst/gen_rst_ic.wrst_rd_inst'
Sourcing Tcl File [D:/xilinx/Vivado/2017.4/data/ip/xpm/xpm_cdc/tcl/xpm_cdc_sync_rst.tcl] for cell 'system_i/v_vid_in_axi4s_0/inst/COUPLER_INST/generate_async_fifo.FIFO_INST/XPM_FIFO_ASYNC_INST/gnuram_async_fifo.xpm_fifo_base_inst/xpm_fifo_rst_inst/gen_rst_ic.rrst_wr_inst'
Finished Sourcing Tcl File [D:/xilinx/Vivado/2017.4/data/ip/xpm/xpm_cdc/tcl/xpm_cdc_sync_rst.tcl] for cell 'system_i/v_vid_in_axi4s_0/inst/COUPLER_INST/generate_async_fifo.FIFO_INST/XPM_FIFO_ASYNC_INST/gnuram_async_fifo.xpm_fifo_base_inst/xpm_fifo_rst_inst/gen_rst_ic.rrst_wr_inst'
Sourcing Tcl File [D:/xilinx/Vivado/2017.4/data/ip/xpm/xpm_cdc/tcl/xpm_cdc_sync_rst.tcl] for cell 'system_i/v_vid_in_axi4s_0/inst/COUPLER_INST/generate_async_fifo.FIFO_INST/XPM_FIFO_ASYNC_INST/gnuram_async_fifo.xpm_fifo_base_inst/xpm_fifo_rst_inst/gen_rst_ic.wrst_rd_inst'
Finished Sourcing Tcl File [D:/xilinx/Vivado/2017.4/data/ip/xpm/xpm_cdc/tcl/xpm_cdc_sync_rst.tcl] for cell 'system_i/v_vid_in_axi4s_0/inst/COUPLER_INST/generate_async_fifo.FIFO_INST/XPM_FIFO_ASYNC_INST/gnuram_async_fifo.xpm_fifo_base_inst/xpm_fifo_rst_inst/gen_rst_ic.wrst_rd_inst'
Sourcing Tcl File [D:/xilinx/Vivado/2017.4/data/ip/xpm/xpm_fifo/tcl/xpm_fifo_rst.tcl] for cell 'system_i/axi_dma_0/U0/I_PRMRY_DATAMOVER/GEN_MM2S_FULL.I_MM2S_FULL_WRAPPER/GEN_INCLUDE_MM2S_SF.I_RD_SF/I_DATA_FIFO/BLK_MEM.I_SYNC_FIFOGEN_FIFO/xpm_fifo_instance.xpm_fifo_sync_inst/xpm_fifo_base_inst'
Finished Sourcing Tcl File [D:/xilinx/Vivado/2017.4/data/ip/xpm/xpm_fifo/tcl/xpm_fifo_rst.tcl] for cell 'system_i/axi_dma_0/U0/I_PRMRY_DATAMOVER/GEN_MM2S_FULL.I_MM2S_FULL_WRAPPER/GEN_INCLUDE_MM2S_SF.I_RD_SF/I_DATA_FIFO/BLK_MEM.I_SYNC_FIFOGEN_FIFO/xpm_fifo_instance.xpm_fifo_sync_inst/xpm_fifo_base_inst'
Sourcing Tcl File [D:/xilinx/Vivado/2017.4/data/ip/xpm/xpm_fifo/tcl/xpm_fifo_rst.tcl] for cell 'system_i/axi_dma_0/U0/I_PRMRY_DATAMOVER/GEN_S2MM_FULL.I_S2MM_FULL_WRAPPER/GEN_ENABLE_INDET_BTT_SF.I_INDET_BTT/I_XD_FIFO/NON_BLK_MEM.I_SYNC_FIFOGEN_FIFO/xpm_fifo_instance.xpm_fifo_sync_inst/xpm_fifo_base_inst'
Finished Sourcing Tcl File [D:/xilinx/Vivado/2017.4/data/ip/xpm/xpm_fifo/tcl/xpm_fifo_rst.tcl] for cell 'system_i/axi_dma_0/U0/I_PRMRY_DATAMOVER/GEN_S2MM_FULL.I_S2MM_FULL_WRAPPER/GEN_ENABLE_INDET_BTT_SF.I_INDET_BTT/I_XD_FIFO/NON_BLK_MEM.I_SYNC_FIFOGEN_FIFO/xpm_fifo_instance.xpm_fifo_sync_inst/xpm_fifo_base_inst'
Sourcing Tcl File [D:/xilinx/Vivado/2017.4/data/ip/xpm/xpm_fifo/tcl/xpm_fifo_rst.tcl] for cell 'system_i/axi_dma_0/U0/I_PRMRY_DATAMOVER/GEN_S2MM_FULL.I_S2MM_FULL_WRAPPER/GEN_ENABLE_INDET_BTT_SF.I_INDET_BTT/I_DATA_FIFO/BLK_MEM.I_SYNC_FIFOGEN_FIFO/xpm_fifo_instance.xpm_fifo_sync_inst/xpm_fifo_base_inst'
Finished Sourcing Tcl File [D:/xilinx/Vivado/2017.4/data/ip/xpm/xpm_fifo/tcl/xpm_fifo_rst.tcl] for cell 'system_i/axi_dma_0/U0/I_PRMRY_DATAMOVER/GEN_S2MM_FULL.I_S2MM_FULL_WRAPPER/GEN_ENABLE_INDET_BTT_SF.I_INDET_BTT/I_DATA_FIFO/BLK_MEM.I_SYNC_FIFOGEN_FIFO/xpm_fifo_instance.xpm_fifo_sync_inst/xpm_fifo_base_inst'
Sourcing Tcl File [D:/xilinx/Vivado/2017.4/data/ip/xpm/xpm_fifo/tcl/xpm_fifo_rst.tcl] for cell 'system_i/v_axi4s_vid_out_0/inst/COUPLER_INST/generate_async_fifo.FIFO_INST/XPM_FIFO_ASYNC_INST/gnuram_async_fifo.xpm_fifo_base_inst'
Finished Sourcing Tcl File [D:/xilinx/Vivado/2017.4/data/ip/xpm/xpm_fifo/tcl/xpm_fifo_rst.tcl] for cell 'system_i/v_axi4s_vid_out_0/inst/COUPLER_INST/generate_async_fifo.FIFO_INST/XPM_FIFO_ASYNC_INST/gnuram_async_fifo.xpm_fifo_base_inst'
Sourcing Tcl File [D:/xilinx/Vivado/2017.4/data/ip/xpm/xpm_fifo/tcl/xpm_fifo_rst.tcl] for cell 'system_i/v_vid_in_axi4s_0/inst/COUPLER_INST/generate_async_fifo.FIFO_INST/XPM_FIFO_ASYNC_INST/gnuram_async_fifo.xpm_fifo_base_inst'
Finished Sourcing Tcl File [D:/xilinx/Vivado/2017.4/data/ip/xpm/xpm_fifo/tcl/xpm_fifo_rst.tcl] for cell 'system_i/v_vid_in_axi4s_0/inst/COUPLER_INST/generate_async_fifo.FIFO_INST/XPM_FIFO_ASYNC_INST/gnuram_async_fifo.xpm_fifo_base_inst'
INFO: [Opt 31-138] Pushed 0 inverter(s) to 0 load pin(s).
INFO: [Project 1-111] Unisim Transformation Summary:
  A total of 15 instances were transformed.
  IOBUF => IOBUF (IBUF, OBUFT): 2 instances
  OBUFDS => OBUFDS: 4 instances
  RAM32M => RAM32M (RAMD32, RAMD32, RAMD32, RAMD32, RAMD32, RAMD32, RAMS32, RAMS32): 8 instances
  RAM32X1D => RAM32X1D (RAMD32, RAMD32): 1 instances

35 Infos, 2 Warnings, 0 Critical Warnings and 0 Errors encountered.
link_design completed successfully
link_design: Time (s): cpu = 00:00:47 ; elapsed = 00:00:53 . Memory (MB): peak = 1346.059 ; gain = 1008.359
Command: opt_design
Attempting to get a license for feature 'Implementation' and/or device 'xc7z020'
INFO: [Common 17-349] Got license for feature 'Implementation' and/or device 'xc7z020'
Running DRC as a precondition to command opt_design

Starting DRC Task
INFO: [DRC 23-27] Running DRC with 2 threads
INFO: [Project 1-461] DRC finished with 0 Errors
INFO: [Project 1-462] Please refer to the DRC report (report_drc) for more information.

Time (s): cpu = 00:00:02 ; elapsed = 00:00:02 . Memory (MB): peak = 1346.059 ; gain = 0.000
INFO: [Timing 38-35] Done setting XDC timing constraints.

Starting Logic Optimization Task

Phase 1 Retarget
INFO: [Opt 31-138] Pushed 7 inverter(s) to 81 load pin(s).
INFO: [Opt 31-49] Retargeted 0 cell(s).
Phase 1 Retarget | Checksum: 15c743051

Time (s): cpu = 00:00:02 ; elapsed = 00:00:03 . Memory (MB): peak = 1346.059 ; gain = 0.000
INFO: [Opt 31-389] Phase Retarget created 46 cells and removed 155 cells

Phase 2 Constant propagation
INFO: [Opt 31-138] Pushed 6 inverter(s) to 20 load pin(s).
Phase 2 Constant propagation | Checksum: 13c74d274

Time (s): cpu = 00:00:03 ; elapsed = 00:00:04 . Memory (MB): peak = 1346.059 ; gain = 0.000
INFO: [Opt 31-389] Phase Constant propagation created 280 cells and removed 894 cells

Phase 3 Sweep
Phase 3 Sweep | Checksum: 18c5b739a

Time (s): cpu = 00:00:06 ; elapsed = 00:00:06 . Memory (MB): peak = 1346.059 ; gain = 0.000
INFO: [Opt 31-389] Phase Sweep created 3 cells and removed 1341 cells

Phase 4 BUFG optimization
Phase 4 BUFG optimization | Checksum: 18c5b739a

Time (s): cpu = 00:00:06 ; elapsed = 00:00:07 . Memory (MB): peak = 1346.059 ; gain = 0.000
INFO: [Opt 31-389] Phase BUFG optimization created 0 cells and removed 0 cells

Phase 5 Shift Register Optimization
Phase 5 Shift Register Optimization | Checksum: 18c5b739a

Time (s): cpu = 00:00:07 ; elapsed = 00:00:07 . Memory (MB): peak = 1346.059 ; gain = 0.000
INFO: [Opt 31-389] Phase Shift Register Optimization created 0 cells and removed 0 cells

Starting Connectivity Check Task

Time (s): cpu = 00:00:00 ; elapsed = 00:00:00.065 . Memory (MB): peak = 1346.059 ; gain = 0.000
Ending Logic Optimization Task | Checksum: 1fc1c5819

Time (s): cpu = 00:00:08 ; elapsed = 00:00:08 . Memory (MB): peak = 1346.059 ; gain = 0.000

Starting Power Optimization Task
INFO: [Pwropt 34-132] Skipping clock gating for clocks with a period < 2.00 ns.
INFO: [Timing 38-35] Done setting XDC timing constraints.
INFO: [Pwropt 34-9] Applying IDT optimizations ...
INFO: [Pwropt 34-10] Applying ODC optimizations ...
INFO: [Physopt 32-619] Estimated Timing Summary | WNS=2.511 | TNS=0.000 |
Running Vector-less Activity Propagation...

Finished Running Vector-less Activity Propagation


Starting PowerOpt Patch Enables Task
INFO: [Pwropt 34-162] WRITE_MODE attribute of 36 BRAM(s) out of a total of 43 has been updated to save power. Run report_power_opt to get a complete listing of the BRAMs updated.
INFO: [Pwropt 34-201] Structural ODC has moved 0 WE to EN ports
Number of BRAM Ports augmented: 43 newly gated: 0 Total Ports: 86
Number of Flops added for Enable Generation: 2

Ending PowerOpt Patch Enables Task | Checksum: 1a5d59a6b

Time (s): cpu = 00:00:00 ; elapsed = 00:00:00.766 . Memory (MB): peak = 1696.809 ; gain = 0.000
Ending Power Optimization Task | Checksum: 1a5d59a6b

Time (s): cpu = 00:00:24 ; elapsed = 00:00:15 . Memory (MB): peak = 1696.809 ; gain = 350.750

Starting Logic Optimization Task
INFO: [Timing 38-35] Done setting XDC timing constraints.

Phase 1 Remap
Phase 1 Remap | Checksum: 2394e3097

Time (s): cpu = 00:00:03 ; elapsed = 00:00:02 . Memory (MB): peak = 1696.809 ; gain = 0.000
INFO: [Opt 31-389] Phase Remap created 2 cells and removed 6 cells
Ending Logic Optimization Task | Checksum: 2394e3097

Time (s): cpu = 00:00:03 ; elapsed = 00:00:02 . Memory (MB): peak = 1696.809 ; gain = 0.000
INFO: [Common 17-83] Releasing license: Implementation
58 Infos, 2 Warnings, 0 Critical Warnings and 0 Errors encountered.
opt_design completed successfully
opt_design: Time (s): cpu = 00:00:40 ; elapsed = 00:00:30 . Memory (MB): peak = 1696.809 ; gain = 350.750
Writing placer database...
Writing XDEF routing.
Writing XDEF routing logical nets.
Writing XDEF routing special nets.
Write XDEF Complete: Time (s): cpu = 00:00:01 ; elapsed = 00:00:00.234 . Memory (MB): peak = 1696.809 ; gain = 0.000
INFO: [Common 17-1381] The checkpoint 'D:/prj/pynq/end/zynq_prj/zynq_prj.runs/impl_1/top_opt.dcp' has been generated.
INFO: [runtcl-4] Executing : report_drc -file top_drc_opted.rpt -pb top_drc_opted.pb -rpx top_drc_opted.rpx
Command: report_drc -file top_drc_opted.rpt -pb top_drc_opted.pb -rpx top_drc_opted.rpx
INFO: [IP_Flow 19-1839] IP Catalog is up to date.
INFO: [DRC 23-27] Running DRC with 2 threads
INFO: [Coretcl 2-168] The results of DRC are in file D:/prj/pynq/end/zynq_prj/zynq_prj.runs/impl_1/top_drc_opted.rpt.
report_drc completed successfully
report_drc: Time (s): cpu = 00:00:08 ; elapsed = 00:00:05 . Memory (MB): peak = 1696.809 ; gain = 0.000
INFO: [Chipscope 16-241] No debug cores found in the current design.
Before running the implement_debug_core command, either use the Set Up Debug wizard (GUI mode)
or use the create_debug_core and connect_debug_core Tcl commands to insert debug cores into the design.
Command: place_design
Attempting to get a license for feature 'Implementation' and/or device 'xc7z020'
INFO: [Common 17-349] Got license for feature 'Implementation' and/or device 'xc7z020'
INFO: [DRC 23-27] Running DRC with 2 threads
INFO: [Vivado_Tcl 4-198] DRC finished with 0 Errors
INFO: [Vivado_Tcl 4-199] Please refer to the DRC report (report_drc) for more information.
Running DRC as a precondition to command place_design
INFO: [DRC 23-27] Running DRC with 2 threads
INFO: [Vivado_Tcl 4-198] DRC finished with 0 Errors
INFO: [Vivado_Tcl 4-199] Please refer to the DRC report (report_drc) for more information.

Starting Placer Task
INFO: [Place 30-611] Multithreading enabled for place_design using a maximum of 2 CPUs

Phase 1 Placer Initialization

Phase 1.1 Placer Initialization Netlist Sorting
Netlist sorting complete. Time (s): cpu = 00:00:00 ; elapsed = 00:00:00.043 . Memory (MB): peak = 1696.809 ; gain = 0.000
Phase 1.1 Placer Initialization Netlist Sorting | Checksum: 18e9e822b

Time (s): cpu = 00:00:00 ; elapsed = 00:00:00.162 . Memory (MB): peak = 1696.809 ; gain = 0.000
INFO: [Timing 38-35] Done setting XDC timing constraints.
INFO: [Opt 31-138] Pushed 0 inverter(s) to 0 load pin(s).
Netlist sorting complete. Time (s): cpu = 00:00:00 ; elapsed = 00:00:00.042 . Memory (MB): peak = 1696.809 ; gain = 0.000

Phase 1.2 IO Placement/ Clock Placement/ Build Placer Device
INFO: [Timing 38-35] Done setting XDC timing constraints.
Phase 1.2 IO Placement/ Clock Placement/ Build Placer Device | Checksum: 1b8ab0c5e

Time (s): cpu = 00:00:10 ; elapsed = 00:00:09 . Memory (MB): peak = 1696.809 ; gain = 0.000

Phase 1.3 Build Placer Netlist Model
Phase 1.3 Build Placer Netlist Model | Checksum: 2159909c6

Time (s): cpu = 00:00:16 ; elapsed = 00:00:14 . Memory (MB): peak = 1696.809 ; gain = 0.000

Phase 1.4 Constrain Clocks/Macros
Phase 1.4 Constrain Clocks/Macros | Checksum: 2159909c6

Time (s): cpu = 00:00:16 ; elapsed = 00:00:14 . Memory (MB): peak = 1696.809 ; gain = 0.000
Phase 1 Placer Initialization | Checksum: 2159909c6

Time (s): cpu = 00:00:16 ; elapsed = 00:00:14 . Memory (MB): peak = 1696.809 ; gain = 0.000

Phase 2 Global Placement
Phase 2 Global Placement | Checksum: 260f5ef58

Time (s): cpu = 00:00:36 ; elapsed = 00:00:27 . Memory (MB): peak = 1696.809 ; gain = 0.000

Phase 3 Detail Placement

Phase 3.1 Commit Multi Column Macros
Phase 3.1 Commit Multi Column Macros | Checksum: 260f5ef58

Time (s): cpu = 00:00:36 ; elapsed = 00:00:28 . Memory (MB): peak = 1696.809 ; gain = 0.000

Phase 3.2 Commit Most Macros & LUTRAMs
Phase 3.2 Commit Most Macros & LUTRAMs | Checksum: 279372f06

Time (s): cpu = 00:00:40 ; elapsed = 00:00:30 . Memory (MB): peak = 1696.809 ; gain = 0.000

Phase 3.3 Area Swap Optimization
Phase 3.3 Area Swap Optimization | Checksum: 2303ec0d0

Time (s): cpu = 00:00:40 ; elapsed = 00:00:30 . Memory (MB): peak = 1696.809 ; gain = 0.000

Phase 3.4 Pipeline Register Optimization
Phase 3.4 Pipeline Register Optimization | Checksum: 22ffac047

Time (s): cpu = 00:00:40 ; elapsed = 00:00:31 . Memory (MB): peak = 1696.809 ; gain = 0.000

Phase 3.5 Small Shape Detail Placement
Phase 3.5 Small Shape Detail Placement | Checksum: 18b0173e9

Time (s): cpu = 00:00:45 ; elapsed = 00:00:35 . Memory (MB): peak = 1696.809 ; gain = 0.000

Phase 3.6 Re-assign LUT pins
Phase 3.6 Re-assign LUT pins | Checksum: 1fb273250

Time (s): cpu = 00:00:45 ; elapsed = 00:00:36 . Memory (MB): peak = 1696.809 ; gain = 0.000

Phase 3.7 Pipeline Register Optimization
Phase 3.7 Pipeline Register Optimization | Checksum: 1e1aa0bf5

Time (s): cpu = 00:00:45 ; elapsed = 00:00:36 . Memory (MB): peak = 1696.809 ; gain = 0.000
Phase 3 Detail Placement | Checksum: 1e1aa0bf5

Time (s): cpu = 00:00:45 ; elapsed = 00:00:36 . Memory (MB): peak = 1696.809 ; gain = 0.000

Phase 4 Post Placement Optimization and Clean-Up

Phase 4.1 Post Commit Optimization
INFO: [Timing 38-35] Done setting XDC timing constraints.

Phase 4.1.1 Post Placement Optimization
Post Placement Optimization Initialization | Checksum: 141c44c11

Phase 4.1.1.1 BUFG Insertion
INFO: [Physopt 32-721] Multithreading enabled for phys_opt_design using a maximum of 2 CPUs
INFO: [Place 46-31] BUFG insertion identified 0 candidate nets, 0 success, 0 skipped for placement/routing, 0 skipped for timing, 0 skipped for netlist change reason.
Phase 4.1.1.1 BUFG Insertion | Checksum: 141c44c11

Time (s): cpu = 00:00:52 ; elapsed = 00:00:41 . Memory (MB): peak = 1696.809 ; gain = 0.000
INFO: [Place 30-746] Post Placement Timing Summary WNS=0.784. For the most accurate timing information please run report_timing.
Phase 4.1.1 Post Placement Optimization | Checksum: 17affb22d

Time (s): cpu = 00:00:53 ; elapsed = 00:00:42 . Memory (MB): peak = 1696.809 ; gain = 0.000
Phase 4.1 Post Commit Optimization | Checksum: 17affb22d

Time (s): cpu = 00:00:53 ; elapsed = 00:00:42 . Memory (MB): peak = 1696.809 ; gain = 0.000

Phase 4.2 Post Placement Cleanup
Phase 4.2 Post Placement Cleanup | Checksum: 17affb22d

Time (s): cpu = 00:00:53 ; elapsed = 00:00:42 . Memory (MB): peak = 1696.809 ; gain = 0.000

Phase 4.3 Placer Reporting
Phase 4.3 Placer Reporting | Checksum: 17affb22d

Time (s): cpu = 00:00:53 ; elapsed = 00:00:42 . Memory (MB): peak = 1696.809 ; gain = 0.000

Phase 4.4 Final Placement Cleanup
Phase 4.4 Final Placement Cleanup | Checksum: 146601ced

Time (s): cpu = 00:00:53 ; elapsed = 00:00:42 . Memory (MB): peak = 1696.809 ; gain = 0.000
Phase 4 Post Placement Optimization and Clean-Up | Checksum: 146601ced

Time (s): cpu = 00:00:53 ; elapsed = 00:00:42 . Memory (MB): peak = 1696.809 ; gain = 0.000
Ending Placer Task | Checksum: 6a57ae41

Time (s): cpu = 00:00:53 ; elapsed = 00:00:42 . Memory (MB): peak = 1696.809 ; gain = 0.000
INFO: [Common 17-83] Releasing license: Implementation
80 Infos, 2 Warnings, 0 Critical Warnings and 0 Errors encountered.
place_design completed successfully
place_design: Time (s): cpu = 00:00:58 ; elapsed = 00:00:46 . Memory (MB): peak = 1696.809 ; gain = 0.000
Writing placer database...
Writing XDEF routing.
Writing XDEF routing logical nets.
Writing XDEF routing special nets.
Write XDEF Complete: Time (s): cpu = 00:00:06 ; elapsed = 00:00:02 . Memory (MB): peak = 1696.809 ; gain = 0.000
INFO: [Common 17-1381] The checkpoint 'D:/prj/pynq/end/zynq_prj/zynq_prj.runs/impl_1/top_placed.dcp' has been generated.
write_checkpoint: Time (s): cpu = 00:00:11 ; elapsed = 00:00:05 . Memory (MB): peak = 1696.809 ; gain = 0.000
INFO: [runtcl-4] Executing : report_io -file top_io_placed.rpt
report_io: Time (s): cpu = 00:00:00 ; elapsed = 00:00:00.126 . Memory (MB): peak = 1696.809 ; gain = 0.000
INFO: [runtcl-4] Executing : report_utilization -file top_utilization_placed.rpt -pb top_utilization_placed.pb
report_utilization: Time (s): cpu = 00:00:00 ; elapsed = 00:00:00.191 . Memory (MB): peak = 1696.809 ; gain = 0.000
INFO: [runtcl-4] Executing : report_control_sets -verbose -file top_control_sets_placed.rpt
report_control_sets: Time (s): cpu = 00:00:00 ; elapsed = 00:00:00.056 . Memory (MB): peak = 1696.809 ; gain = 0.000
Command: route_design
Attempting to get a license for feature 'Implementation' and/or device 'xc7z020'
INFO: [Common 17-349] Got license for feature 'Implementation' and/or device 'xc7z020'
Running DRC as a precondition to command route_design
INFO: [DRC 23-27] Running DRC with 2 threads
INFO: [Vivado_Tcl 4-198] DRC finished with 0 Errors
INFO: [Vivado_Tcl 4-199] Please refer to the DRC report (report_drc) for more information.


Starting Routing Task
INFO: [Route 35-254] Multithreading enabled for route_design using a maximum of 2 CPUs
Checksum: PlaceDB: 3b397c55 ConstDB: 0 ShapeSum: 2f1e31ec RouteDB: 0

Phase 1 Build RT Design
Phase 1 Build RT Design | Checksum: e15f046f

Time (s): cpu = 00:00:47 ; elapsed = 00:00:40 . Memory (MB): peak = 1696.809 ; gain = 0.000
Post Restoration Checksum: NetGraph: b64eabd1 NumContArr: 2b10589e Constraints: 0 Timing: 0

Phase 2 Router Initialization

Phase 2.1 Create Timer
Phase 2.1 Create Timer | Checksum: e15f046f

Time (s): cpu = 00:00:47 ; elapsed = 00:00:41 . Memory (MB): peak = 1696.809 ; gain = 0.000

Phase 2.2 Fix Topology Constraints
Phase 2.2 Fix Topology Constraints | Checksum: e15f046f

Time (s): cpu = 00:00:48 ; elapsed = 00:00:41 . Memory (MB): peak = 1696.809 ; gain = 0.000

Phase 2.3 Pre Route Cleanup
Phase 2.3 Pre Route Cleanup | Checksum: e15f046f

Time (s): cpu = 00:00:48 ; elapsed = 00:00:41 . Memory (MB): peak = 1696.809 ; gain = 0.000
 Number of Nodes with overlaps = 0

Phase 2.4 Update Timing
Phase 2.4 Update Timing | Checksum: a743644c

Time (s): cpu = 00:00:56 ; elapsed = 00:00:47 . Memory (MB): peak = 1696.809 ; gain = 0.000
INFO: [Route 35-416] Intermediate Timing Summary | WNS=0.924  | TNS=0.000  | WHS=-0.338 | THS=-228.797|


Phase 2.5 Update Timing for Bus Skew

Phase 2.5.1 Update Timing
Phase 2.5.1 Update Timing | Checksum: c0287829

Time (s): cpu = 00:01:01 ; elapsed = 00:00:50 . Memory (MB): peak = 1696.809 ; gain = 0.000
INFO: [Route 35-416] Intermediate Timing Summary | WNS=0.924  | TNS=0.000  | WHS=N/A    | THS=N/A    |

Phase 2.5 Update Timing for Bus Skew | Checksum: fbb9af40

Time (s): cpu = 00:01:01 ; elapsed = 00:00:50 . Memory (MB): peak = 1696.809 ; gain = 0.000
Phase 2 Router Initialization | Checksum: f5f5279e

Time (s): cpu = 00:01:01 ; elapsed = 00:00:50 . Memory (MB): peak = 1696.809 ; gain = 0.000

Phase 3 Initial Routing
Phase 3 Initial Routing | Checksum: 1f5adf2ce

Time (s): cpu = 00:01:07 ; elapsed = 00:00:53 . Memory (MB): peak = 1696.809 ; gain = 0.000

Phase 4 Rip-up And Reroute

Phase 4.1 Global Iteration 0
 Number of Nodes with overlaps = 830
 Number of Nodes with overlaps = 63
 Number of Nodes with overlaps = 2
 Number of Nodes with overlaps = 1
 Number of Nodes with overlaps = 0
INFO: [Route 35-416] Intermediate Timing Summary | WNS=0.937  | TNS=0.000  | WHS=N/A    | THS=N/A    |

Phase 4.1 Global Iteration 0 | Checksum: badb3866

Time (s): cpu = 00:01:18 ; elapsed = 00:01:00 . Memory (MB): peak = 1696.809 ; gain = 0.000

Phase 4.2 Global Iteration 1
 Number of Nodes with overlaps = 6
 Number of Nodes with overlaps = 2
 Number of Nodes with overlaps = 1
 Number of Nodes with overlaps = 0
INFO: [Route 35-416] Intermediate Timing Summary | WNS=1.018  | TNS=0.000  | WHS=N/A    | THS=N/A    |

Phase 4.2 Global Iteration 1 | Checksum: 18e32ed9a

Time (s): cpu = 00:01:20 ; elapsed = 00:01:01 . Memory (MB): peak = 1696.809 ; gain = 0.000
Phase 4 Rip-up And Reroute | Checksum: 18e32ed9a

Time (s): cpu = 00:01:20 ; elapsed = 00:01:01 . Memory (MB): peak = 1696.809 ; gain = 0.000

Phase 5 Delay and Skew Optimization

Phase 5.1 Delay CleanUp
Phase 5.1 Delay CleanUp | Checksum: 18e32ed9a

Time (s): cpu = 00:01:20 ; elapsed = 00:01:01 . Memory (MB): peak = 1696.809 ; gain = 0.000

Phase 5.2 Clock Skew Optimization
Phase 5.2 Clock Skew Optimization | Checksum: 18e32ed9a

Time (s): cpu = 00:01:20 ; elapsed = 00:01:01 . Memory (MB): peak = 1696.809 ; gain = 0.000
Phase 5 Delay and Skew Optimization | Checksum: 18e32ed9a

Time (s): cpu = 00:01:20 ; elapsed = 00:01:01 . Memory (MB): peak = 1696.809 ; gain = 0.000

Phase 6 Post Hold Fix

Phase 6.1 Hold Fix Iter

Phase 6.1.1 Update Timing
Phase 6.1.1 Update Timing | Checksum: 19c859a06

Time (s): cpu = 00:01:22 ; elapsed = 00:01:02 . Memory (MB): peak = 1696.809 ; gain = 0.000
INFO: [Route 35-416] Intermediate Timing Summary | WNS=1.105  | TNS=0.000  | WHS=0.011  | THS=0.000  |

Phase 6.1 Hold Fix Iter | Checksum: 19ec52c69

Time (s): cpu = 00:01:22 ; elapsed = 00:01:02 . Memory (MB): peak = 1696.809 ; gain = 0.000
Phase 6 Post Hold Fix | Checksum: 19ec52c69

Time (s): cpu = 00:01:22 ; elapsed = 00:01:02 . Memory (MB): peak = 1696.809 ; gain = 0.000

Phase 7 Route finalize

Router Utilization Summary
  Global Vertical Routing Utilization    = 1.83147 %
  Global Horizontal Routing Utilization  = 2.53186 %
  Routable Net Status*
  *Does not include unroutable nets such as driverless and loadless.
  Run report_route_status for detailed report.
  Number of Failed Nets               = 0
  Number of Unrouted Nets             = 0
  Number of Partially Routed Nets     = 0
  Number of Node Overlaps             = 0

Phase 7 Route finalize | Checksum: 10f177d0c

Time (s): cpu = 00:01:22 ; elapsed = 00:01:03 . Memory (MB): peak = 1696.809 ; gain = 0.000

Phase 8 Verifying routed nets

 Verification completed successfully
Phase 8 Verifying routed nets | Checksum: 10f177d0c

Time (s): cpu = 00:01:22 ; elapsed = 00:01:03 . Memory (MB): peak = 1696.809 ; gain = 0.000

Phase 9 Depositing Routes
Phase 9 Depositing Routes | Checksum: 8e8c03af

Time (s): cpu = 00:01:23 ; elapsed = 00:01:04 . Memory (MB): peak = 1696.809 ; gain = 0.000

Phase 10 Post Router Timing
INFO: [Route 35-57] Estimated Timing Summary | WNS=1.105  | TNS=0.000  | WHS=0.011  | THS=0.000  |

INFO: [Route 35-327] The final timing numbers are based on the router estimated timing analysis. For a complete and accurate timing signoff, please run report_timing_summary.
Phase 10 Post Router Timing | Checksum: 8e8c03af

Time (s): cpu = 00:01:23 ; elapsed = 00:01:04 . Memory (MB): peak = 1696.809 ; gain = 0.000
INFO: [Route 35-16] Router Completed Successfully

Time (s): cpu = 00:01:23 ; elapsed = 00:01:04 . Memory (MB): peak = 1696.809 ; gain = 0.000

Routing Is Done.
INFO: [Common 17-83] Releasing license: Implementation
98 Infos, 2 Warnings, 0 Critical Warnings and 0 Errors encountered.
route_design completed successfully
route_design: Time (s): cpu = 00:01:30 ; elapsed = 00:01:08 . Memory (MB): peak = 1696.809 ; gain = 0.000
Writing placer database...
Writing XDEF routing.
Writing XDEF routing logical nets.
Writing XDEF routing special nets.
Write XDEF Complete: Time (s): cpu = 00:00:09 ; elapsed = 00:00:03 . Memory (MB): peak = 1696.809 ; gain = 0.000
INFO: [Common 17-1381] The checkpoint 'D:/prj/pynq/end/zynq_prj/zynq_prj.runs/impl_1/top_routed.dcp' has been generated.
write_checkpoint: Time (s): cpu = 00:00:11 ; elapsed = 00:00:06 . Memory (MB): peak = 1696.809 ; gain = 0.000
INFO: [runtcl-4] Executing : report_drc -file top_drc_routed.rpt -pb top_drc_routed.pb -rpx top_drc_routed.rpx
Command: report_drc -file top_drc_routed.rpt -pb top_drc_routed.pb -rpx top_drc_routed.rpx
INFO: [IP_Flow 19-1839] IP Catalog is up to date.
INFO: [DRC 23-27] Running DRC with 2 threads
INFO: [Coretcl 2-168] The results of DRC are in file D:/prj/pynq/end/zynq_prj/zynq_prj.runs/impl_1/top_drc_routed.rpt.
report_drc completed successfully
report_drc: Time (s): cpu = 00:00:12 ; elapsed = 00:00:06 . Memory (MB): peak = 1696.809 ; gain = 0.000
INFO: [runtcl-4] Executing : report_methodology -file top_methodology_drc_routed.rpt -pb top_methodology_drc_routed.pb -rpx top_methodology_drc_routed.rpx
Command: report_methodology -file top_methodology_drc_routed.rpt -pb top_methodology_drc_routed.pb -rpx top_methodology_drc_routed.rpx
INFO: [Timing 38-35] Done setting XDC timing constraints.
INFO: [Timing 38-35] Done setting XDC timing constraints.
INFO: [DRC 23-133] Running Methodology with 2 threads
INFO: [Coretcl 2-1520] The results of Report Methodology are in file D:/prj/pynq/end/zynq_prj/zynq_prj.runs/impl_1/top_methodology_drc_routed.rpt.
report_methodology completed successfully
report_methodology: Time (s): cpu = 00:00:16 ; elapsed = 00:00:10 . Memory (MB): peak = 1696.809 ; gain = 0.000
INFO: [runtcl-4] Executing : report_power -file top_power_routed.rpt -pb top_power_summary_routed.pb -rpx top_power_routed.rpx
Command: report_power -file top_power_routed.rpt -pb top_power_summary_routed.pb -rpx top_power_routed.rpx
INFO: [Timing 38-35] Done setting XDC timing constraints.
Running Vector-less Activity Propagation...

Finished Running Vector-less Activity Propagation
WARNING: [Power 33-332] Found switching activity that implies high-fanout reset nets being asserted for excessive periods of time which may result in inaccurate power analysis.
Resolution: To review and fix problems, please run Power Constraints Advisor in the GUI from Tools > Power Constraints Advisor or run report_power with the -advisory option to generate a text report.
110 Infos, 3 Warnings, 0 Critical Warnings and 0 Errors encountered.
report_power completed successfully
report_power: Time (s): cpu = 00:00:12 ; elapsed = 00:00:07 . Memory (MB): peak = 1696.809 ; gain = 0.000
INFO: [runtcl-4] Executing : report_route_status -file top_route_status.rpt -pb top_route_status.pb
INFO: [runtcl-4] Executing : report_timing_summary -max_paths 10 -file top_timing_summary_routed.rpt -rpx top_timing_summary_routed.rpx -warn_on_violation 
INFO: [Timing 38-91] UpdateTimingParams: Speed grade: -1, Delay Type: min_max.
INFO: [Timing 38-191] Multithreading enabled for timing update using a maximum of 2 CPUs
WARNING: [Timing 38-436] There are set_bus_skew constraint(s) in this design. Please run report_bus_skew to ensure that bus skew requirements are met.
INFO: [runtcl-4] Executing : report_incremental_reuse -file top_incremental_reuse_routed.rpt
INFO: [Vivado_Tcl 4-545] No incremental reuse to report, no incremental placement and routing data was found.
INFO: [runtcl-4] Executing : report_clock_utilization -file top_clock_utilization_routed.rpt
INFO: [Memdata 28-208] The XPM instance: <system_i/v_vid_in_axi4s_0/inst/COUPLER_INST/generate_async_fifo.FIFO_INST/XPM_FIFO_ASYNC_INST/gnuram_async_fifo.xpm_fifo_base_inst/gen_sdpram.xpm_memory_base_inst> is part of IP: <system_i/v_vid_in_axi4s_0>. This XPM instance will be excluded from the .mmi because updatemem is prohibited from making changes to an XPM that is part of an IP.
INFO: [Memdata 28-208] The XPM instance: <system_i/v_axi4s_vid_out_0/inst/COUPLER_INST/generate_async_fifo.FIFO_INST/XPM_FIFO_ASYNC_INST/gnuram_async_fifo.xpm_fifo_base_inst/gen_sdpram.xpm_memory_base_inst> is part of IP: <system_i/v_axi4s_vid_out_0>. This XPM instance will be excluded from the .mmi because updatemem is prohibited from making changes to an XPM that is part of an IP.
WARNING: [Memdata 28-167] Found XPM memory block system_i/axi_dma_0/U0/I_PRMRY_DATAMOVER/GEN_S2MM_FULL.I_S2MM_FULL_WRAPPER/GEN_ENABLE_INDET_BTT_SF.I_INDET_BTT/I_XD_FIFO/NON_BLK_MEM.I_SYNC_FIFOGEN_FIFO/xpm_fifo_instance.xpm_fifo_sync_inst/xpm_fifo_base_inst/gen_sdpram.xpm_memory_base_inst with a P_MEMORY_PRIMITIVE property set to auto. A value of block is required. You will not be able to use the updatemem program to update the bitstream with new data for the system_i/axi_dma_0/U0/I_PRMRY_DATAMOVER/GEN_S2MM_FULL.I_S2MM_FULL_WRAPPER/GEN_ENABLE_INDET_BTT_SF.I_INDET_BTT/I_XD_FIFO/NON_BLK_MEM.I_SYNC_FIFOGEN_FIFO/xpm_fifo_instance.xpm_fifo_sync_inst/xpm_fifo_base_inst/gen_sdpram.xpm_memory_base_inst block.
INFO: [Memdata 28-208] The XPM instance: <system_i/axi_dma_0/U0/I_PRMRY_DATAMOVER/GEN_S2MM_FULL.I_S2MM_FULL_WRAPPER/GEN_ENABLE_INDET_BTT_SF.I_INDET_BTT/I_DATA_FIFO/BLK_MEM.I_SYNC_FIFOGEN_FIFO/xpm_fifo_instance.xpm_fifo_sync_inst/xpm_fifo_base_inst/gen_sdpram.xpm_memory_base_inst> is part of IP: <system_i/axi_dma_0>. This XPM instance will be excluded from the .mmi because updatemem is prohibited from making changes to an XPM that is part of an IP.
INFO: [Memdata 28-208] The XPM instance: <system_i/axi_dma_0/U0/I_PRMRY_DATAMOVER/GEN_MM2S_FULL.I_MM2S_FULL_WRAPPER/GEN_INCLUDE_MM2S_SF.I_RD_SF/I_DATA_FIFO/BLK_MEM.I_SYNC_FIFOGEN_FIFO/xpm_fifo_instance.xpm_fifo_sync_inst/xpm_fifo_base_inst/gen_sdpram.xpm_memory_base_inst> is part of IP: <system_i/axi_dma_0>. This XPM instance will be excluded from the .mmi because updatemem is prohibited from making changes to an XPM that is part of an IP.
Command: write_bitstream -force top.bit
Attempting to get a license for feature 'Implementation' and/or device 'xc7z020'
INFO: [Common 17-349] Got license for feature 'Implementation' and/or device 'xc7z020'
Running DRC as a precondition to command write_bitstream
INFO: [IP_Flow 19-1839] IP Catalog is up to date.
INFO: [DRC 23-27] Running DRC with 2 threads
WARNING: [DRC RTSTAT-10] No routable loads: 28 net(s) have no routable loads. The problem bus(es) and/or net(s) are system_i/axi_mem_intercon/m00_couplers/auto_pc/inst/gen_axi4_axi3.axi3_conv_inst/USE_WRITE.write_addr_inst/USE_BURSTS.cmd_queue/inst/fifo_gen_inst/inst_fifo_gen/gconvfifo.rf/grf.rf/gntv_or_sync_fifo.gl0.rd/gr1.gr1_int.rfwft/aempty_fwft_i, system_i/axi_mem_intercon/m00_couplers/auto_pc/inst/gen_axi4_axi3.axi3_conv_inst/USE_READ.USE_SPLIT_R.read_addr_inst/USE_R_CHANNEL.cmd_queue/inst/fifo_gen_inst/inst_fifo_gen/gconvfifo.rf/grf.rf/gntv_or_sync_fifo.gl0.rd/gr1.gr1_int.rfwft/aempty_fwft_i, system_i/axi_mem_intercon/m00_couplers/auto_pc/inst/gen_axi4_axi3.axi3_conv_inst/USE_WRITE.write_addr_inst/USE_B_CHANNEL.cmd_b_queue/inst/fifo_gen_inst/inst_fifo_gen/gconvfifo.rf/grf.rf/gntv_or_sync_fifo.gl0.rd/gr1.gr1_int.rfwft/aempty_fwft_i, system_i/image_process_0/inst/unit_block_value_generator_av/unit_fifo_backframe/U0/inst_fifo_gen/gconvfifo.rf/grf.rf/gntv_or_sync_fifo.gl0.wr/gwss.wsts/ram_afull_fb, system_i/image_process_0/inst/unit_block_value_generator_av/unit_fifo_block_av_gen/U0/inst_fifo_gen/gconvfifo.rf/grf.rf/gntv_or_sync_fifo.gl0.wr/gwss.wsts/ram_afull_fb, system_i/image_process_0/inst/unit_block_value_generator_av/unit_fifo_block_bf_gen/U0/inst_fifo_gen/gconvfifo.rf/grf.rf/gntv_or_sync_fifo.gl0.wr/gwss.wsts/ram_afull_fb, system_i/image_process_0/inst/unit_fifo_0/U0/inst_fifo_gen/gconvfifo.rf/grf.rf/gntv_or_sync_fifo.gl0.wr/gwss.wsts/ram_afull_fb, system_i/axi_mem_intercon/m00_couplers/auto_pc/inst/gen_axi4_axi3.axi3_conv_inst/USE_WRITE.write_addr_inst/USE_BURSTS.cmd_queue/inst/fifo_gen_inst/inst_fifo_gen/gconvfifo.rf/grf.rf/gntv_or_sync_fifo.gl0.wr/gwss.wsts/ram_afull_fb, system_i/axi_mem_intercon/m00_couplers/auto_pc/inst/gen_axi4_axi3.axi3_conv_inst/USE_READ.USE_SPLIT_R.read_addr_inst/USE_R_CHANNEL.cmd_queue/inst/fifo_gen_inst/inst_fifo_gen/gconvfifo.rf/grf.rf/gntv_or_sync_fifo.gl0.wr/gwss.wsts/ram_afull_fb, system_i/axi_mem_intercon/m00_couplers/auto_pc/inst/gen_axi4_axi3.axi3_conv_inst/USE_WRITE.write_addr_inst/USE_B_CHANNEL.cmd_b_queue/inst/fifo_gen_inst/inst_fifo_gen/gconvfifo.rf/grf.rf/gntv_or_sync_fifo.gl0.wr/gwss.wsts/ram_afull_fb, system_i/image_process_0/inst/unit_block_value_generator_av/unit_fifo_backframe/U0/inst_fifo_gen/gconvfifo.rf/grf.rf/gntv_or_sync_fifo.gl0.wr/gwss.wsts/ram_afull_i, system_i/image_process_0/inst/unit_block_value_generator_av/unit_fifo_block_av_gen/U0/inst_fifo_gen/gconvfifo.rf/grf.rf/gntv_or_sync_fifo.gl0.wr/gwss.wsts/ram_afull_i, system_i/image_process_0/inst/unit_block_value_generator_av/unit_fifo_block_bf_gen/U0/inst_fifo_gen/gconvfifo.rf/grf.rf/gntv_or_sync_fifo.gl0.wr/gwss.wsts/ram_afull_i, system_i/axi_mem_intercon/m00_couplers/auto_pc/inst/gen_axi4_axi3.axi3_conv_inst/USE_WRITE.write_addr_inst/USE_BURSTS.cmd_queue/inst/fifo_gen_inst/inst_fifo_gen/gconvfifo.rf/grf.rf/gntv_or_sync_fifo.gl0.wr/gwss.wsts/ram_afull_i, system_i/axi_mem_intercon/m00_couplers/auto_pc/inst/gen_axi4_axi3.axi3_conv_inst/USE_READ.USE_SPLIT_R.read_addr_inst/USE_R_CHANNEL.cmd_queue/inst/fifo_gen_inst/inst_fifo_gen/gconvfifo.rf/grf.rf/gntv_or_sync_fifo.gl0.wr/gwss.wsts/ram_afull_i... and (the first 15 of 28 listed).
INFO: [DRC REQP-181] writefirst: Synchronous clocking is detected for BRAM (system_i/axi_dma_0/U0/I_PRMRY_DATAMOVER/GEN_MM2S_FULL.I_MM2S_FULL_WRAPPER/GEN_INCLUDE_MM2S_SF.I_RD_SF/I_DATA_FIFO/BLK_MEM.I_SYNC_FIFOGEN_FIFO/xpm_fifo_instance.xpm_fifo_sync_inst/xpm_fifo_base_inst/gen_sdpram.xpm_memory_base_inst/gen_wr_a.gen_word_narrow.mem_reg) in SDP mode with WRITE_FIRST write-mode. This is the preferred mode for best power characteristics, however it may exhibit address collisions if the same address appears on both read and write ports resulting in unknown or corrupted read data. It is suggested to confirm via simulation that an address collision never occurs and if so it is suggested to try and avoid this situation. If address collisions cannot be avoided, the write-mode may be set to READ_FIRST which guarantees that the read data is the prior contents of the memory at the cost of additional power in the design. See the FPGA Memory Resources User Guide for additional information.
INFO: [DRC REQP-181] writefirst: Synchronous clocking is detected for BRAM (system_i/axi_dma_0/U0/I_PRMRY_DATAMOVER/GEN_S2MM_FULL.I_S2MM_FULL_WRAPPER/GEN_ENABLE_INDET_BTT_SF.I_INDET_BTT/I_DATA_FIFO/BLK_MEM.I_SYNC_FIFOGEN_FIFO/xpm_fifo_instance.xpm_fifo_sync_inst/xpm_fifo_base_inst/gen_sdpram.xpm_memory_base_inst/gen_wr_a.gen_word_narrow.mem_reg) in SDP mode with WRITE_FIRST write-mode. This is the preferred mode for best power characteristics, however it may exhibit address collisions if the same address appears on both read and write ports resulting in unknown or corrupted read data. It is suggested to confirm via simulation that an address collision never occurs and if so it is suggested to try and avoid this situation. If address collisions cannot be avoided, the write-mode may be set to READ_FIRST which guarantees that the read data is the prior contents of the memory at the cost of additional power in the design. See the FPGA Memory Resources User Guide for additional information.
INFO: [Vivado 12-3199] DRC finished with 0 Errors, 1 Warnings, 2 Advisories
INFO: [Vivado 12-3200] Please refer to the DRC report (report_drc) for more information.
INFO: [Project 1-821] Please set project.enableDesignId to be 'true'.
INFO: [Designutils 20-2272] Running write_bitstream with 2 threads.
Loading data files...
Loading site data...
Loading route data...
Processing options...
Creating bitmap...
Creating bitstream...
Writing bitstream ./top.bit...
INFO: [Vivado 12-1842] Bitgen Completed Successfully.
INFO: [Project 1-120] WebTalk data collection is mandatory when using a WebPACK part without a full Vivado license. To see the specific WebTalk data collected for your design, open the usage_statistics_webtalk.html or usage_statistics_webtalk.xml file in the implementation directory.
INFO: [Common 17-83] Releasing license: Implementation
133 Infos, 6 Warnings, 0 Critical Warnings and 0 Errors encountered.
write_bitstream completed successfully
write_bitstream: Time (s): cpu = 00:00:53 ; elapsed = 00:00:51 . Memory (MB): peak = 2090.961 ; gain = 394.152
INFO: [Common 17-206] Exiting Vivado at Wed Nov 21 21:54:14 2018...
