
*** Running vivado
    with args -log system_OV_Sensor_ML_0_2.vds -m64 -product Vivado -mode batch -messageDb vivado.pb -notrace -source system_OV_Sensor_ML_0_2.tcl


****** Vivado v2017.4 (64-bit)
  **** SW Build 2086221 on Fri Dec 15 20:55:39 MST 2017
  **** IP Build 2085800 on Fri Dec 15 22:25:07 MST 2017
    ** Copyright 1986-2017 Xilinx, Inc. All Rights Reserved.

source system_OV_Sensor_ML_0_2.tcl -notrace
Command: synth_design -top system_OV_Sensor_ML_0_2 -part xc7z010clg400-1 -mode out_of_context
Starting synth_design
Attempting to get a license for feature 'Synthesis' and/or device 'xc7z010'
INFO: [Common 17-349] Got license for feature 'Synthesis' and/or device 'xc7z010'
INFO: Launching helper process for spawning children vivado processes
INFO: Helper process launched with PID 69660 
---------------------------------------------------------------------------------
Starting RTL Elaboration : Time (s): cpu = 00:00:14 ; elapsed = 00:00:16 . Memory (MB): peak = 403.500 ; gain = 99.656
---------------------------------------------------------------------------------
INFO: [Synth 8-638] synthesizing module 'system_OV_Sensor_ML_0_2' [d:/prj/pynq/zynq_prj/zynq_prj.srcs/sources_1/bd/system/ip/system_OV_Sensor_ML_0_2/synth/system_OV_Sensor_ML_0_2.v:57]
INFO: [Synth 8-638] synthesizing module 'OV_Sensor_ML' [d:/prj/pynq/zynq_prj/zynq_prj.srcs/sources_1/bd/system/ipshared/3d58/IPSRC/OV_Sensor_ML.v:3]
INFO: [Synth 8-638] synthesizing module 'cmos_decode' [d:/prj/pynq/zynq_prj/zynq_prj.srcs/sources_1/bd/system/ipshared/3d58/IPSRC/cmos_decode_v1.v:3]
	Parameter CMOS_FRAME_WAITCNT bound to: 6'b001111 
INFO: [Synth 8-256] done synthesizing module 'cmos_decode' (1#1) [d:/prj/pynq/zynq_prj/zynq_prj.srcs/sources_1/bd/system/ipshared/3d58/IPSRC/cmos_decode_v1.v:3]
INFO: [Synth 8-638] synthesizing module 'count_reset_v1' [d:/prj/pynq/zynq_prj/zynq_prj.srcs/sources_1/bd/system/ipshared/3d58/IPSRC/count_reset_v1.v:23]
	Parameter num bound to: 20'b11111111111111110000 
INFO: [Synth 8-256] done synthesizing module 'count_reset_v1' (2#1) [d:/prj/pynq/zynq_prj/zynq_prj.srcs/sources_1/bd/system/ipshared/3d58/IPSRC/count_reset_v1.v:23]
INFO: [Synth 8-256] done synthesizing module 'OV_Sensor_ML' (3#1) [d:/prj/pynq/zynq_prj/zynq_prj.srcs/sources_1/bd/system/ipshared/3d58/IPSRC/OV_Sensor_ML.v:3]
INFO: [Synth 8-256] done synthesizing module 'system_OV_Sensor_ML_0_2' (4#1) [d:/prj/pynq/zynq_prj/zynq_prj.srcs/sources_1/bd/system/ip/system_OV_Sensor_ML_0_2/synth/system_OV_Sensor_ML_0_2.v:57]
---------------------------------------------------------------------------------
Finished RTL Elaboration : Time (s): cpu = 00:00:16 ; elapsed = 00:00:18 . Memory (MB): peak = 456.129 ; gain = 152.285
---------------------------------------------------------------------------------

Report Check Netlist: 
+------+------------------+-------+---------+-------+------------------+
|      |Item              |Errors |Warnings |Status |Description       |
+------+------------------+-------+---------+-------+------------------+
|1     |multi_driven_nets |      0|        0|Passed |Multi driven nets |
+------+------------------+-------+---------+-------+------------------+
---------------------------------------------------------------------------------
Finished RTL Optimization Phase 1 : Time (s): cpu = 00:00:16 ; elapsed = 00:00:18 . Memory (MB): peak = 456.129 ; gain = 152.285
---------------------------------------------------------------------------------
INFO: [Device 21-403] Loading part xc7z010clg400-1
INFO: [Project 1-570] Preparing netlist for logic optimization

Processing XDC Constraints
Initializing timing engine
Completed Processing XDC Constraints

INFO: [Project 1-111] Unisim Transformation Summary:
No Unisim elements were transformed.

Constraint Validation Runtime : Time (s): cpu = 00:00:00 ; elapsed = 00:00:00.231 . Memory (MB): peak = 787.637 ; gain = 0.000
---------------------------------------------------------------------------------
Finished Constraint Validation : Time (s): cpu = 00:00:54 ; elapsed = 00:01:04 . Memory (MB): peak = 787.637 ; gain = 483.793
---------------------------------------------------------------------------------
---------------------------------------------------------------------------------
Start Loading Part and Timing Information
---------------------------------------------------------------------------------
Loading part: xc7z010clg400-1
---------------------------------------------------------------------------------
Finished Loading Part and Timing Information : Time (s): cpu = 00:00:54 ; elapsed = 00:01:04 . Memory (MB): peak = 787.637 ; gain = 483.793
---------------------------------------------------------------------------------
---------------------------------------------------------------------------------
Start Applying 'set_property' XDC Constraints
---------------------------------------------------------------------------------
---------------------------------------------------------------------------------
Finished applying 'set_property' XDC Constraints : Time (s): cpu = 00:00:54 ; elapsed = 00:01:05 . Memory (MB): peak = 787.637 ; gain = 483.793
---------------------------------------------------------------------------------
WARNING: [Synth 8-6014] Unused sequential element cnt_reg was removed.  [d:/prj/pynq/zynq_prj/zynq_prj.srcs/sources_1/bd/system/ipshared/3d58/IPSRC/count_reset_v1.v:37]
---------------------------------------------------------------------------------
Finished RTL Optimization Phase 2 : Time (s): cpu = 00:00:54 ; elapsed = 00:01:05 . Memory (MB): peak = 787.637 ; gain = 483.793
---------------------------------------------------------------------------------

Report RTL Partitions: 
+-+--------------+------------+----------+
| |RTL Partition |Replication |Instances |
+-+--------------+------------+----------+
+-+--------------+------------+----------+
---------------------------------------------------------------------------------
Start RTL Component Statistics 
---------------------------------------------------------------------------------
Detailed RTL Component Info : 
+---Adders : 
	   2 Input      7 Bit       Adders := 1     
+---Registers : 
	               16 Bit    Registers := 1     
	                8 Bit    Registers := 2     
	                7 Bit    Registers := 1     
	                5 Bit    Registers := 1     
	                2 Bit    Registers := 2     
	                1 Bit    Registers := 6     
+---Muxes : 
	   2 Input     16 Bit        Muxes := 2     
	   2 Input      8 Bit        Muxes := 1     
	   4 Input      7 Bit        Muxes := 1     
	   2 Input      4 Bit        Muxes := 2     
	   2 Input      1 Bit        Muxes := 3     
---------------------------------------------------------------------------------
Finished RTL Component Statistics 
---------------------------------------------------------------------------------
---------------------------------------------------------------------------------
Start RTL Hierarchical Component Statistics 
---------------------------------------------------------------------------------
Hierarchical RTL Component report 
Module cmos_decode 
Detailed RTL Component Info : 
+---Adders : 
	   2 Input      7 Bit       Adders := 1     
+---Registers : 
	               16 Bit    Registers := 1     
	                8 Bit    Registers := 1     
	                7 Bit    Registers := 1     
	                5 Bit    Registers := 1     
	                2 Bit    Registers := 2     
	                1 Bit    Registers := 3     
+---Muxes : 
	   2 Input     16 Bit        Muxes := 2     
	   2 Input      8 Bit        Muxes := 1     
	   4 Input      7 Bit        Muxes := 1     
	   2 Input      4 Bit        Muxes := 2     
	   2 Input      1 Bit        Muxes := 3     
Module count_reset_v1 
Detailed RTL Component Info : 
+---Registers : 
	                1 Bit    Registers := 1     
Module OV_Sensor_ML 
Detailed RTL Component Info : 
+---Registers : 
	                8 Bit    Registers := 1     
	                1 Bit    Registers := 2     
---------------------------------------------------------------------------------
Finished RTL Hierarchical Component Statistics
---------------------------------------------------------------------------------
---------------------------------------------------------------------------------
Start Part Resource Summary
---------------------------------------------------------------------------------
Part Resources:
DSPs: 80 (col length:40)
BRAMs: 120 (col length: RAMB18 40 RAMB36 20)
---------------------------------------------------------------------------------
Finished Part Resource Summary
---------------------------------------------------------------------------------
---------------------------------------------------------------------------------
Start Cross Boundary and Area Optimization
---------------------------------------------------------------------------------
WARNING: [Synth 8-6014] Unused sequential element inst/nolabel_line48/cnt_reg was removed.  [d:/prj/pynq/zynq_prj/zynq_prj.srcs/sources_1/bd/system/ipshared/3d58/IPSRC/count_reset_v1.v:37]
INFO: [Synth 8-3917] design system_OV_Sensor_ML_0_2 has port rgb_o[18] driven by constant 0
INFO: [Synth 8-3917] design system_OV_Sensor_ML_0_2 has port rgb_o[17] driven by constant 0
INFO: [Synth 8-3917] design system_OV_Sensor_ML_0_2 has port rgb_o[16] driven by constant 0
INFO: [Synth 8-3917] design system_OV_Sensor_ML_0_2 has port rgb_o[9] driven by constant 0
INFO: [Synth 8-3917] design system_OV_Sensor_ML_0_2 has port rgb_o[8] driven by constant 0
INFO: [Synth 8-3917] design system_OV_Sensor_ML_0_2 has port rgb_o[2] driven by constant 0
INFO: [Synth 8-3917] design system_OV_Sensor_ML_0_2 has port rgb_o[1] driven by constant 0
INFO: [Synth 8-3917] design system_OV_Sensor_ML_0_2 has port rgb_o[0] driven by constant 0
---------------------------------------------------------------------------------
Finished Cross Boundary and Area Optimization : Time (s): cpu = 00:00:56 ; elapsed = 00:01:07 . Memory (MB): peak = 787.637 ; gain = 483.793
---------------------------------------------------------------------------------

Report RTL Partitions: 
+-+--------------+------------+----------+
| |RTL Partition |Replication |Instances |
+-+--------------+------------+----------+
+-+--------------+------------+----------+
---------------------------------------------------------------------------------
Start Applying XDC Timing Constraints
---------------------------------------------------------------------------------
---------------------------------------------------------------------------------
Finished Applying XDC Timing Constraints : Time (s): cpu = 00:01:17 ; elapsed = 00:01:29 . Memory (MB): peak = 793.023 ; gain = 489.180
---------------------------------------------------------------------------------
---------------------------------------------------------------------------------
Start Timing Optimization
---------------------------------------------------------------------------------
---------------------------------------------------------------------------------
Finished Timing Optimization : Time (s): cpu = 00:01:17 ; elapsed = 00:01:29 . Memory (MB): peak = 793.172 ; gain = 489.328
---------------------------------------------------------------------------------

Report RTL Partitions: 
+-+--------------+------------+----------+
| |RTL Partition |Replication |Instances |
+-+--------------+------------+----------+
+-+--------------+------------+----------+
---------------------------------------------------------------------------------
Start Technology Mapping
---------------------------------------------------------------------------------
---------------------------------------------------------------------------------
Finished Technology Mapping : Time (s): cpu = 00:01:17 ; elapsed = 00:01:29 . Memory (MB): peak = 812.742 ; gain = 508.898
---------------------------------------------------------------------------------

Report RTL Partitions: 
+-+--------------+------------+----------+
| |RTL Partition |Replication |Instances |
+-+--------------+------------+----------+
+-+--------------+------------+----------+
---------------------------------------------------------------------------------
Start IO Insertion
---------------------------------------------------------------------------------
---------------------------------------------------------------------------------
Start Flattening Before IO Insertion
---------------------------------------------------------------------------------
---------------------------------------------------------------------------------
Finished Flattening Before IO Insertion
---------------------------------------------------------------------------------
---------------------------------------------------------------------------------
Start Final Netlist Cleanup
---------------------------------------------------------------------------------
---------------------------------------------------------------------------------
Finished Final Netlist Cleanup
---------------------------------------------------------------------------------
---------------------------------------------------------------------------------
Finished IO Insertion : Time (s): cpu = 00:01:19 ; elapsed = 00:01:31 . Memory (MB): peak = 812.742 ; gain = 508.898
---------------------------------------------------------------------------------

Report Check Netlist: 
+------+------------------+-------+---------+-------+------------------+
|      |Item              |Errors |Warnings |Status |Description       |
+------+------------------+-------+---------+-------+------------------+
|1     |multi_driven_nets |      0|        0|Passed |Multi driven nets |
+------+------------------+-------+---------+-------+------------------+
---------------------------------------------------------------------------------
Start Renaming Generated Instances
---------------------------------------------------------------------------------
---------------------------------------------------------------------------------
Finished Renaming Generated Instances : Time (s): cpu = 00:01:19 ; elapsed = 00:01:31 . Memory (MB): peak = 812.742 ; gain = 508.898
---------------------------------------------------------------------------------

Report RTL Partitions: 
+-+--------------+------------+----------+
| |RTL Partition |Replication |Instances |
+-+--------------+------------+----------+
+-+--------------+------------+----------+
---------------------------------------------------------------------------------
Start Rebuilding User Hierarchy
---------------------------------------------------------------------------------
---------------------------------------------------------------------------------
Finished Rebuilding User Hierarchy : Time (s): cpu = 00:01:19 ; elapsed = 00:01:31 . Memory (MB): peak = 812.742 ; gain = 508.898
---------------------------------------------------------------------------------
---------------------------------------------------------------------------------
Start Renaming Generated Ports
---------------------------------------------------------------------------------
---------------------------------------------------------------------------------
Finished Renaming Generated Ports : Time (s): cpu = 00:01:19 ; elapsed = 00:01:31 . Memory (MB): peak = 812.742 ; gain = 508.898
---------------------------------------------------------------------------------
---------------------------------------------------------------------------------
Start Handling Custom Attributes
---------------------------------------------------------------------------------
---------------------------------------------------------------------------------
Finished Handling Custom Attributes : Time (s): cpu = 00:01:19 ; elapsed = 00:01:31 . Memory (MB): peak = 812.742 ; gain = 508.898
---------------------------------------------------------------------------------
---------------------------------------------------------------------------------
Start Renaming Generated Nets
---------------------------------------------------------------------------------
---------------------------------------------------------------------------------
Finished Renaming Generated Nets : Time (s): cpu = 00:01:19 ; elapsed = 00:01:31 . Memory (MB): peak = 812.742 ; gain = 508.898
---------------------------------------------------------------------------------
---------------------------------------------------------------------------------
Start ROM, RAM, DSP and Shift Register Reporting
---------------------------------------------------------------------------------

Static Shift Register Report:
+------------------------+--------------------------------------+--------+-------+--------------+--------------------+-------------------+--------+---------+
|Module Name             | RTL Name                             | Length | Width | Reset Signal | Pull out first Reg | Pull out last Reg | SRL16E | SRLC32E | 
+------------------------+--------------------------------------+--------+-------+--------------+--------------------+-------------------+--------+---------+
|system_OV_Sensor_ML_0_2 | inst/cmos_decode_u0/rst_n_reg_reg[4] | 6      | 1     | NO           | NO                 | YES               | 1      | 0       | 
+------------------------+--------------------------------------+--------+-------+--------------+--------------------+-------------------+--------+---------+

---------------------------------------------------------------------------------
Finished ROM, RAM, DSP and Shift Register Reporting
---------------------------------------------------------------------------------
---------------------------------------------------------------------------------
Start Writing Synthesis Report
---------------------------------------------------------------------------------

Report BlackBoxes: 
+-+--------------+----------+
| |BlackBox name |Instances |
+-+--------------+----------+
+-+--------------+----------+

Report Cell Usage: 
+------+-------+------+
|      |Cell   |Count |
+------+-------+------+
|1     |CARRY4 |     5|
|2     |LUT1   |     2|
|3     |LUT2   |    11|
|4     |LUT3   |    22|
|5     |LUT4   |     5|
|6     |LUT5   |     4|
|7     |LUT6   |     7|
|8     |SRL16E |     1|
|9     |FDRE   |    53|
|10    |FDSE   |    16|
+------+-------+------+

Report Instance Areas: 
+------+-------------------+---------------+------+
|      |Instance           |Module         |Cells |
+------+-------------------+---------------+------+
|1     |top                |               |   126|
|2     |  inst             |OV_Sensor_ML   |   126|
|3     |    cmos_decode_u0 |cmos_decode    |    83|
|4     |    nolabel_line48 |count_reset_v1 |    33|
+------+-------------------+---------------+------+
---------------------------------------------------------------------------------
Finished Writing Synthesis Report : Time (s): cpu = 00:01:19 ; elapsed = 00:01:31 . Memory (MB): peak = 812.742 ; gain = 508.898
---------------------------------------------------------------------------------
Synthesis finished with 0 errors, 0 critical warnings and 2 warnings.
Synthesis Optimization Runtime : Time (s): cpu = 00:00:39 ; elapsed = 00:00:59 . Memory (MB): peak = 812.742 ; gain = 177.391
Synthesis Optimization Complete : Time (s): cpu = 00:01:19 ; elapsed = 00:01:31 . Memory (MB): peak = 812.742 ; gain = 508.898
INFO: [Project 1-571] Translating synthesized netlist
INFO: [Netlist 29-17] Analyzing 5 Unisim elements for replacement
INFO: [Netlist 29-28] Unisim Transformation completed in 1 CPU seconds
INFO: [Project 1-570] Preparing netlist for logic optimization
INFO: [Opt 31-138] Pushed 0 inverter(s) to 0 load pin(s).
INFO: [Project 1-111] Unisim Transformation Summary:
No Unisim elements were transformed.

INFO: [Common 17-83] Releasing license: Synthesis
27 Infos, 2 Warnings, 0 Critical Warnings and 0 Errors encountered.
synth_design completed successfully
synth_design: Time (s): cpu = 00:01:22 ; elapsed = 00:01:36 . Memory (MB): peak = 815.730 ; gain = 523.352
INFO: [Common 17-1381] The checkpoint 'D:/prj/pynq/zynq_prj/zynq_prj.runs/system_OV_Sensor_ML_0_2_synth_1/system_OV_Sensor_ML_0_2.dcp' has been generated.
