
*** Running vivado
    with args -log system_v_tc_0_0.vds -m64 -product Vivado -mode batch -messageDb vivado.pb -notrace -source system_v_tc_0_0.tcl


****** Vivado v2017.4 (64-bit)
  **** SW Build 2086221 on Fri Dec 15 20:55:39 MST 2017
  **** IP Build 2085800 on Fri Dec 15 22:25:07 MST 2017
    ** Copyright 1986-2017 Xilinx, Inc. All Rights Reserved.

source system_v_tc_0_0.tcl -notrace
Command: synth_design -top system_v_tc_0_0 -part xc7z020clg400-1 -mode out_of_context
Starting synth_design
Attempting to get a license for feature 'Synthesis' and/or device 'xc7z020'
INFO: [Common 17-349] Got license for feature 'Synthesis' and/or device 'xc7z020'
INFO: Launching helper process for spawning children vivado processes
INFO: Helper process launched with PID 2464 
---------------------------------------------------------------------------------
Starting RTL Elaboration : Time (s): cpu = 00:00:16 ; elapsed = 00:00:18 . Memory (MB): peak = 406.520 ; gain = 101.461
---------------------------------------------------------------------------------
INFO: [Synth 8-638] synthesizing module 'system_v_tc_0_0' [d:/prj/pynq/zynq_prj/zynq_prj.srcs/sources_1/bd/system/ip/system_v_tc_0_0/synth/system_v_tc_0_0.vhd:74]
	Parameter C_HAS_AXI4_LITE bound to: 0 - type: integer 
	Parameter C_HAS_INTC_IF bound to: 0 - type: integer 
	Parameter C_GEN_INTERLACED bound to: 0 - type: integer 
	Parameter C_GEN_HACTIVE_SIZE bound to: 640 - type: integer 
	Parameter C_GEN_VACTIVE_SIZE bound to: 480 - type: integer 
	Parameter C_GEN_CPARITY bound to: 0 - type: integer 
	Parameter C_GEN_FIELDID_POLARITY bound to: 1 - type: integer 
	Parameter C_GEN_VBLANK_POLARITY bound to: 1 - type: integer 
	Parameter C_GEN_HBLANK_POLARITY bound to: 1 - type: integer 
	Parameter C_GEN_VSYNC_POLARITY bound to: 1 - type: integer 
	Parameter C_GEN_HSYNC_POLARITY bound to: 1 - type: integer 
	Parameter C_GEN_AVIDEO_POLARITY bound to: 1 - type: integer 
	Parameter C_GEN_ACHROMA_POLARITY bound to: 1 - type: integer 
	Parameter C_GEN_VIDEO_FORMAT bound to: 2 - type: integer 
	Parameter C_GEN_HFRAME_SIZE bound to: 800 - type: integer 
	Parameter C_GEN_F0_VFRAME_SIZE bound to: 525 - type: integer 
	Parameter C_GEN_F1_VFRAME_SIZE bound to: 525 - type: integer 
	Parameter C_GEN_HSYNC_START bound to: 656 - type: integer 
	Parameter C_GEN_HSYNC_END bound to: 752 - type: integer 
	Parameter C_GEN_F0_VBLANK_HSTART bound to: 640 - type: integer 
	Parameter C_GEN_F0_VBLANK_HEND bound to: 640 - type: integer 
	Parameter C_GEN_F0_VSYNC_VSTART bound to: 489 - type: integer 
	Parameter C_GEN_F0_VSYNC_VEND bound to: 491 - type: integer 
	Parameter C_GEN_F0_VSYNC_HSTART bound to: 640 - type: integer 
	Parameter C_GEN_F0_VSYNC_HEND bound to: 640 - type: integer 
	Parameter C_GEN_F1_VBLANK_HSTART bound to: 640 - type: integer 
	Parameter C_GEN_F1_VBLANK_HEND bound to: 640 - type: integer 
	Parameter C_GEN_F1_VSYNC_VSTART bound to: 489 - type: integer 
	Parameter C_GEN_F1_VSYNC_VEND bound to: 491 - type: integer 
	Parameter C_GEN_F1_VSYNC_HSTART bound to: 640 - type: integer 
	Parameter C_GEN_F1_VSYNC_HEND bound to: 640 - type: integer 
	Parameter C_FSYNC_HSTART0 bound to: 0 - type: integer 
	Parameter C_FSYNC_VSTART0 bound to: 0 - type: integer 
	Parameter C_FSYNC_HSTART1 bound to: 0 - type: integer 
	Parameter C_FSYNC_VSTART1 bound to: 0 - type: integer 
	Parameter C_FSYNC_HSTART2 bound to: 0 - type: integer 
	Parameter C_FSYNC_VSTART2 bound to: 0 - type: integer 
	Parameter C_FSYNC_HSTART3 bound to: 0 - type: integer 
	Parameter C_FSYNC_VSTART3 bound to: 0 - type: integer 
	Parameter C_FSYNC_HSTART4 bound to: 0 - type: integer 
	Parameter C_FSYNC_VSTART4 bound to: 0 - type: integer 
	Parameter C_FSYNC_HSTART5 bound to: 0 - type: integer 
	Parameter C_FSYNC_VSTART5 bound to: 0 - type: integer 
	Parameter C_FSYNC_HSTART6 bound to: 0 - type: integer 
	Parameter C_FSYNC_VSTART6 bound to: 0 - type: integer 
	Parameter C_FSYNC_HSTART7 bound to: 0 - type: integer 
	Parameter C_FSYNC_VSTART7 bound to: 0 - type: integer 
	Parameter C_FSYNC_HSTART8 bound to: 0 - type: integer 
	Parameter C_FSYNC_VSTART8 bound to: 0 - type: integer 
	Parameter C_FSYNC_HSTART9 bound to: 0 - type: integer 
	Parameter C_FSYNC_VSTART9 bound to: 0 - type: integer 
	Parameter C_FSYNC_HSTART10 bound to: 0 - type: integer 
	Parameter C_FSYNC_VSTART10 bound to: 0 - type: integer 
	Parameter C_FSYNC_HSTART11 bound to: 0 - type: integer 
	Parameter C_FSYNC_VSTART11 bound to: 0 - type: integer 
	Parameter C_FSYNC_HSTART12 bound to: 0 - type: integer 
	Parameter C_FSYNC_VSTART12 bound to: 0 - type: integer 
	Parameter C_FSYNC_HSTART13 bound to: 0 - type: integer 
	Parameter C_FSYNC_VSTART13 bound to: 0 - type: integer 
	Parameter C_FSYNC_HSTART14 bound to: 0 - type: integer 
	Parameter C_FSYNC_VSTART14 bound to: 0 - type: integer 
	Parameter C_FSYNC_HSTART15 bound to: 0 - type: integer 
	Parameter C_FSYNC_VSTART15 bound to: 0 - type: integer 
	Parameter C_MAX_PIXELS bound to: 4096 - type: integer 
	Parameter C_MAX_LINES bound to: 4096 - type: integer 
	Parameter C_NUM_FSYNCS bound to: 1 - type: integer 
	Parameter C_INTERLACE_EN bound to: 0 - type: integer 
	Parameter C_GEN_AUTO_SWITCH bound to: 0 - type: integer 
	Parameter C_DETECT_EN bound to: 0 - type: integer 
	Parameter C_SYNC_EN bound to: 0 - type: integer 
	Parameter C_GENERATE_EN bound to: 1 - type: integer 
	Parameter C_DET_HSYNC_EN bound to: 1 - type: integer 
	Parameter C_DET_VSYNC_EN bound to: 1 - type: integer 
	Parameter C_DET_HBLANK_EN bound to: 1 - type: integer 
	Parameter C_DET_VBLANK_EN bound to: 1 - type: integer 
	Parameter C_DET_AVIDEO_EN bound to: 1 - type: integer 
	Parameter C_DET_ACHROMA_EN bound to: 0 - type: integer 
	Parameter C_GEN_HSYNC_EN bound to: 1 - type: integer 
	Parameter C_GEN_VSYNC_EN bound to: 1 - type: integer 
	Parameter C_GEN_HBLANK_EN bound to: 1 - type: integer 
	Parameter C_GEN_VBLANK_EN bound to: 1 - type: integer 
	Parameter C_GEN_AVIDEO_EN bound to: 1 - type: integer 
	Parameter C_GEN_ACHROMA_EN bound to: 0 - type: integer 
	Parameter C_GEN_FIELDID_EN bound to: 0 - type: integer 
	Parameter C_DET_FIELDID_EN bound to: 0 - type: integer 
INFO: [Synth 8-3491] module 'v_tc' declared at 'd:/prj/pynq/zynq_prj/zynq_prj.srcs/sources_1/bd/system/ipshared/6694/hdl/v_tc_v6_1_vh_rfs.vhd:7217' bound to instance 'U0' of component 'v_tc' [d:/prj/pynq/zynq_prj/zynq_prj.srcs/sources_1/bd/system/ip/system_v_tc_0_0/synth/system_v_tc_0_0.vhd:234]
INFO: [Synth 8-256] done synthesizing module 'system_v_tc_0_0' (5#1) [d:/prj/pynq/zynq_prj/zynq_prj.srcs/sources_1/bd/system/ip/system_v_tc_0_0/synth/system_v_tc_0_0.vhd:74]
WARNING: [Synth 8-3331] design tc_generator has unconnected port gen_v0chroma_start[11]
WARNING: [Synth 8-3331] design tc_generator has unconnected port gen_v0chroma_start[10]
WARNING: [Synth 8-3331] design tc_generator has unconnected port gen_v0chroma_start[9]
WARNING: [Synth 8-3331] design tc_generator has unconnected port gen_v0chroma_start[8]
WARNING: [Synth 8-3331] design tc_generator has unconnected port gen_v0chroma_start[7]
WARNING: [Synth 8-3331] design tc_generator has unconnected port gen_v0chroma_start[6]
WARNING: [Synth 8-3331] design tc_generator has unconnected port gen_v0chroma_start[5]
WARNING: [Synth 8-3331] design tc_generator has unconnected port gen_v0chroma_start[4]
WARNING: [Synth 8-3331] design tc_generator has unconnected port gen_v0chroma_start[3]
WARNING: [Synth 8-3331] design tc_generator has unconnected port gen_v0chroma_start[2]
WARNING: [Synth 8-3331] design tc_generator has unconnected port gen_v0chroma_start[1]
WARNING: [Synth 8-3331] design tc_generator has unconnected port gen_v0chroma_start[0]
WARNING: [Synth 8-3331] design tc_generator has unconnected port gen_v1total[11]
WARNING: [Synth 8-3331] design tc_generator has unconnected port gen_v1total[10]
WARNING: [Synth 8-3331] design tc_generator has unconnected port gen_v1total[9]
WARNING: [Synth 8-3331] design tc_generator has unconnected port gen_v1total[8]
WARNING: [Synth 8-3331] design tc_generator has unconnected port gen_v1total[7]
WARNING: [Synth 8-3331] design tc_generator has unconnected port gen_v1total[6]
WARNING: [Synth 8-3331] design tc_generator has unconnected port gen_v1total[5]
WARNING: [Synth 8-3331] design tc_generator has unconnected port gen_v1total[4]
WARNING: [Synth 8-3331] design tc_generator has unconnected port gen_v1total[3]
WARNING: [Synth 8-3331] design tc_generator has unconnected port gen_v1total[2]
WARNING: [Synth 8-3331] design tc_generator has unconnected port gen_v1total[1]
WARNING: [Synth 8-3331] design tc_generator has unconnected port gen_v1total[0]
WARNING: [Synth 8-3331] design tc_generator has unconnected port gen_v1fp_start[11]
WARNING: [Synth 8-3331] design tc_generator has unconnected port gen_v1fp_start[10]
WARNING: [Synth 8-3331] design tc_generator has unconnected port gen_v1fp_start[9]
WARNING: [Synth 8-3331] design tc_generator has unconnected port gen_v1fp_start[8]
WARNING: [Synth 8-3331] design tc_generator has unconnected port gen_v1fp_start[7]
WARNING: [Synth 8-3331] design tc_generator has unconnected port gen_v1fp_start[6]
WARNING: [Synth 8-3331] design tc_generator has unconnected port gen_v1fp_start[5]
WARNING: [Synth 8-3331] design tc_generator has unconnected port gen_v1fp_start[4]
WARNING: [Synth 8-3331] design tc_generator has unconnected port gen_v1fp_start[3]
WARNING: [Synth 8-3331] design tc_generator has unconnected port gen_v1fp_start[2]
WARNING: [Synth 8-3331] design tc_generator has unconnected port gen_v1fp_start[1]
WARNING: [Synth 8-3331] design tc_generator has unconnected port gen_v1fp_start[0]
WARNING: [Synth 8-3331] design tc_generator has unconnected port gen_v1sync_start[11]
WARNING: [Synth 8-3331] design tc_generator has unconnected port gen_v1sync_start[10]
WARNING: [Synth 8-3331] design tc_generator has unconnected port gen_v1sync_start[9]
WARNING: [Synth 8-3331] design tc_generator has unconnected port gen_v1sync_start[8]
WARNING: [Synth 8-3331] design tc_generator has unconnected port gen_v1sync_start[7]
WARNING: [Synth 8-3331] design tc_generator has unconnected port gen_v1sync_start[6]
WARNING: [Synth 8-3331] design tc_generator has unconnected port gen_v1sync_start[5]
WARNING: [Synth 8-3331] design tc_generator has unconnected port gen_v1sync_start[4]
WARNING: [Synth 8-3331] design tc_generator has unconnected port gen_v1sync_start[3]
WARNING: [Synth 8-3331] design tc_generator has unconnected port gen_v1sync_start[2]
WARNING: [Synth 8-3331] design tc_generator has unconnected port gen_v1sync_start[1]
WARNING: [Synth 8-3331] design tc_generator has unconnected port gen_v1sync_start[0]
WARNING: [Synth 8-3331] design tc_generator has unconnected port gen_v1bp_start[11]
WARNING: [Synth 8-3331] design tc_generator has unconnected port gen_v1bp_start[10]
WARNING: [Synth 8-3331] design tc_generator has unconnected port gen_v1bp_start[9]
WARNING: [Synth 8-3331] design tc_generator has unconnected port gen_v1bp_start[8]
WARNING: [Synth 8-3331] design tc_generator has unconnected port gen_v1bp_start[7]
WARNING: [Synth 8-3331] design tc_generator has unconnected port gen_v1bp_start[6]
WARNING: [Synth 8-3331] design tc_generator has unconnected port gen_v1bp_start[5]
WARNING: [Synth 8-3331] design tc_generator has unconnected port gen_v1bp_start[4]
WARNING: [Synth 8-3331] design tc_generator has unconnected port gen_v1bp_start[3]
WARNING: [Synth 8-3331] design tc_generator has unconnected port gen_v1bp_start[2]
WARNING: [Synth 8-3331] design tc_generator has unconnected port gen_v1bp_start[1]
WARNING: [Synth 8-3331] design tc_generator has unconnected port gen_v1bp_start[0]
WARNING: [Synth 8-3331] design tc_generator has unconnected port gen_v1active_start[11]
WARNING: [Synth 8-3331] design tc_generator has unconnected port gen_v1active_start[10]
WARNING: [Synth 8-3331] design tc_generator has unconnected port gen_v1active_start[9]
WARNING: [Synth 8-3331] design tc_generator has unconnected port gen_v1active_start[8]
WARNING: [Synth 8-3331] design tc_generator has unconnected port gen_v1active_start[7]
WARNING: [Synth 8-3331] design tc_generator has unconnected port gen_v1active_start[6]
WARNING: [Synth 8-3331] design tc_generator has unconnected port gen_v1active_start[5]
WARNING: [Synth 8-3331] design tc_generator has unconnected port gen_v1active_start[4]
WARNING: [Synth 8-3331] design tc_generator has unconnected port gen_v1active_start[3]
WARNING: [Synth 8-3331] design tc_generator has unconnected port gen_v1active_start[2]
WARNING: [Synth 8-3331] design tc_generator has unconnected port gen_v1active_start[1]
WARNING: [Synth 8-3331] design tc_generator has unconnected port gen_v1active_start[0]
WARNING: [Synth 8-3331] design tc_generator has unconnected port gen_v1chroma_start[11]
WARNING: [Synth 8-3331] design tc_generator has unconnected port gen_v1chroma_start[10]
WARNING: [Synth 8-3331] design tc_generator has unconnected port gen_v1chroma_start[9]
WARNING: [Synth 8-3331] design tc_generator has unconnected port gen_v1chroma_start[8]
WARNING: [Synth 8-3331] design tc_generator has unconnected port gen_v1chroma_start[7]
WARNING: [Synth 8-3331] design tc_generator has unconnected port gen_v1chroma_start[6]
WARNING: [Synth 8-3331] design tc_generator has unconnected port gen_v1chroma_start[5]
WARNING: [Synth 8-3331] design tc_generator has unconnected port gen_v1chroma_start[4]
WARNING: [Synth 8-3331] design tc_generator has unconnected port gen_v1chroma_start[3]
WARNING: [Synth 8-3331] design tc_generator has unconnected port gen_v1chroma_start[2]
WARNING: [Synth 8-3331] design tc_generator has unconnected port gen_v1chroma_start[1]
WARNING: [Synth 8-3331] design tc_generator has unconnected port gen_v1chroma_start[0]
WARNING: [Synth 8-3331] design tc_generator has unconnected port gen_v1fp_start_hori[11]
WARNING: [Synth 8-3331] design tc_generator has unconnected port gen_v1fp_start_hori[10]
WARNING: [Synth 8-3331] design tc_generator has unconnected port gen_v1fp_start_hori[9]
WARNING: [Synth 8-3331] design tc_generator has unconnected port gen_v1fp_start_hori[8]
WARNING: [Synth 8-3331] design tc_generator has unconnected port gen_v1fp_start_hori[7]
WARNING: [Synth 8-3331] design tc_generator has unconnected port gen_v1fp_start_hori[6]
WARNING: [Synth 8-3331] design tc_generator has unconnected port gen_v1fp_start_hori[5]
WARNING: [Synth 8-3331] design tc_generator has unconnected port gen_v1fp_start_hori[4]
WARNING: [Synth 8-3331] design tc_generator has unconnected port gen_v1fp_start_hori[3]
WARNING: [Synth 8-3331] design tc_generator has unconnected port gen_v1fp_start_hori[2]
WARNING: [Synth 8-3331] design tc_generator has unconnected port gen_v1fp_start_hori[1]
WARNING: [Synth 8-3331] design tc_generator has unconnected port gen_v1fp_start_hori[0]
WARNING: [Synth 8-3331] design tc_generator has unconnected port gen_v1sync_start_hori[11]
WARNING: [Synth 8-3331] design tc_generator has unconnected port gen_v1sync_start_hori[10]
WARNING: [Synth 8-3331] design tc_generator has unconnected port gen_v1sync_start_hori[9]
WARNING: [Synth 8-3331] design tc_generator has unconnected port gen_v1sync_start_hori[8]
INFO: [Common 17-14] Message 'Synth 8-3331' appears 100 times and further instances of the messages will be disabled. Use the Tcl command set_msg_config to change the current settings.
---------------------------------------------------------------------------------
Finished RTL Elaboration : Time (s): cpu = 00:00:21 ; elapsed = 00:00:24 . Memory (MB): peak = 461.883 ; gain = 156.824
---------------------------------------------------------------------------------

Report Check Netlist: 
+------+------------------+-------+---------+-------+------------------+
|      |Item              |Errors |Warnings |Status |Description       |
+------+------------------+-------+---------+-------+------------------+
|1     |multi_driven_nets |      0|        0|Passed |Multi driven nets |
+------+------------------+-------+---------+-------+------------------+
---------------------------------------------------------------------------------
Finished RTL Optimization Phase 1 : Time (s): cpu = 00:00:21 ; elapsed = 00:00:24 . Memory (MB): peak = 461.883 ; gain = 156.824
---------------------------------------------------------------------------------
INFO: [Device 21-403] Loading part xc7z020clg400-1
INFO: [Project 1-570] Preparing netlist for logic optimization

Processing XDC Constraints
Initializing timing engine
Parsing XDC File [d:/prj/pynq/zynq_prj/zynq_prj.srcs/sources_1/bd/system/ip/system_v_tc_0_0/system_v_tc_0_0_ooc.xdc] for cell 'U0'
Finished Parsing XDC File [d:/prj/pynq/zynq_prj/zynq_prj.srcs/sources_1/bd/system/ip/system_v_tc_0_0/system_v_tc_0_0_ooc.xdc] for cell 'U0'
Parsing XDC File [D:/prj/pynq/zynq_prj/zynq_prj.runs/system_v_tc_0_0_synth_1/dont_touch.xdc]
Finished Parsing XDC File [D:/prj/pynq/zynq_prj/zynq_prj.runs/system_v_tc_0_0_synth_1/dont_touch.xdc]
Parsing XDC File [d:/prj/pynq/zynq_prj/zynq_prj.srcs/sources_1/bd/system/ip/system_v_tc_0_0/system_v_tc_0_0_clocks.xdc] for cell 'U0'
Finished Parsing XDC File [d:/prj/pynq/zynq_prj/zynq_prj.srcs/sources_1/bd/system/ip/system_v_tc_0_0/system_v_tc_0_0_clocks.xdc] for cell 'U0'
Completed Processing XDC Constraints

INFO: [Project 1-111] Unisim Transformation Summary:
No Unisim elements were transformed.

Constraint Validation Runtime : Time (s): cpu = 00:00:00 ; elapsed = 00:00:00.037 . Memory (MB): peak = 837.922 ; gain = 0.074
---------------------------------------------------------------------------------
Finished Constraint Validation : Time (s): cpu = 00:01:02 ; elapsed = 00:01:10 . Memory (MB): peak = 837.922 ; gain = 532.863
---------------------------------------------------------------------------------
---------------------------------------------------------------------------------
Start Loading Part and Timing Information
---------------------------------------------------------------------------------
Loading part: xc7z020clg400-1
---------------------------------------------------------------------------------
Finished Loading Part and Timing Information : Time (s): cpu = 00:01:02 ; elapsed = 00:01:10 . Memory (MB): peak = 837.922 ; gain = 532.863
---------------------------------------------------------------------------------
---------------------------------------------------------------------------------
Start Applying 'set_property' XDC Constraints
---------------------------------------------------------------------------------
Applied set_property DONT_TOUCH = true for U0. (constraint file  D:/prj/pynq/zynq_prj/zynq_prj.runs/system_v_tc_0_0_synth_1/dont_touch.xdc, line 9).
---------------------------------------------------------------------------------
Finished applying 'set_property' XDC Constraints : Time (s): cpu = 00:01:02 ; elapsed = 00:01:10 . Memory (MB): peak = 837.922 ; gain = 532.863
---------------------------------------------------------------------------------
---------------------------------------------------------------------------------
Finished RTL Optimization Phase 2 : Time (s): cpu = 00:01:03 ; elapsed = 00:01:11 . Memory (MB): peak = 837.922 ; gain = 532.863
---------------------------------------------------------------------------------

Report RTL Partitions: 
+-+--------------+------------+----------+
| |RTL Partition |Replication |Instances |
+-+--------------+------------+----------+
+-+--------------+------------+----------+
---------------------------------------------------------------------------------
Start RTL Component Statistics 
---------------------------------------------------------------------------------
Detailed RTL Component Info : 
+---Adders : 
	   2 Input     12 Bit       Adders := 3     
	   2 Input      1 Bit       Adders := 1     
+---XORs : 
	   2 Input      1 Bit         XORs := 6     
+---Registers : 
	               32 Bit    Registers := 1     
	               17 Bit    Registers := 1     
	               12 Bit    Registers := 17    
	                7 Bit    Registers := 1     
	                4 Bit    Registers := 2     
	                3 Bit    Registers := 1     
	                2 Bit    Registers := 1     
	                1 Bit    Registers := 31    
+---Muxes : 
	   2 Input     32 Bit        Muxes := 3     
	   2 Input     17 Bit        Muxes := 1     
	   2 Input     12 Bit        Muxes := 16    
	   3 Input     12 Bit        Muxes := 1     
	   2 Input      2 Bit        Muxes := 1     
	   2 Input      1 Bit        Muxes := 50    
---------------------------------------------------------------------------------
Finished RTL Component Statistics 
---------------------------------------------------------------------------------
---------------------------------------------------------------------------------
Start RTL Hierarchical Component Statistics 
---------------------------------------------------------------------------------
Hierarchical RTL Component report 
Module tc_generator 
Detailed RTL Component Info : 
+---Adders : 
	   2 Input     12 Bit       Adders := 3     
	   2 Input      1 Bit       Adders := 1     
+---XORs : 
	   2 Input      1 Bit         XORs := 6     
+---Registers : 
	               17 Bit    Registers := 1     
	               12 Bit    Registers := 15    
	                2 Bit    Registers := 1     
	                1 Bit    Registers := 23    
+---Muxes : 
	   2 Input     17 Bit        Muxes := 1     
	   2 Input     12 Bit        Muxes := 14    
	   2 Input      2 Bit        Muxes := 1     
	   2 Input      1 Bit        Muxes := 44    
Module tc_top 
Detailed RTL Component Info : 
+---Registers : 
	               32 Bit    Registers := 1     
	                7 Bit    Registers := 1     
	                4 Bit    Registers := 2     
	                1 Bit    Registers := 8     
+---Muxes : 
	   2 Input     32 Bit        Muxes := 3     
	   2 Input      1 Bit        Muxes := 6     
Module v_tc 
Detailed RTL Component Info : 
+---Registers : 
	               12 Bit    Registers := 2     
	                3 Bit    Registers := 1     
+---Muxes : 
	   2 Input     12 Bit        Muxes := 2     
	   3 Input     12 Bit        Muxes := 1     
---------------------------------------------------------------------------------
Finished RTL Hierarchical Component Statistics
---------------------------------------------------------------------------------
---------------------------------------------------------------------------------
Start Part Resource Summary
---------------------------------------------------------------------------------
Part Resources:
DSPs: 220 (col length:60)
BRAMs: 280 (col length: RAMB18 60 RAMB36 30)
---------------------------------------------------------------------------------
Finished Part Resource Summary
---------------------------------------------------------------------------------
---------------------------------------------------------------------------------
Start Cross Boundary and Area Optimization
---------------------------------------------------------------------------------
INFO: [Synth 8-3886] merging instance 'U0/U_TC_TOP/GEN_GENERATOR.U_TC_GEN/v0active_start_reg[0]' (FDRE) to 'U0/U_TC_TOP/GEN_GENERATOR.U_TC_GEN/v0active_start_reg[1]'
INFO: [Synth 8-3886] merging instance 'U0/U_TC_TOP/GEN_GENERATOR.U_TC_GEN/v0active_start_reg[1]' (FDRE) to 'U0/U_TC_TOP/GEN_GENERATOR.U_TC_GEN/v0active_start_reg[2]'
INFO: [Synth 8-3886] merging instance 'U0/U_TC_TOP/GEN_GENERATOR.U_TC_GEN/v0active_start_reg[2]' (FDRE) to 'U0/U_TC_TOP/GEN_GENERATOR.U_TC_GEN/v0active_start_reg[3]'
INFO: [Synth 8-3886] merging instance 'U0/U_TC_TOP/GEN_GENERATOR.U_TC_GEN/hactive_start_reg[0]' (FDRE) to 'U0/U_TC_TOP/GEN_GENERATOR.U_TC_GEN/v0active_start_reg[3]'
INFO: [Synth 8-3886] merging instance 'U0/U_TC_TOP/GEN_GENERATOR.U_TC_GEN/hactive_start_reg[1]' (FDRE) to 'U0/U_TC_TOP/GEN_GENERATOR.U_TC_GEN/v0active_start_reg[3]'
INFO: [Synth 8-3886] merging instance 'U0/U_TC_TOP/GEN_GENERATOR.U_TC_GEN/hactive_start_reg[2]' (FDRE) to 'U0/U_TC_TOP/GEN_GENERATOR.U_TC_GEN/v0active_start_reg[3]'
INFO: [Synth 8-3886] merging instance 'U0/U_TC_TOP/GEN_GENERATOR.U_TC_GEN/v0active_start_reg[3]' (FDRE) to 'U0/U_TC_TOP/GEN_GENERATOR.U_TC_GEN/v0active_start_reg[4]'
INFO: [Synth 8-3886] merging instance 'U0/U_TC_TOP/GEN_GENERATOR.U_TC_GEN/v0active_start_reg[4]' (FDRE) to 'U0/U_TC_TOP/GEN_GENERATOR.U_TC_GEN/v0active_start_reg[5]'
INFO: [Synth 8-3886] merging instance 'U0/U_TC_TOP/GEN_GENERATOR.U_TC_GEN/v0active_start_reg[5]' (FDRE) to 'U0/U_TC_TOP/GEN_GENERATOR.U_TC_GEN/v0active_start_reg[6]'
INFO: [Synth 8-3886] merging instance 'U0/U_TC_TOP/GEN_GENERATOR.U_TC_GEN/v0active_start_reg[6]' (FDRE) to 'U0/U_TC_TOP/GEN_GENERATOR.U_TC_GEN/v0active_start_reg[7]'
INFO: [Synth 8-3886] merging instance 'U0/U_TC_TOP/GEN_GENERATOR.U_TC_GEN/v0active_start_reg[7]' (FDRE) to 'U0/U_TC_TOP/GEN_GENERATOR.U_TC_GEN/v0active_start_reg[8]'
INFO: [Synth 8-3886] merging instance 'U0/U_TC_TOP/GEN_GENERATOR.U_TC_GEN/v0active_start_reg[8]' (FDRE) to 'U0/U_TC_TOP/GEN_GENERATOR.U_TC_GEN/v0active_start_reg[9]'
INFO: [Synth 8-3886] merging instance 'U0/U_TC_TOP/GEN_GENERATOR.U_TC_GEN/v0active_start_reg[9]' (FDRE) to 'U0/U_TC_TOP/GEN_GENERATOR.U_TC_GEN/v0active_start_reg[10]'
INFO: [Synth 8-3886] merging instance 'U0/U_TC_TOP/GEN_GENERATOR.U_TC_GEN/v0active_start_reg[10]' (FDRE) to 'U0/U_TC_TOP/GEN_GENERATOR.U_TC_GEN/v0active_start_reg[11]'
INFO: [Synth 8-3886] merging instance 'U0/U_TC_TOP/GEN_GENERATOR.U_TC_GEN/v0active_start_reg[11]' (FDRE) to 'U0/U_TC_TOP/GEN_GENERATOR.U_TC_GEN/hactive_start_reg[3]'
INFO: [Synth 8-3333] propagating constant 0 across sequential element (U0/\U_TC_TOP/GEN_GENERATOR.U_TC_GEN/field_id_int_reg )
INFO: [Synth 8-3886] merging instance 'U0/U_TC_TOP/GEN_GENERATOR.U_TC_GEN/hactive_start_reg[3]' (FDRE) to 'U0/U_TC_TOP/GEN_GENERATOR.U_TC_GEN/hactive_start_reg[4]'
INFO: [Synth 8-3886] merging instance 'U0/U_TC_TOP/GEN_GENERATOR.U_TC_GEN/hactive_start_reg[4]' (FDRE) to 'U0/U_TC_TOP/GEN_GENERATOR.U_TC_GEN/hactive_start_reg[5]'
INFO: [Synth 8-3886] merging instance 'U0/U_TC_TOP/GEN_GENERATOR.U_TC_GEN/hactive_start_reg[5]' (FDRE) to 'U0/U_TC_TOP/GEN_GENERATOR.U_TC_GEN/hactive_start_reg[6]'
INFO: [Synth 8-3886] merging instance 'U0/U_TC_TOP/GEN_GENERATOR.U_TC_GEN/hactive_start_reg[6]' (FDRE) to 'U0/U_TC_TOP/GEN_GENERATOR.U_TC_GEN/hactive_start_reg[7]'
INFO: [Synth 8-3886] merging instance 'U0/U_TC_TOP/GEN_GENERATOR.U_TC_GEN/hactive_start_reg[7]' (FDRE) to 'U0/U_TC_TOP/GEN_GENERATOR.U_TC_GEN/hactive_start_reg[8]'
INFO: [Synth 8-3886] merging instance 'U0/U_TC_TOP/GEN_GENERATOR.U_TC_GEN/hactive_start_reg[8]' (FDRE) to 'U0/U_TC_TOP/GEN_GENERATOR.U_TC_GEN/hactive_start_reg[9]'
INFO: [Synth 8-3886] merging instance 'U0/U_TC_TOP/GEN_GENERATOR.U_TC_GEN/hactive_start_reg[9]' (FDRE) to 'U0/U_TC_TOP/GEN_GENERATOR.U_TC_GEN/hactive_start_reg[10]'
INFO: [Synth 8-3886] merging instance 'U0/U_TC_TOP/GEN_GENERATOR.U_TC_GEN/hactive_start_reg[10]' (FDRE) to 'U0/U_TC_TOP/GEN_GENERATOR.U_TC_GEN/hactive_start_reg[11]'
INFO: [Synth 8-3333] propagating constant 0 across sequential element (U0/\U_TC_TOP/GEN_GENERATOR.U_TC_GEN/hactive_start_reg[11] )
INFO: [Synth 8-3886] merging instance 'U0/U_TC_TOP/GEN_GENERATOR.U_TC_GEN/param_cfg_reg[8]' (FDRE) to 'U0/U_TC_TOP/GEN_GENERATOR.U_TC_GEN/param_cfg_reg[0]'
INFO: [Synth 8-3886] merging instance 'U0/U_TC_TOP/GEN_GENERATOR.U_TC_GEN/param_cfg_reg[6]' (FDRE) to 'U0/U_TC_TOP/GEN_GENERATOR.U_TC_GEN/param_cfg_reg[0]'
INFO: [Synth 8-3886] merging instance 'U0/U_TC_TOP/GEN_GENERATOR.U_TC_GEN/param_cfg_reg[7]' (FDRE) to 'U0/U_TC_TOP/GEN_GENERATOR.U_TC_GEN/param_cfg_reg[0]'
INFO: [Synth 8-3886] merging instance 'U0/U_TC_TOP/GEN_GENERATOR.U_TC_GEN/param_cfg_reg[10]' (FDRE) to 'U0/U_TC_TOP/GEN_GENERATOR.U_TC_GEN/param_cfg_reg[0]'
INFO: [Synth 8-3886] merging instance 'U0/U_TC_TOP/GEN_GENERATOR.U_TC_GEN/param_cfg_reg[9]' (FDRE) to 'U0/U_TC_TOP/GEN_GENERATOR.U_TC_GEN/param_cfg_reg[0]'
INFO: [Synth 8-3886] merging instance 'U0/U_TC_TOP/GEN_GENERATOR.U_TC_GEN/param_cfg_reg[2]' (FDRE) to 'U0/U_TC_TOP/GEN_GENERATOR.U_TC_GEN/param_cfg_reg[0]'
INFO: [Synth 8-3886] merging instance 'U0/U_TC_TOP/GEN_GENERATOR.U_TC_GEN/param_cfg_reg[0]' (FDRE) to 'U0/U_TC_TOP/GEN_GENERATOR.U_TC_GEN/param_cfg_reg[1]'
INFO: [Synth 8-3886] merging instance 'U0/U_TC_TOP/GEN_GENERATOR.U_TC_GEN/param_cfg_reg[1]' (FDRE) to 'U0/U_TC_TOP/GEN_GENERATOR.U_TC_GEN/param_cfg_reg[3]'
INFO: [Synth 8-3886] merging instance 'U0/U_TC_TOP/GEN_GENERATOR.U_TC_GEN/param_cfg_reg[5]' (FDRE) to 'U0/U_TC_TOP/GEN_GENERATOR.U_TC_GEN/param_cfg_reg[3]'
INFO: [Synth 8-3886] merging instance 'U0/U_TC_TOP/GEN_GENERATOR.U_TC_GEN/param_cfg_reg[3]' (FDRE) to 'U0/U_TC_TOP/GEN_GENERATOR.U_TC_GEN/param_cfg_reg[4]'
INFO: [Synth 8-3333] propagating constant 1 across sequential element (U0/\U_TC_TOP/GEN_GENERATOR.U_TC_GEN/active_chroma_int_reg )
INFO: [Synth 8-3333] propagating constant 0 across sequential element (U0/\U_TC_TOP/GEN_GENERATOR.U_TC_GEN/field_id_reg )
INFO: [Synth 8-3332] Sequential element (U_TC_TOP/GEN_GENERATOR.U_TC_GEN/field_id_int_reg) is unused and will be removed from module v_tc.
INFO: [Synth 8-3332] Sequential element (U_TC_TOP/GEN_GENERATOR.U_TC_GEN/param_cfg_reg[16]) is unused and will be removed from module v_tc.
INFO: [Synth 8-3332] Sequential element (U_TC_TOP/GEN_GENERATOR.U_TC_GEN/param_cfg_reg[15]) is unused and will be removed from module v_tc.
INFO: [Synth 8-3332] Sequential element (U_TC_TOP/GEN_GENERATOR.U_TC_GEN/param_cfg_reg[14]) is unused and will be removed from module v_tc.
INFO: [Synth 8-3332] Sequential element (U_TC_TOP/GEN_GENERATOR.U_TC_GEN/param_cfg_reg[13]) is unused and will be removed from module v_tc.
INFO: [Synth 8-3332] Sequential element (U_TC_TOP/GEN_GENERATOR.U_TC_GEN/param_cfg_reg[12]) is unused and will be removed from module v_tc.
INFO: [Synth 8-3332] Sequential element (U_TC_TOP/GEN_GENERATOR.U_TC_GEN/param_cfg_reg[11]) is unused and will be removed from module v_tc.
INFO: [Synth 8-3332] Sequential element (U_TC_TOP/GEN_GENERATOR.U_TC_GEN/field_id_reg) is unused and will be removed from module v_tc.
INFO: [Synth 8-3332] Sequential element (U_TC_TOP/GEN_GENERATOR.U_TC_GEN/active_chroma_int_reg) is unused and will be removed from module v_tc.
INFO: [Synth 8-3332] Sequential element (U_TC_TOP/GEN_GENERATOR.U_TC_GEN/chroma_skip_reg[1]) is unused and will be removed from module v_tc.
INFO: [Synth 8-3332] Sequential element (U_TC_TOP/GEN_GENERATOR.U_TC_GEN/chroma_skip_reg[0]) is unused and will be removed from module v_tc.
INFO: [Synth 8-3332] Sequential element (U_TC_TOP/GEN_GENERATOR.U_TC_GEN/c_count_reg[0]) is unused and will be removed from module v_tc.
INFO: [Synth 8-3332] Sequential element (U_TC_TOP/GEN_GENERATOR.U_TC_GEN/c_count_d_reg[0]) is unused and will be removed from module v_tc.
INFO: [Synth 8-3332] Sequential element (U_TC_TOP/GEN_GENERATOR.U_TC_GEN/active_chroma_420_reg) is unused and will be removed from module v_tc.
INFO: [Synth 8-3332] Sequential element (U_TC_TOP/all_lock_reg) is unused and will be removed from module v_tc.
INFO: [Synth 8-3332] Sequential element (U_TC_TOP/all_lock_d_reg) is unused and will be removed from module v_tc.
INFO: [Synth 8-3332] Sequential element (U_TC_TOP/found_lock_reg) is unused and will be removed from module v_tc.
INFO: [Synth 8-3332] Sequential element (U_TC_TOP/update_reg_reg) is unused and will be removed from module v_tc.
INFO: [Synth 8-3332] Sequential element (gen_encoding_reg[2]) is unused and will be removed from module v_tc.
INFO: [Synth 8-3332] Sequential element (gen_encoding_reg[1]) is unused and will be removed from module v_tc.
INFO: [Synth 8-3332] Sequential element (gen_encoding_reg[0]) is unused and will be removed from module v_tc.
INFO: [Synth 8-3332] Sequential element (gen_v0chroma_start_reg[11]) is unused and will be removed from module v_tc.
INFO: [Synth 8-3332] Sequential element (gen_v0chroma_start_reg[10]) is unused and will be removed from module v_tc.
INFO: [Synth 8-3332] Sequential element (gen_v0chroma_start_reg[9]) is unused and will be removed from module v_tc.
INFO: [Synth 8-3332] Sequential element (gen_v0chroma_start_reg[8]) is unused and will be removed from module v_tc.
INFO: [Synth 8-3332] Sequential element (gen_v0chroma_start_reg[7]) is unused and will be removed from module v_tc.
INFO: [Synth 8-3332] Sequential element (gen_v0chroma_start_reg[6]) is unused and will be removed from module v_tc.
INFO: [Synth 8-3332] Sequential element (gen_v0chroma_start_reg[5]) is unused and will be removed from module v_tc.
INFO: [Synth 8-3332] Sequential element (gen_v0chroma_start_reg[4]) is unused and will be removed from module v_tc.
INFO: [Synth 8-3332] Sequential element (gen_v0chroma_start_reg[3]) is unused and will be removed from module v_tc.
INFO: [Synth 8-3332] Sequential element (gen_v0chroma_start_reg[2]) is unused and will be removed from module v_tc.
INFO: [Synth 8-3332] Sequential element (gen_v0chroma_start_reg[1]) is unused and will be removed from module v_tc.
INFO: [Synth 8-3332] Sequential element (U_TC_TOP/GEN_GENERATOR.U_TC_GEN/hactive_start_reg[11]) is unused and will be removed from module v_tc.
INFO: [Synth 8-3886] merging instance 'U0/U_TC_TOP/intr_error_int_reg[0]' (FDRE) to 'U0/U_TC_TOP/intr_error_int_reg[1]'
INFO: [Synth 8-3886] merging instance 'U0/U_TC_TOP/intr_error_int_reg[1]' (FDRE) to 'U0/U_TC_TOP/intr_error_int_reg[2]'
INFO: [Synth 8-3886] merging instance 'U0/U_TC_TOP/intr_error_int_reg[2]' (FDRE) to 'U0/U_TC_TOP/intr_error_int_reg[3]'
INFO: [Synth 8-3886] merging instance 'U0/U_TC_TOP/intr_error_int_reg[3]' (FDRE) to 'U0/U_TC_TOP/intr_error_int_reg[4]'
INFO: [Synth 8-3886] merging instance 'U0/U_TC_TOP/intr_error_int_reg[4]' (FDRE) to 'U0/U_TC_TOP/intr_error_int_reg[5]'
INFO: [Synth 8-3886] merging instance 'U0/U_TC_TOP/intr_error_int_reg[5]' (FDRE) to 'U0/U_TC_TOP/intr_error_int_reg[6]'
INFO: [Synth 8-3333] propagating constant 0 across sequential element (U0/\U_TC_TOP/intr_error_int_reg[6] )
INFO: [Synth 8-3333] propagating constant 0 across sequential element (U0/\U_TC_TOP/intr_status_int_reg[8] )
INFO: [Synth 8-3332] Sequential element (U_TC_TOP/det_active_video_d_reg) is unused and will be removed from module v_tc.
INFO: [Synth 8-3332] Sequential element (U_TC_TOP/det_vblank_d_reg) is unused and will be removed from module v_tc.
INFO: [Synth 8-3332] Sequential element (U_TC_TOP/intr_status_int_reg[8]) is unused and will be removed from module v_tc.
INFO: [Synth 8-3332] Sequential element (U_TC_TOP/intr_error_int_reg[6]) is unused and will be removed from module v_tc.
---------------------------------------------------------------------------------
Finished Cross Boundary and Area Optimization : Time (s): cpu = 00:01:06 ; elapsed = 00:01:15 . Memory (MB): peak = 837.922 ; gain = 532.863
---------------------------------------------------------------------------------

Report RTL Partitions: 
+-+--------------+------------+----------+
| |RTL Partition |Replication |Instances |
+-+--------------+------------+----------+
+-+--------------+------------+----------+
---------------------------------------------------------------------------------
Start Applying XDC Timing Constraints
---------------------------------------------------------------------------------
---------------------------------------------------------------------------------
Finished Applying XDC Timing Constraints : Time (s): cpu = 00:01:30 ; elapsed = 00:01:42 . Memory (MB): peak = 837.922 ; gain = 532.863
---------------------------------------------------------------------------------
---------------------------------------------------------------------------------
Start Timing Optimization
---------------------------------------------------------------------------------
---------------------------------------------------------------------------------
Finished Timing Optimization : Time (s): cpu = 00:01:31 ; elapsed = 00:01:42 . Memory (MB): peak = 840.523 ; gain = 535.465
---------------------------------------------------------------------------------

Report RTL Partitions: 
+-+--------------+------------+----------+
| |RTL Partition |Replication |Instances |
+-+--------------+------------+----------+
+-+--------------+------------+----------+
---------------------------------------------------------------------------------
Start Technology Mapping
---------------------------------------------------------------------------------
INFO: [Synth 8-3332] Sequential element (U_TC_TOP/intr_status_int_reg[31]) is unused and will be removed from module v_tc.
INFO: [Synth 8-3332] Sequential element (U_TC_TOP/intr_status_int_reg[30]) is unused and will be removed from module v_tc.
INFO: [Synth 8-3332] Sequential element (U_TC_TOP/intr_status_int_reg[29]) is unused and will be removed from module v_tc.
INFO: [Synth 8-3332] Sequential element (U_TC_TOP/intr_status_int_reg[28]) is unused and will be removed from module v_tc.
INFO: [Synth 8-3332] Sequential element (U_TC_TOP/intr_status_int_reg[27]) is unused and will be removed from module v_tc.
INFO: [Synth 8-3332] Sequential element (U_TC_TOP/intr_status_int_reg[26]) is unused and will be removed from module v_tc.
INFO: [Synth 8-3332] Sequential element (U_TC_TOP/intr_status_int_reg[25]) is unused and will be removed from module v_tc.
INFO: [Synth 8-3332] Sequential element (U_TC_TOP/intr_status_int_reg[24]) is unused and will be removed from module v_tc.
INFO: [Synth 8-3332] Sequential element (U_TC_TOP/intr_status_int_reg[23]) is unused and will be removed from module v_tc.
INFO: [Synth 8-3332] Sequential element (U_TC_TOP/intr_status_int_reg[22]) is unused and will be removed from module v_tc.
INFO: [Synth 8-3332] Sequential element (U_TC_TOP/intr_status_int_reg[21]) is unused and will be removed from module v_tc.
INFO: [Synth 8-3332] Sequential element (U_TC_TOP/intr_status_int_reg[20]) is unused and will be removed from module v_tc.
INFO: [Synth 8-3332] Sequential element (U_TC_TOP/intr_status_int_reg[19]) is unused and will be removed from module v_tc.
INFO: [Synth 8-3332] Sequential element (U_TC_TOP/intr_status_int_reg[18]) is unused and will be removed from module v_tc.
INFO: [Synth 8-3332] Sequential element (U_TC_TOP/intr_status_int_reg[17]) is unused and will be removed from module v_tc.
INFO: [Synth 8-3332] Sequential element (U_TC_TOP/intr_status_int_reg[15]) is unused and will be removed from module v_tc.
INFO: [Synth 8-3332] Sequential element (U_TC_TOP/intr_status_int_reg[14]) is unused and will be removed from module v_tc.
INFO: [Synth 8-3332] Sequential element (U_TC_TOP/intr_status_int_reg[11]) is unused and will be removed from module v_tc.
INFO: [Synth 8-3332] Sequential element (U_TC_TOP/intr_status_int_reg[10]) is unused and will be removed from module v_tc.
INFO: [Synth 8-3332] Sequential element (U_TC_TOP/intr_status_int_reg[7]) is unused and will be removed from module v_tc.
INFO: [Synth 8-3332] Sequential element (U_TC_TOP/intr_status_int_reg[6]) is unused and will be removed from module v_tc.
INFO: [Synth 8-3332] Sequential element (U_TC_TOP/intr_status_int_reg[5]) is unused and will be removed from module v_tc.
INFO: [Synth 8-3332] Sequential element (U_TC_TOP/intr_status_int_reg[4]) is unused and will be removed from module v_tc.
INFO: [Synth 8-3332] Sequential element (U_TC_TOP/intr_status_int_reg[3]) is unused and will be removed from module v_tc.
INFO: [Synth 8-3332] Sequential element (U_TC_TOP/intr_status_int_reg[2]) is unused and will be removed from module v_tc.
INFO: [Synth 8-3332] Sequential element (U_TC_TOP/intr_status_int_reg[1]) is unused and will be removed from module v_tc.
INFO: [Synth 8-3332] Sequential element (U_TC_TOP/intr_status_int_reg[0]) is unused and will be removed from module v_tc.
---------------------------------------------------------------------------------
Finished Technology Mapping : Time (s): cpu = 00:01:31 ; elapsed = 00:01:43 . Memory (MB): peak = 850.875 ; gain = 545.816
---------------------------------------------------------------------------------

Report RTL Partitions: 
+-+--------------+------------+----------+
| |RTL Partition |Replication |Instances |
+-+--------------+------------+----------+
+-+--------------+------------+----------+
---------------------------------------------------------------------------------
Start IO Insertion
---------------------------------------------------------------------------------
---------------------------------------------------------------------------------
Start Flattening Before IO Insertion
---------------------------------------------------------------------------------
---------------------------------------------------------------------------------
Finished Flattening Before IO Insertion
---------------------------------------------------------------------------------
---------------------------------------------------------------------------------
Start Final Netlist Cleanup
---------------------------------------------------------------------------------
---------------------------------------------------------------------------------
Finished Final Netlist Cleanup
---------------------------------------------------------------------------------
---------------------------------------------------------------------------------
Finished IO Insertion : Time (s): cpu = 00:01:33 ; elapsed = 00:01:45 . Memory (MB): peak = 850.875 ; gain = 545.816
---------------------------------------------------------------------------------

Report Check Netlist: 
+------+------------------+-------+---------+-------+------------------+
|      |Item              |Errors |Warnings |Status |Description       |
+------+------------------+-------+---------+-------+------------------+
|1     |multi_driven_nets |      0|        0|Passed |Multi driven nets |
+------+------------------+-------+---------+-------+------------------+
---------------------------------------------------------------------------------
Start Renaming Generated Instances
---------------------------------------------------------------------------------
---------------------------------------------------------------------------------
Finished Renaming Generated Instances : Time (s): cpu = 00:01:33 ; elapsed = 00:01:45 . Memory (MB): peak = 850.875 ; gain = 545.816
---------------------------------------------------------------------------------

Report RTL Partitions: 
+-+--------------+------------+----------+
| |RTL Partition |Replication |Instances |
+-+--------------+------------+----------+
+-+--------------+------------+----------+
---------------------------------------------------------------------------------
Start Rebuilding User Hierarchy
---------------------------------------------------------------------------------
---------------------------------------------------------------------------------
Finished Rebuilding User Hierarchy : Time (s): cpu = 00:01:33 ; elapsed = 00:01:45 . Memory (MB): peak = 850.875 ; gain = 545.816
---------------------------------------------------------------------------------
---------------------------------------------------------------------------------
Start Renaming Generated Ports
---------------------------------------------------------------------------------
---------------------------------------------------------------------------------
Finished Renaming Generated Ports : Time (s): cpu = 00:01:33 ; elapsed = 00:01:45 . Memory (MB): peak = 850.875 ; gain = 545.816
---------------------------------------------------------------------------------
---------------------------------------------------------------------------------
Start Handling Custom Attributes
---------------------------------------------------------------------------------
---------------------------------------------------------------------------------
Finished Handling Custom Attributes : Time (s): cpu = 00:01:33 ; elapsed = 00:01:46 . Memory (MB): peak = 850.875 ; gain = 545.816
---------------------------------------------------------------------------------
---------------------------------------------------------------------------------
Start Renaming Generated Nets
---------------------------------------------------------------------------------
---------------------------------------------------------------------------------
Finished Renaming Generated Nets : Time (s): cpu = 00:01:33 ; elapsed = 00:01:46 . Memory (MB): peak = 850.875 ; gain = 545.816
---------------------------------------------------------------------------------
---------------------------------------------------------------------------------
Start ROM, RAM, DSP and Shift Register Reporting
---------------------------------------------------------------------------------

Static Shift Register Report:
+------------+-------------------------------+--------+-------+--------------+--------------------+-------------------+--------+---------+
|Module Name | RTL Name                      | Length | Width | Reset Signal | Pull out first Reg | Pull out last Reg | SRL16E | SRLC32E | 
+------------+-------------------------------+--------+-------+--------------+--------------------+-------------------+--------+---------+
|v_tc        | U_TC_TOP/detect_en_d_reg[3]   | 4      | 1     | YES          | NO                 | YES               | 1      | 0       | 
|v_tc        | U_TC_TOP/generate_en_d_reg[3] | 4      | 1     | YES          | NO                 | YES               | 1      | 0       | 
+------------+-------------------------------+--------+-------+--------------+--------------------+-------------------+--------+---------+

---------------------------------------------------------------------------------
Finished ROM, RAM, DSP and Shift Register Reporting
---------------------------------------------------------------------------------
---------------------------------------------------------------------------------
Start Writing Synthesis Report
---------------------------------------------------------------------------------

Report BlackBoxes: 
+-+--------------+----------+
| |BlackBox name |Instances |
+-+--------------+----------+
+-+--------------+----------+

Report Cell Usage: 
+------+-------+------+
|      |Cell   |Count |
+------+-------+------+
|1     |CARRY4 |    31|
|2     |LUT1   |    49|
|3     |LUT2   |    11|
|4     |LUT3   |    13|
|5     |LUT4   |     3|
|6     |LUT5   |     2|
|7     |LUT6   |    67|
|8     |SRL16E |     2|
|9     |FDRE   |   197|
|10    |FDSE   |    15|
+------+-------+------+

Report Instance Areas: 
+------+-------------------------------+-------------+------+
|      |Instance                       |Module       |Cells |
+------+-------------------------------+-------------+------+
|1     |top                            |             |   390|
|2     |  U0                           |v_tc         |   390|
|3     |    U_VIDEO_CTRL               |video_ctrl   |     9|
|4     |    U_TC_TOP                   |tc_top       |   378|
|5     |      \GEN_GENERATOR.U_TC_GEN  |tc_generator |   359|
+------+-------------------------------+-------------+------+
---------------------------------------------------------------------------------
Finished Writing Synthesis Report : Time (s): cpu = 00:01:33 ; elapsed = 00:01:46 . Memory (MB): peak = 850.875 ; gain = 545.816
---------------------------------------------------------------------------------
Synthesis finished with 0 errors, 0 critical warnings and 1741 warnings.
Synthesis Optimization Runtime : Time (s): cpu = 00:00:46 ; elapsed = 00:01:15 . Memory (MB): peak = 850.875 ; gain = 169.777
Synthesis Optimization Complete : Time (s): cpu = 00:01:34 ; elapsed = 00:01:46 . Memory (MB): peak = 850.875 ; gain = 545.816
INFO: [Project 1-571] Translating synthesized netlist
INFO: [Netlist 29-17] Analyzing 31 Unisim elements for replacement
INFO: [Netlist 29-28] Unisim Transformation completed in 0 CPU seconds
INFO: [Project 1-570] Preparing netlist for logic optimization
INFO: [Opt 31-138] Pushed 0 inverter(s) to 0 load pin(s).
INFO: [Project 1-111] Unisim Transformation Summary:
No Unisim elements were transformed.

INFO: [Common 17-83] Releasing license: Synthesis
124 Infos, 100 Warnings, 0 Critical Warnings and 0 Errors encountered.
synth_design completed successfully
synth_design: Time (s): cpu = 00:01:37 ; elapsed = 00:01:50 . Memory (MB): peak = 850.875 ; gain = 557.285
INFO: [Common 17-1381] The checkpoint 'D:/prj/pynq/zynq_prj/zynq_prj.runs/system_v_tc_0_0_synth_1/system_v_tc_0_0.dcp' has been generated.
