#-----------------------------------------------------------
# Webtalk v2017.4 (64-bit)
# SW Build 2086221 on Fri Dec 15 20:55:39 MST 2017
# 
# Start of session at: Wed Nov 21 04:19:46 2018
# Process ID: 7132
# Current directory: D:/prj/pynq/zynq_prj/zynq_prj.sdk/webtalk
# Command line: wbtcv.exe -mode batch -source sdk_webtalk.tcl
# Log file: D:/prj/pynq/zynq_prj/zynq_prj.sdk/webtalk/webtalk.log
# Journal file: D:/prj/pynq/zynq_prj/zynq_prj.sdk/webtalk\webtalk.jou
#-----------------------------------------------------------
source sdk_webtalk.tcl
# webtalk_init -webtalk_dir D:\\prj\\pynq\\zynq_prj\\zynq_prj.sdk\\webtalk
# webtalk_register_client -client project
# webtalk_add_data -client project -key date_generated -value "2018-11-21 04:19:44" -context "software_version_and_target_device"
# webtalk_add_data -client project -key product_version -value "SDK v2017.4" -context "software_version_and_target_device"
# webtalk_add_data -client project -key build_version -value "2017.4" -context "software_version_and_target_device"
# webtalk_add_data -client project -key os_platform -value "amd64" -context "software_version_and_target_device"
# webtalk_add_data -client project -key registration_id -value "" -context "software_version_and_target_device"
# webtalk_add_data -client project -key tool_flow -value "SDK" -context "software_version_and_target_device"
# webtalk_add_data -client project -key beta -value "false" -context "software_version_and_target_device"
# webtalk_add_data -client project -key route_design -value "NA" -context "software_version_and_target_device"
# webtalk_add_data -client project -key target_family -value "NA" -context "software_version_and_target_device"
# webtalk_add_data -client project -key target_device -value "NA" -context "software_version_and_target_device"
# webtalk_add_data -client project -key target_package -value "NA" -context "software_version_and_target_device"
# webtalk_add_data -client project -key target_speed -value "NA" -context "software_version_and_target_device"
# webtalk_add_data -client project -key random_id -value "de88k34iq1v079ja1qqnmhp46e" -context "software_version_and_target_device"
# webtalk_add_data -client project -key project_id -value "2017.4_66" -context "software_version_and_target_device"
# webtalk_add_data -client project -key project_iteration -value "66" -context "software_version_and_target_device"
# webtalk_add_data -client project -key os_name -value "Microsoft Windows 8 or later , 64-bit" -context "user_environment"
# webtalk_add_data -client project -key os_release -value "major release  (build 9200)" -context "user_environment"
# webtalk_add_data -client project -key cpu_name -value "Intel(R) Core(TM) i5-3230M CPU @ 2.60GHz" -context "user_environment"
# webtalk_add_data -client project -key cpu_speed -value "2594 MHz" -context "user_environment"
# webtalk_add_data -client project -key total_processors -value "1" -context "user_environment"
# webtalk_add_data -client project -key system_ram -value "8.449 GB" -context "user_environment"
# webtalk_register_client -client sdk
# webtalk_add_data -client sdk -key uid -value "1542743563862" -context "sdk\\\\hardware/1542743563862"
# webtalk_add_data -client sdk -key isZynq -value "true" -context "sdk\\\\hardware/1542743563862"
# webtalk_add_data -client sdk -key isZynqMP -value "false" -context "sdk\\\\hardware/1542743563862"
# webtalk_add_data -client sdk -key Processors -value "2" -context "sdk\\\\hardware/1542743563862"
# webtalk_add_data -client sdk -key VivadoVersion -value "2017.4" -context "sdk\\\\hardware/1542743563862"
# webtalk_add_data -client sdk -key Arch -value "zynq" -context "sdk\\\\hardware/1542743563862"
# webtalk_add_data -client sdk -key Device -value "7z020" -context "sdk\\\\hardware/1542743563862"
# webtalk_add_data -client sdk -key IsHandoff -value "true" -context "sdk\\\\hardware/1542743563862"
# webtalk_add_data -client sdk -key os -value "NA" -context "sdk\\\\hardware/1542743563862"
# webtalk_add_data -client sdk -key apptemplate -value "NA" -context "sdk\\\\hardware/1542743563862"
# webtalk_add_data -client sdk -key RecordType -value "HWCreation" -context "sdk\\\\hardware/1542743563862"
# webtalk_add_data -client sdk -key uid -value "1542743691568" -context "sdk\\\\bsp/1542743691568"
# webtalk_add_data -client sdk -key hwid -value "1542743563862" -context "sdk\\\\bsp/1542743691568"
# webtalk_add_data -client sdk -key os -value "standalone" -context "sdk\\\\bsp/1542743691568"
# webtalk_add_data -client sdk -key apptemplate -value "hello_world" -context "sdk\\\\bsp/1542743691568"
# webtalk_add_data -client sdk -key RecordType -value "BSPCreation" -context "sdk\\\\bsp/1542743691568"
# webtalk_add_data -client sdk -key uid -value "1542743696154" -context "sdk\\\\application/1542743696154"
# webtalk_add_data -client sdk -key hwid -value "1542743563862" -context "sdk\\\\application/1542743696154"
# webtalk_add_data -client sdk -key bspid -value "1542743691568" -context "sdk\\\\application/1542743696154"
# webtalk_add_data -client sdk -key newbsp -value "true" -context "sdk\\\\application/1542743696154"
# webtalk_add_data -client sdk -key os -value "standalone" -context "sdk\\\\application/1542743696154"
# webtalk_add_data -client sdk -key apptemplate -value "hello_world" -context "sdk\\\\application/1542743696154"
# webtalk_add_data -client sdk -key RecordType -value "APPCreation" -context "sdk\\\\application/1542743696154"
# webtalk_add_data -client sdk -key LangUsed -value "C" -context "sdk\\\\application/1542743696154"
# webtalk_add_data -client sdk -key Procused -value "ps7_cortexa9" -context "sdk\\\\application/1542743696154"
# webtalk_add_data -client sdk -key projSize -value "163.44921875" -context "sdk\\\\application/1542743696154"
# webtalk_add_data -client sdk -key uid -value "1542743888775" -context "sdk\\\\bsp/1542743888775"
# webtalk_add_data -client sdk -key hwid -value "1542743563862" -context "sdk\\\\bsp/1542743888775"
# webtalk_add_data -client sdk -key os -value "standalone" -context "sdk\\\\bsp/1542743888775"
# webtalk_add_data -client sdk -key apptemplate -value "hello_world" -context "sdk\\\\bsp/1542743888775"
# webtalk_add_data -client sdk -key RecordType -value "BSPCreation" -context "sdk\\\\bsp/1542743888775"
# webtalk_add_data -client sdk -key uid -value "1542743891096" -context "sdk\\\\application/1542743891096"
# webtalk_add_data -client sdk -key hwid -value "1542743563862" -context "sdk\\\\application/1542743891096"
# webtalk_add_data -client sdk -key bspid -value "1542743888775" -context "sdk\\\\application/1542743891096"
# webtalk_add_data -client sdk -key newbsp -value "true" -context "sdk\\\\application/1542743891096"
# webtalk_add_data -client sdk -key os -value "standalone" -context "sdk\\\\application/1542743891096"
# webtalk_add_data -client sdk -key apptemplate -value "hello_world" -context "sdk\\\\application/1542743891096"
# webtalk_add_data -client sdk -key RecordType -value "APPCreation" -context "sdk\\\\application/1542743891096"
# webtalk_add_data -client sdk -key LangUsed -value "C" -context "sdk\\\\application/1542743891096"
# webtalk_add_data -client sdk -key Procused -value "ps7_cortexa9" -context "sdk\\\\application/1542743891096"
# webtalk_add_data -client sdk -key uid -value "1542744068180" -context "sdk\\\\bsp/1542744068180"
# webtalk_add_data -client sdk -key hwid -value "1542743563862" -context "sdk\\\\bsp/1542744068180"
# webtalk_add_data -client sdk -key os -value "standalone" -context "sdk\\\\bsp/1542744068180"
# webtalk_add_data -client sdk -key apptemplate -value "empty_application" -context "sdk\\\\bsp/1542744068180"
# webtalk_add_data -client sdk -key RecordType -value "BSPCreation" -context "sdk\\\\bsp/1542744068180"
# webtalk_add_data -client sdk -key uid -value "1542744070572" -context "sdk\\\\application/1542744070572"
# webtalk_add_data -client sdk -key hwid -value "1542743563862" -context "sdk\\\\application/1542744070572"
# webtalk_add_data -client sdk -key bspid -value "1542744068180" -context "sdk\\\\application/1542744070572"
# webtalk_add_data -client sdk -key newbsp -value "true" -context "sdk\\\\application/1542744070572"
# webtalk_add_data -client sdk -key os -value "standalone" -context "sdk\\\\application/1542744070572"
# webtalk_add_data -client sdk -key apptemplate -value "empty_application" -context "sdk\\\\application/1542744070572"
# webtalk_add_data -client sdk -key RecordType -value "APPCreation" -context "sdk\\\\application/1542744070572"
# webtalk_add_data -client sdk -key LangUsed -value "C" -context "sdk\\\\application/1542744070572"
# webtalk_add_data -client sdk -key Procused -value "ps7_cortexa9" -context "sdk\\\\application/1542744070572"
# webtalk_add_data -client sdk -key projSize -value "261.1484375" -context "sdk\\\\application/1542744070572"
# webtalk_add_data -client sdk -key uid -value "NA" -context "sdk\\\\bsp/1542745184042"
# webtalk_add_data -client sdk -key RecordType -value "ToolUsage" -context "sdk\\\\bsp/1542745184042"
# webtalk_add_data -client sdk -key BootgenCount -value "0" -context "sdk\\\\bsp/1542745184042"
# webtalk_add_data -client sdk -key DebugCount -value "9" -context "sdk\\\\bsp/1542745184042"
# webtalk_add_data -client sdk -key PerfCount -value "0" -context "sdk\\\\bsp/1542745184042"
# webtalk_add_data -client sdk -key FlashCount -value "0" -context "sdk\\\\bsp/1542745184042"
# webtalk_add_data -client sdk -key CrossTriggCount -value "0" -context "sdk\\\\bsp/1542745184042"
# webtalk_add_data -client sdk -key QemuDebugCount -value "0" -context "sdk\\\\bsp/1542745184042"
# webtalk_transmit -clientid 891713015 -regid "" -xml D:\\prj\\pynq\\zynq_prj\\zynq_prj.sdk\\webtalk\\usage_statistics_ext_sdk.xml -html D:\\prj\\pynq\\zynq_prj\\zynq_prj.sdk\\webtalk\\usage_statistics_ext_sdk.html -wdm D:\\prj\\pynq\\zynq_prj\\zynq_prj.sdk\\webtalk\\sdk_webtalk.wdm -intro "<H3>SDK Usage Report</H3><BR>"
# webtalk_terminate
INFO: [Common 17-206] Exiting Webtalk at Wed Nov 21 04:21:11 2018...
