#-----------------------------------------------------------
# Vivado v2015.4 (64-bit)
# SW Build 1412921 on Wed Nov 18 09:43:45 MST 2015
# IP Build 1412160 on Tue Nov 17 13:47:24 MST 2015
# Start of session at: Tue Feb 14 09:26:52 2017
# Process ID: 4684
# Current directory: D:/MIZ_SOC/SEASON_03/CH05_AXI_DMA_OV7725_HDMI_702/Miz_ip_lib/OV_Sensor_ML/OV_Sensor_ML
# Command line: vivado.exe -gui_launcher_event rodinguilauncherevent48176 D:\MIZ_SOC\SEASON_03\CH05_AXI_DMA_OV7725_HDMI_702\Miz_ip_lib\OV_Sensor_ML\OV_Sensor_ML\OV_Sensor_ML.xpr
# Log file: D:/MIZ_SOC/SEASON_03/CH05_AXI_DMA_OV7725_HDMI_702/Miz_ip_lib/OV_Sensor_ML/OV_Sensor_ML/vivado.log
# Journal file: D:/MIZ_SOC/SEASON_03/CH05_AXI_DMA_OV7725_HDMI_702/Miz_ip_lib/OV_Sensor_ML/OV_Sensor_ML\vivado.jou
#-----------------------------------------------------------
start_gui
open_project D:/MIZ_SOC/SEASON_03/CH05_AXI_DMA_OV7725_HDMI_702/Miz_ip_lib/OV_Sensor_ML/OV_Sensor_ML/OV_Sensor_ML.xpr
INFO: [ProjectBase 1-489] The host OS only allows 260 characters in a normal path. The project is stored in a path with more than 80 characters. If you experience issues with IP, Block Designs, or files not being found, please consider moving the project to a location with a shorter path. Alternately consider using the OS subst command to map part of the path to a drive letter.
Current project path is 'D:/MIZ_SOC/SEASON_03/CH05_AXI_DMA_OV7725_HDMI_702/Miz_ip_lib/OV_Sensor_ML/OV_Sensor_ML'
INFO: [Project 1-313] Project file moved from 'D:/MIZ_SOC/SEASON_03/CH09_DMA_VIDEO_SW4/Miz_ip_lib/OV_Sensor_ML/OV_Sensor_ML' since last save.
Scanning sources...
Finished scanning sources
WARNING: [filemgmt 56-2] IPUserFilesDir: Could not find the directory 'D:/MIZ_SOC/SEASON_03/CH05_AXI_DMA_OV7725_HDMI_702/Miz_ip_lib/OV_Sensor_ML/OV_Sensor_ML/OV_Sensor_ML.ip_user_files', nor could it be found using path 'D:/MIZ_SOC/SEASON_03/CH09_DMA_VIDEO_SW4/Miz_ip_lib/OV_Sensor_ML/OV_Sensor_ML/OV_Sensor_ML.ip_user_files'.
WARNING: [filemgmt 56-2] IPStaticSourceDir: Could not find the directory 'D:/MIZ_SOC/SEASON_03/CH05_AXI_DMA_OV7725_HDMI_702/Miz_ip_lib/OV_Sensor_ML/OV_Sensor_ML/OV_Sensor_ML.ip_user_files/ipstatic', nor could it be found using path 'D:/MIZ_SOC/SEASON_03/CH09_DMA_VIDEO_SW4/Miz_ip_lib/OV_Sensor_ML/OV_Sensor_ML/OV_Sensor_ML.ip_user_files/ipstatic'.
INFO: [IP_Flow 19-234] Refreshing IP repositories
INFO: [IP_Flow 19-1704] No user IP repositories specified
INFO: [IP_Flow 19-2313] Loaded Vivado IP repository 'D:/Xilinx/Vivado/2015.4/data/ip'.
update_compile_order -fileset sources_1
update_compile_order -fileset sources_1
reset_run synth_1
launch_runs synth_1 -jobs 4
INFO: [HDL 9-2216] Analyzing Verilog file "D:/MIZ_SOC/SEASON_03/CH05_AXI_DMA_OV7725_HDMI_702/Miz_ip_lib/OV_Sensor_ML/IPSRC/OV_Sensor_ML.v" into library work [D:/MIZ_SOC/SEASON_03/CH05_AXI_DMA_OV7725_HDMI_702/Miz_ip_lib/OV_Sensor_ML/IPSRC/OV_Sensor_ML.v:1]
INFO: [HDL 9-2216] Analyzing Verilog file "D:/MIZ_SOC/SEASON_03/CH05_AXI_DMA_OV7725_HDMI_702/Miz_ip_lib/OV_Sensor_ML/IPSRC/cmos_decode_v1.v" into library work [D:/MIZ_SOC/SEASON_03/CH05_AXI_DMA_OV7725_HDMI_702/Miz_ip_lib/OV_Sensor_ML/IPSRC/cmos_decode_v1.v:1]
INFO: [HDL 9-2216] Analyzing Verilog file "D:/MIZ_SOC/SEASON_03/CH05_AXI_DMA_OV7725_HDMI_702/Miz_ip_lib/OV_Sensor_ML/IPSRC/count_reset_v1.v" into library work [D:/MIZ_SOC/SEASON_03/CH05_AXI_DMA_OV7725_HDMI_702/Miz_ip_lib/OV_Sensor_ML/IPSRC/count_reset_v1.v:1]
[Tue Feb 14 09:36:47 2017] Launched synth_1...
Run output will be captured here: D:/MIZ_SOC/SEASON_03/CH05_AXI_DMA_OV7725_HDMI_702/Miz_ip_lib/OV_Sensor_ML/OV_Sensor_ML/OV_Sensor_ML.runs/synth_1/runme.log
update_compile_order -fileset sources_1
update_compile_order -fileset sources_1
reset_run synth_1
launch_runs synth_1 -jobs 4
INFO: [HDL 9-2216] Analyzing Verilog file "D:/MIZ_SOC/SEASON_03/CH05_AXI_DMA_OV7725_HDMI_702/Miz_ip_lib/OV_Sensor_ML/IPSRC/OV_Sensor_ML.v" into library work [D:/MIZ_SOC/SEASON_03/CH05_AXI_DMA_OV7725_HDMI_702/Miz_ip_lib/OV_Sensor_ML/IPSRC/OV_Sensor_ML.v:1]
INFO: [HDL 9-2216] Analyzing Verilog file "D:/MIZ_SOC/SEASON_03/CH05_AXI_DMA_OV7725_HDMI_702/Miz_ip_lib/OV_Sensor_ML/IPSRC/cmos_decode_v1.v" into library work [D:/MIZ_SOC/SEASON_03/CH05_AXI_DMA_OV7725_HDMI_702/Miz_ip_lib/OV_Sensor_ML/IPSRC/cmos_decode_v1.v:1]
INFO: [HDL 9-2216] Analyzing Verilog file "D:/MIZ_SOC/SEASON_03/CH05_AXI_DMA_OV7725_HDMI_702/Miz_ip_lib/OV_Sensor_ML/IPSRC/count_reset_v1.v" into library work [D:/MIZ_SOC/SEASON_03/CH05_AXI_DMA_OV7725_HDMI_702/Miz_ip_lib/OV_Sensor_ML/IPSRC/count_reset_v1.v:1]
[Tue Feb 14 09:37:27 2017] Launched synth_1...
Run output will be captured here: D:/MIZ_SOC/SEASON_03/CH05_AXI_DMA_OV7725_HDMI_702/Miz_ip_lib/OV_Sensor_ML/OV_Sensor_ML/OV_Sensor_ML.runs/synth_1/runme.log
reset_run synth_1
launch_runs synth_1 -jobs 4
INFO: [HDL 9-2216] Analyzing Verilog file "D:/MIZ_SOC/SEASON_03/CH05_AXI_DMA_OV7725_HDMI_702/Miz_ip_lib/OV_Sensor_ML/IPSRC/OV_Sensor_ML.v" into library work [D:/MIZ_SOC/SEASON_03/CH05_AXI_DMA_OV7725_HDMI_702/Miz_ip_lib/OV_Sensor_ML/IPSRC/OV_Sensor_ML.v:1]
INFO: [HDL 9-2216] Analyzing Verilog file "D:/MIZ_SOC/SEASON_03/CH05_AXI_DMA_OV7725_HDMI_702/Miz_ip_lib/OV_Sensor_ML/IPSRC/cmos_decode_v1.v" into library work [D:/MIZ_SOC/SEASON_03/CH05_AXI_DMA_OV7725_HDMI_702/Miz_ip_lib/OV_Sensor_ML/IPSRC/cmos_decode_v1.v:1]
INFO: [HDL 9-2216] Analyzing Verilog file "D:/MIZ_SOC/SEASON_03/CH05_AXI_DMA_OV7725_HDMI_702/Miz_ip_lib/OV_Sensor_ML/IPSRC/count_reset_v1.v" into library work [D:/MIZ_SOC/SEASON_03/CH05_AXI_DMA_OV7725_HDMI_702/Miz_ip_lib/OV_Sensor_ML/IPSRC/count_reset_v1.v:1]
[Tue Feb 14 09:37:34 2017] Launched synth_1...
Run output will be captured here: D:/MIZ_SOC/SEASON_03/CH05_AXI_DMA_OV7725_HDMI_702/Miz_ip_lib/OV_Sensor_ML/OV_Sensor_ML/OV_Sensor_ML.runs/synth_1/runme.log
reset_run synth_1
launch_runs synth_1 -jobs 4
INFO: [HDL 9-2216] Analyzing Verilog file "D:/MIZ_SOC/SEASON_03/CH05_AXI_DMA_OV7725_HDMI_702/Miz_ip_lib/OV_Sensor_ML/IPSRC/OV_Sensor_ML.v" into library work [D:/MIZ_SOC/SEASON_03/CH05_AXI_DMA_OV7725_HDMI_702/Miz_ip_lib/OV_Sensor_ML/IPSRC/OV_Sensor_ML.v:1]
INFO: [HDL 9-2216] Analyzing Verilog file "D:/MIZ_SOC/SEASON_03/CH05_AXI_DMA_OV7725_HDMI_702/Miz_ip_lib/OV_Sensor_ML/IPSRC/cmos_decode_v1.v" into library work [D:/MIZ_SOC/SEASON_03/CH05_AXI_DMA_OV7725_HDMI_702/Miz_ip_lib/OV_Sensor_ML/IPSRC/cmos_decode_v1.v:1]
INFO: [HDL 9-2216] Analyzing Verilog file "D:/MIZ_SOC/SEASON_03/CH05_AXI_DMA_OV7725_HDMI_702/Miz_ip_lib/OV_Sensor_ML/IPSRC/count_reset_v1.v" into library work [D:/MIZ_SOC/SEASON_03/CH05_AXI_DMA_OV7725_HDMI_702/Miz_ip_lib/OV_Sensor_ML/IPSRC/count_reset_v1.v:1]
[Tue Feb 14 09:38:21 2017] Launched synth_1...
Run output will be captured here: D:/MIZ_SOC/SEASON_03/CH05_AXI_DMA_OV7725_HDMI_702/Miz_ip_lib/OV_Sensor_ML/OV_Sensor_ML/OV_Sensor_ML.runs/synth_1/runme.log
reset_run synth_1
launch_runs synth_1 -jobs 4
INFO: [HDL 9-2216] Analyzing Verilog file "D:/MIZ_SOC/SEASON_03/CH05_AXI_DMA_OV7725_HDMI_702/Miz_ip_lib/OV_Sensor_ML/IPSRC/OV_Sensor_ML.v" into library work [D:/MIZ_SOC/SEASON_03/CH05_AXI_DMA_OV7725_HDMI_702/Miz_ip_lib/OV_Sensor_ML/IPSRC/OV_Sensor_ML.v:1]
INFO: [HDL 9-2216] Analyzing Verilog file "D:/MIZ_SOC/SEASON_03/CH05_AXI_DMA_OV7725_HDMI_702/Miz_ip_lib/OV_Sensor_ML/IPSRC/cmos_decode_v1.v" into library work [D:/MIZ_SOC/SEASON_03/CH05_AXI_DMA_OV7725_HDMI_702/Miz_ip_lib/OV_Sensor_ML/IPSRC/cmos_decode_v1.v:1]
INFO: [HDL 9-2216] Analyzing Verilog file "D:/MIZ_SOC/SEASON_03/CH05_AXI_DMA_OV7725_HDMI_702/Miz_ip_lib/OV_Sensor_ML/IPSRC/count_reset_v1.v" into library work [D:/MIZ_SOC/SEASON_03/CH05_AXI_DMA_OV7725_HDMI_702/Miz_ip_lib/OV_Sensor_ML/IPSRC/count_reset_v1.v:1]
[Tue Feb 14 09:38:40 2017] Launched synth_1...
Run output will be captured here: D:/MIZ_SOC/SEASON_03/CH05_AXI_DMA_OV7725_HDMI_702/Miz_ip_lib/OV_Sensor_ML/OV_Sensor_ML/OV_Sensor_ML.runs/synth_1/runme.log
reset_run synth_1
launch_runs synth_1 -jobs 4
INFO: [HDL 9-2216] Analyzing Verilog file "D:/MIZ_SOC/SEASON_03/CH05_AXI_DMA_OV7725_HDMI_702/Miz_ip_lib/OV_Sensor_ML/IPSRC/OV_Sensor_ML.v" into library work [D:/MIZ_SOC/SEASON_03/CH05_AXI_DMA_OV7725_HDMI_702/Miz_ip_lib/OV_Sensor_ML/IPSRC/OV_Sensor_ML.v:1]
INFO: [HDL 9-2216] Analyzing Verilog file "D:/MIZ_SOC/SEASON_03/CH05_AXI_DMA_OV7725_HDMI_702/Miz_ip_lib/OV_Sensor_ML/IPSRC/cmos_decode_v1.v" into library work [D:/MIZ_SOC/SEASON_03/CH05_AXI_DMA_OV7725_HDMI_702/Miz_ip_lib/OV_Sensor_ML/IPSRC/cmos_decode_v1.v:1]
INFO: [HDL 9-2216] Analyzing Verilog file "D:/MIZ_SOC/SEASON_03/CH05_AXI_DMA_OV7725_HDMI_702/Miz_ip_lib/OV_Sensor_ML/IPSRC/count_reset_v1.v" into library work [D:/MIZ_SOC/SEASON_03/CH05_AXI_DMA_OV7725_HDMI_702/Miz_ip_lib/OV_Sensor_ML/IPSRC/count_reset_v1.v:1]
[Tue Feb 14 09:39:22 2017] Launched synth_1...
Run output will be captured here: D:/MIZ_SOC/SEASON_03/CH05_AXI_DMA_OV7725_HDMI_702/Miz_ip_lib/OV_Sensor_ML/OV_Sensor_ML/OV_Sensor_ML.runs/synth_1/runme.log
reset_run synth_1
launch_runs synth_1 -jobs 4
INFO: [HDL 9-2216] Analyzing Verilog file "D:/MIZ_SOC/SEASON_03/CH05_AXI_DMA_OV7725_HDMI_702/Miz_ip_lib/OV_Sensor_ML/IPSRC/OV_Sensor_ML.v" into library work [D:/MIZ_SOC/SEASON_03/CH05_AXI_DMA_OV7725_HDMI_702/Miz_ip_lib/OV_Sensor_ML/IPSRC/OV_Sensor_ML.v:1]
INFO: [HDL 9-2216] Analyzing Verilog file "D:/MIZ_SOC/SEASON_03/CH05_AXI_DMA_OV7725_HDMI_702/Miz_ip_lib/OV_Sensor_ML/IPSRC/cmos_decode_v1.v" into library work [D:/MIZ_SOC/SEASON_03/CH05_AXI_DMA_OV7725_HDMI_702/Miz_ip_lib/OV_Sensor_ML/IPSRC/cmos_decode_v1.v:1]
INFO: [HDL 9-2216] Analyzing Verilog file "D:/MIZ_SOC/SEASON_03/CH05_AXI_DMA_OV7725_HDMI_702/Miz_ip_lib/OV_Sensor_ML/IPSRC/count_reset_v1.v" into library work [D:/MIZ_SOC/SEASON_03/CH05_AXI_DMA_OV7725_HDMI_702/Miz_ip_lib/OV_Sensor_ML/IPSRC/count_reset_v1.v:1]
[Tue Feb 14 09:43:50 2017] Launched synth_1...
Run output will be captured here: D:/MIZ_SOC/SEASON_03/CH05_AXI_DMA_OV7725_HDMI_702/Miz_ip_lib/OV_Sensor_ML/OV_Sensor_ML/OV_Sensor_ML.runs/synth_1/runme.log
reset_run synth_1
launch_runs synth_1 -jobs 4
INFO: [HDL 9-2216] Analyzing Verilog file "D:/MIZ_SOC/SEASON_03/CH05_AXI_DMA_OV7725_HDMI_702/Miz_ip_lib/OV_Sensor_ML/IPSRC/OV_Sensor_ML.v" into library work [D:/MIZ_SOC/SEASON_03/CH05_AXI_DMA_OV7725_HDMI_702/Miz_ip_lib/OV_Sensor_ML/IPSRC/OV_Sensor_ML.v:1]
INFO: [HDL 9-2216] Analyzing Verilog file "D:/MIZ_SOC/SEASON_03/CH05_AXI_DMA_OV7725_HDMI_702/Miz_ip_lib/OV_Sensor_ML/IPSRC/cmos_decode_v1.v" into library work [D:/MIZ_SOC/SEASON_03/CH05_AXI_DMA_OV7725_HDMI_702/Miz_ip_lib/OV_Sensor_ML/IPSRC/cmos_decode_v1.v:1]
INFO: [HDL 9-2216] Analyzing Verilog file "D:/MIZ_SOC/SEASON_03/CH05_AXI_DMA_OV7725_HDMI_702/Miz_ip_lib/OV_Sensor_ML/IPSRC/count_reset_v1.v" into library work [D:/MIZ_SOC/SEASON_03/CH05_AXI_DMA_OV7725_HDMI_702/Miz_ip_lib/OV_Sensor_ML/IPSRC/count_reset_v1.v:1]
[Tue Feb 14 09:44:46 2017] Launched synth_1...
Run output will be captured here: D:/MIZ_SOC/SEASON_03/CH05_AXI_DMA_OV7725_HDMI_702/Miz_ip_lib/OV_Sensor_ML/OV_Sensor_ML/OV_Sensor_ML.runs/synth_1/runme.log
ipx::package_project -root_dir D:/MIZ_SOC/SEASON_03/CH05_AXI_DMA_OV7725_HDMI_702/Miz_ip_lib/OV_Sensor_ML -vendor xilinx.com -library user -taxonomy /UserIP -force
exit
INFO: [Common 17-206] Exiting Vivado at Tue Feb 14 10:22:08 2017...
