#-----------------------------------------------------------
# Vivado v2015.4 (64-bit)
# SW Build 1412921 on Wed Nov 18 09:43:45 MST 2015
# IP Build 1412160 on Tue Nov 17 13:47:24 MST 2015
# Start of session at: Wed Feb 15 09:50:54 2017
# Process ID: 860
# Current directory: D:/MIZ_SOC/SEASON_03/CH06_AXI_VDMA_OV7725_701N_02o/Miz_ip_lib/OV_Sensor_ML/OV_Sensor_ML
# Command line: vivado.exe -gui_launcher_event rodinguilauncherevent24332 D:\MIZ_SOC\SEASON_03\CH06_AXI_VDMA_OV7725_701N_02o\Miz_ip_lib\OV_Sensor_ML\OV_Sensor_ML\OV_Sensor_ML.xpr
# Log file: D:/MIZ_SOC/SEASON_03/CH06_AXI_VDMA_OV7725_701N_02o/Miz_ip_lib/OV_Sensor_ML/OV_Sensor_ML/vivado.log
# Journal file: D:/MIZ_SOC/SEASON_03/CH06_AXI_VDMA_OV7725_701N_02o/Miz_ip_lib/OV_Sensor_ML/OV_Sensor_ML\vivado.jou
#-----------------------------------------------------------
start_gui
open_project D:/MIZ_SOC/SEASON_03/CH06_AXI_VDMA_OV7725_701N_02o/Miz_ip_lib/OV_Sensor_ML/OV_Sensor_ML/OV_Sensor_ML.xpr
INFO: [ProjectBase 1-489] The host OS only allows 260 characters in a normal path. The project is stored in a path with more than 80 characters. If you experience issues with IP, Block Designs, or files not being found, please consider moving the project to a location with a shorter path. Alternately consider using the OS subst command to map part of the path to a drive letter.
Current project path is 'D:/MIZ_SOC/SEASON_03/CH06_AXI_VDMA_OV7725_701N_02o/Miz_ip_lib/OV_Sensor_ML/OV_Sensor_ML'
INFO: [Project 1-313] Project file moved from 'D:/MIZ_SOC/SEASON_03/CH06_AXI_VDMA_OV5640_701N_02/Miz_ip_lib/OV_Sensor_ML/OV_Sensor_ML' since last save.
Scanning sources...
Finished scanning sources
WARNING: [filemgmt 56-2] IPUserFilesDir: Could not find the directory 'D:/MIZ_SOC/SEASON_03/CH06_AXI_VDMA_OV7725_701N_02o/Miz_ip_lib/OV_Sensor_ML/OV_Sensor_ML/OV_Sensor_ML.ip_user_files', nor could it be found using path 'D:/MIZ_SOC/SEASON_03/CH06_AXI_VDMA_OV5640_701N_02/Miz_ip_lib/OV_Sensor_ML/OV_Sensor_ML/OV_Sensor_ML.ip_user_files'.
WARNING: [filemgmt 56-2] IPStaticSourceDir: Could not find the directory 'D:/MIZ_SOC/SEASON_03/CH06_AXI_VDMA_OV7725_701N_02o/Miz_ip_lib/OV_Sensor_ML/OV_Sensor_ML/OV_Sensor_ML.ip_user_files/ipstatic', nor could it be found using path 'D:/MIZ_SOC/SEASON_03/CH06_AXI_VDMA_OV5640_701N_02/Miz_ip_lib/OV_Sensor_ML/OV_Sensor_ML/OV_Sensor_ML.ip_user_files/ipstatic'.
INFO: [IP_Flow 19-234] Refreshing IP repositories
INFO: [IP_Flow 19-1704] No user IP repositories specified
INFO: [IP_Flow 19-2313] Loaded Vivado IP repository 'D:/Xilinx/Vivado/2015.4/data/ip'.
ipx::package_project -root_dir D:/MIZ_SOC/SEASON_03/CH06_AXI_VDMA_OV7725_701N_02o/Miz_ip_lib/OV_Sensor_ML -vendor xilinx.com -library user -taxonomy /UserIP -force
exit
INFO: [Common 17-206] Exiting Vivado at Wed Feb 15 10:00:18 2017...
