#-----------------------------------------------------------
# Vivado v2015.4 (64-bit)
# SW Build 1412921 on Wed Nov 18 09:43:45 MST 2015
# IP Build 1412160 on Tue Nov 17 13:47:24 MST 2015
# Start of session at: Tue Feb 07 08:35:26 2017
# Process ID: 35024
# Current directory: D:/MIZ_SOC/SEASON_03/CH09_DMA_VIDEO_SW4/Miz_ip_lib/OV_Sensor_ML/OV_Sensor_ML
# Command line: vivado.exe -gui_launcher_event rodinguilauncherevent3392 D:\MIZ_SOC\SEASON_03\CH09_DMA_VIDEO_SW4\Miz_ip_lib\OV_Sensor_ML\OV_Sensor_ML\OV_Sensor_ML.xpr
# Log file: D:/MIZ_SOC/SEASON_03/CH09_DMA_VIDEO_SW4/Miz_ip_lib/OV_Sensor_ML/OV_Sensor_ML/vivado.log
# Journal file: D:/MIZ_SOC/SEASON_03/CH09_DMA_VIDEO_SW4/Miz_ip_lib/OV_Sensor_ML/OV_Sensor_ML\vivado.jou
#-----------------------------------------------------------
start_gui
open_project D:/MIZ_SOC/SEASON_03/CH09_DMA_VIDEO_SW4/Miz_ip_lib/OV_Sensor_ML/OV_Sensor_ML/OV_Sensor_ML.xpr
INFO: [Project 1-313] Project file moved from 'D:/MIZ_SOC/SEASON_03/CH03_AXI_DMA_OV7725_G/Miz_ip_lib/OV_Sensor_ML/OV_Sensor_ML' since last save.
Scanning sources...
Finished scanning sources
WARNING: [filemgmt 56-2] IPUserFilesDir: Could not find the directory 'D:/MIZ_SOC/SEASON_03/CH09_DMA_VIDEO_SW4/Miz_ip_lib/OV_Sensor_ML/OV_Sensor_ML/OV_Sensor_ML.ip_user_files', nor could it be found using path 'D:/MIZ_SOC/SEASON_03/CH03_AXI_DMA_OV7725_G/Miz_ip_lib/OV_Sensor_ML/OV_Sensor_ML/OV_Sensor_ML.ip_user_files'.
WARNING: [filemgmt 56-2] IPStaticSourceDir: Could not find the directory 'D:/MIZ_SOC/SEASON_03/CH09_DMA_VIDEO_SW4/Miz_ip_lib/OV_Sensor_ML/OV_Sensor_ML/OV_Sensor_ML.ip_user_files/ipstatic', nor could it be found using path 'D:/MIZ_SOC/SEASON_03/CH03_AXI_DMA_OV7725_G/Miz_ip_lib/OV_Sensor_ML/OV_Sensor_ML/OV_Sensor_ML.ip_user_files/ipstatic'.
INFO: [IP_Flow 19-234] Refreshing IP repositories
INFO: [IP_Flow 19-1704] No user IP repositories specified
INFO: [IP_Flow 19-2313] Loaded Vivado IP repository 'D:/Xilinx/Vivado/2015.4/data/ip'.
ipx::package_project -root_dir D:/MIZ_SOC/SEASON_03/CH09_DMA_VIDEO_SW4/Miz_ip_lib/OV_Sensor_ML -vendor xilinx.com -library user -taxonomy /UserIP -force
exit
INFO: [Common 17-206] Exiting Vivado at Tue Feb 07 09:41:20 2017...
