
*** Running vivado
    with args -log system_image_process_0_0.vds -m64 -product Vivado -mode batch -messageDb vivado.pb -notrace -source system_image_process_0_0.tcl


****** Vivado v2017.4 (64-bit)
  **** SW Build 2086221 on Fri Dec 15 20:55:39 MST 2017
  **** IP Build 2085800 on Fri Dec 15 22:25:07 MST 2017
    ** Copyright 1986-2017 Xilinx, Inc. All Rights Reserved.

source system_image_process_0_0.tcl -notrace
Command: synth_design -top system_image_process_0_0 -part xc7z020clg400-1 -mode out_of_context
Starting synth_design
Attempting to get a license for feature 'Synthesis' and/or device 'xc7z020'
INFO: [Common 17-349] Got license for feature 'Synthesis' and/or device 'xc7z020'
INFO: Launching helper process for spawning children vivado processes
INFO: Helper process launched with PID 21568 
WARNING: [Synth 8-2611] redeclaration of ansi port gray is not allowed [d:/prj/pynq/end/zynq_prj/zynq_prj.srcs/sources_1/bd/system/ipshared/35ea/src/gray_shift.v:15]
---------------------------------------------------------------------------------
Starting RTL Elaboration : Time (s): cpu = 00:00:16 ; elapsed = 00:00:17 . Memory (MB): peak = 423.344 ; gain = 114.680
---------------------------------------------------------------------------------
INFO: [Synth 8-638] synthesizing module 'system_image_process_0_0' [d:/prj/pynq/end/zynq_prj/zynq_prj.srcs/sources_1/bd/system/ip/system_image_process_0_0/synth/system_image_process_0_0.v:57]
INFO: [Synth 8-638] synthesizing module 'image_process_v1_0' [d:/prj/pynq/end/zynq_prj/zynq_prj.srcs/sources_1/bd/system/ipshared/35ea/hdl/image_process_v1_0.v:3]
	Parameter C_M00_AXIS_TDATA_WIDTH bound to: 32 - type: integer 
	Parameter C_M00_AXIS_START_COUNT bound to: 32 - type: integer 
	Parameter C_S00_AXIS_TDATA_WIDTH bound to: 32 - type: integer 
INFO: [Synth 8-638] synthesizing module 'gray_shift' [d:/prj/pynq/end/zynq_prj/zynq_prj.srcs/sources_1/bd/system/ipshared/35ea/src/gray_shift.v:1]
INFO: [Synth 8-256] done synthesizing module 'gray_shift' (1#1) [d:/prj/pynq/end/zynq_prj/zynq_prj.srcs/sources_1/bd/system/ipshared/35ea/src/gray_shift.v:1]
INFO: [Synth 8-638] synthesizing module 'line_shift_register' [d:/prj/pynq/end/zynq_prj/zynq_prj.srcs/sources_1/bd/system/ip/system_image_process_0_0/src/line_shift_register_1/synth/line_shift_register.vhd:68]
	Parameter C_XDEVICEFAMILY bound to: zynq - type: string 
	Parameter C_VERBOSITY bound to: 0 - type: integer 
	Parameter C_WIDTH bound to: 8 - type: integer 
	Parameter C_DEPTH bound to: 640 - type: integer 
	Parameter C_ADDR_WIDTH bound to: 4 - type: integer 
	Parameter C_SHIFT_TYPE bound to: 0 - type: integer 
	Parameter C_OPT_GOAL bound to: 0 - type: integer 
	Parameter C_AINIT_VAL bound to: 00000000 - type: string 
	Parameter C_SINIT_VAL bound to: 00000000 - type: string 
	Parameter C_DEFAULT_DATA bound to: 00000000 - type: string 
	Parameter C_HAS_A bound to: 0 - type: integer 
	Parameter C_HAS_CE bound to: 1 - type: integer 
	Parameter C_REG_LAST_BIT bound to: 1 - type: integer 
	Parameter C_SYNC_PRIORITY bound to: 1 - type: integer 
	Parameter C_SYNC_ENABLE bound to: 0 - type: integer 
	Parameter C_HAS_SCLR bound to: 0 - type: integer 
	Parameter C_HAS_SSET bound to: 0 - type: integer 
	Parameter C_HAS_SINIT bound to: 0 - type: integer 
	Parameter C_MEM_INIT_FILE bound to: no_coe_file_loaded - type: string 
	Parameter C_ELABORATION_DIR bound to: ./ - type: string 
	Parameter C_READ_MIF bound to: 0 - type: integer 
	Parameter C_PARSER_TYPE bound to: 0 - type: integer 
INFO: [Synth 8-3491] module 'c_shift_ram_v12_0_11' declared at 'd:/prj/pynq/end/zynq_prj/zynq_prj.srcs/sources_1/bd/system/ip/system_image_process_0_0/src/line_shift_register_1/hdl/c_shift_ram_v12_0_vh_rfs.vhd:2590' bound to instance 'U0' of component 'c_shift_ram_v12_0_11' [d:/prj/pynq/end/zynq_prj/zynq_prj.srcs/sources_1/bd/system/ip/system_image_process_0_0/src/line_shift_register_1/synth/line_shift_register.vhd:125]
INFO: [Synth 8-256] done synthesizing module 'line_shift_register' (5#1) [d:/prj/pynq/end/zynq_prj/zynq_prj.srcs/sources_1/bd/system/ip/system_image_process_0_0/src/line_shift_register_1/synth/line_shift_register.vhd:68]
INFO: [Synth 8-638] synthesizing module 'u_3_3_matrix' [d:/prj/pynq/end/zynq_prj/zynq_prj.srcs/sources_1/bd/system/ipshared/35ea/src/u_3_3_matrix.v:1]
INFO: [Synth 8-256] done synthesizing module 'u_3_3_matrix' (6#1) [d:/prj/pynq/end/zynq_prj/zynq_prj.srcs/sources_1/bd/system/ipshared/35ea/src/u_3_3_matrix.v:1]
INFO: [Synth 8-638] synthesizing module 'u_media_value' [d:/prj/pynq/end/zynq_prj/zynq_prj.srcs/sources_1/bd/system/ipshared/35ea/src/u_media_value.v:1]
INFO: [Synth 8-638] synthesizing module 'u_sort' [d:/prj/pynq/end/zynq_prj/zynq_prj.srcs/sources_1/bd/system/ipshared/35ea/src/u_sort.v:1]
INFO: [Synth 8-256] done synthesizing module 'u_sort' (7#1) [d:/prj/pynq/end/zynq_prj/zynq_prj.srcs/sources_1/bd/system/ipshared/35ea/src/u_sort.v:1]
INFO: [Synth 8-256] done synthesizing module 'u_media_value' (8#1) [d:/prj/pynq/end/zynq_prj/zynq_prj.srcs/sources_1/bd/system/ipshared/35ea/src/u_media_value.v:1]
INFO: [Synth 8-638] synthesizing module 'u_2_2_matrix' [d:/prj/pynq/end/zynq_prj/zynq_prj.srcs/sources_1/bd/system/ipshared/35ea/src/u_2_2_matrix.v:1]
INFO: [Synth 8-256] done synthesizing module 'u_2_2_matrix' (9#1) [d:/prj/pynq/end/zynq_prj/zynq_prj.srcs/sources_1/bd/system/ipshared/35ea/src/u_2_2_matrix.v:1]
INFO: [Synth 8-638] synthesizing module 'u_average_value' [d:/prj/pynq/end/zynq_prj/zynq_prj.srcs/sources_1/bd/system/ipshared/35ea/src/u_average_value.v:1]
INFO: [Synth 8-256] done synthesizing module 'u_average_value' (10#1) [d:/prj/pynq/end/zynq_prj/zynq_prj.srcs/sources_1/bd/system/ipshared/35ea/src/u_average_value.v:1]
INFO: [Synth 8-638] synthesizing module 'u_block_value_generator' [d:/prj/pynq/end/zynq_prj/zynq_prj.srcs/sources_1/bd/system/ipshared/35ea/src/u_block_value_generator.v:1]
INFO: [Synth 8-638] synthesizing module 'fifo_block_av_gen' [d:/prj/pynq/end/zynq_prj/zynq_prj.srcs/sources_1/bd/system/ip/system_image_process_0_0/src/fifo_block_av_gen/synth/fifo_block_av_gen.vhd:73]
	Parameter C_COMMON_CLOCK bound to: 1 - type: integer 
	Parameter C_SELECT_XPM bound to: 0 - type: integer 
	Parameter C_COUNT_TYPE bound to: 0 - type: integer 
	Parameter C_DATA_COUNT_WIDTH bound to: 10 - type: integer 
	Parameter C_DEFAULT_VALUE bound to: BlankString - type: string 
	Parameter C_DIN_WIDTH bound to: 10 - type: integer 
	Parameter C_DOUT_RST_VAL bound to: 0 - type: string 
	Parameter C_DOUT_WIDTH bound to: 10 - type: integer 
	Parameter C_ENABLE_RLOCS bound to: 0 - type: integer 
	Parameter C_FAMILY bound to: zynq - type: string 
	Parameter C_FULL_FLAGS_RST_VAL bound to: 0 - type: integer 
	Parameter C_HAS_ALMOST_EMPTY bound to: 0 - type: integer 
	Parameter C_HAS_ALMOST_FULL bound to: 0 - type: integer 
	Parameter C_HAS_BACKUP bound to: 0 - type: integer 
	Parameter C_HAS_DATA_COUNT bound to: 1 - type: integer 
	Parameter C_HAS_INT_CLK bound to: 0 - type: integer 
	Parameter C_HAS_MEMINIT_FILE bound to: 0 - type: integer 
	Parameter C_HAS_OVERFLOW bound to: 0 - type: integer 
	Parameter C_HAS_RD_DATA_COUNT bound to: 0 - type: integer 
	Parameter C_HAS_RD_RST bound to: 0 - type: integer 
	Parameter C_HAS_RST bound to: 0 - type: integer 
	Parameter C_HAS_SRST bound to: 1 - type: integer 
	Parameter C_HAS_UNDERFLOW bound to: 0 - type: integer 
	Parameter C_HAS_VALID bound to: 0 - type: integer 
	Parameter C_HAS_WR_ACK bound to: 0 - type: integer 
	Parameter C_HAS_WR_DATA_COUNT bound to: 0 - type: integer 
	Parameter C_HAS_WR_RST bound to: 0 - type: integer 
	Parameter C_IMPLEMENTATION_TYPE bound to: 0 - type: integer 
	Parameter C_INIT_WR_PNTR_VAL bound to: 0 - type: integer 
	Parameter C_MEMORY_TYPE bound to: 1 - type: integer 
	Parameter C_MIF_FILE_NAME bound to: BlankString - type: string 
	Parameter C_OPTIMIZATION_MODE bound to: 0 - type: integer 
	Parameter C_OVERFLOW_LOW bound to: 0 - type: integer 
	Parameter C_PRELOAD_LATENCY bound to: 1 - type: integer 
	Parameter C_PRELOAD_REGS bound to: 0 - type: integer 
	Parameter C_PRIM_FIFO_TYPE bound to: 1kx18 - type: string 
	Parameter C_PROG_EMPTY_THRESH_ASSERT_VAL bound to: 2 - type: integer 
	Parameter C_PROG_EMPTY_THRESH_NEGATE_VAL bound to: 3 - type: integer 
	Parameter C_PROG_EMPTY_TYPE bound to: 0 - type: integer 
	Parameter C_PROG_FULL_THRESH_ASSERT_VAL bound to: 1022 - type: integer 
	Parameter C_PROG_FULL_THRESH_NEGATE_VAL bound to: 1021 - type: integer 
	Parameter C_PROG_FULL_TYPE bound to: 0 - type: integer 
	Parameter C_RD_DATA_COUNT_WIDTH bound to: 10 - type: integer 
	Parameter C_RD_DEPTH bound to: 1024 - type: integer 
	Parameter C_RD_FREQ bound to: 1 - type: integer 
	Parameter C_RD_PNTR_WIDTH bound to: 10 - type: integer 
	Parameter C_UNDERFLOW_LOW bound to: 0 - type: integer 
	Parameter C_USE_DOUT_RST bound to: 1 - type: integer 
	Parameter C_USE_ECC bound to: 0 - type: integer 
	Parameter C_USE_EMBEDDED_REG bound to: 0 - type: integer 
	Parameter C_USE_PIPELINE_REG bound to: 0 - type: integer 
	Parameter C_POWER_SAVING_MODE bound to: 0 - type: integer 
	Parameter C_USE_FIFO16_FLAGS bound to: 0 - type: integer 
	Parameter C_USE_FWFT_DATA_COUNT bound to: 0 - type: integer 
	Parameter C_VALID_LOW bound to: 0 - type: integer 
	Parameter C_WR_ACK_LOW bound to: 0 - type: integer 
	Parameter C_WR_DATA_COUNT_WIDTH bound to: 10 - type: integer 
	Parameter C_WR_DEPTH bound to: 1024 - type: integer 
	Parameter C_WR_FREQ bound to: 1 - type: integer 
	Parameter C_WR_PNTR_WIDTH bound to: 10 - type: integer 
	Parameter C_WR_RESPONSE_LATENCY bound to: 1 - type: integer 
	Parameter C_MSGON_VAL bound to: 1 - type: integer 
	Parameter C_ENABLE_RST_SYNC bound to: 1 - type: integer 
	Parameter C_EN_SAFETY_CKT bound to: 0 - type: integer 
	Parameter C_ERROR_INJECTION_TYPE bound to: 0 - type: integer 
	Parameter C_SYNCHRONIZER_STAGE bound to: 2 - type: integer 
	Parameter C_INTERFACE_TYPE bound to: 0 - type: integer 
	Parameter C_AXI_TYPE bound to: 1 - type: integer 
	Parameter C_HAS_AXI_WR_CHANNEL bound to: 1 - type: integer 
	Parameter C_HAS_AXI_RD_CHANNEL bound to: 1 - type: integer 
	Parameter C_HAS_SLAVE_CE bound to: 0 - type: integer 
	Parameter C_HAS_MASTER_CE bound to: 0 - type: integer 
	Parameter C_ADD_NGC_CONSTRAINT bound to: 0 - type: integer 
	Parameter C_USE_COMMON_OVERFLOW bound to: 0 - type: integer 
	Parameter C_USE_COMMON_UNDERFLOW bound to: 0 - type: integer 
	Parameter C_USE_DEFAULT_SETTINGS bound to: 0 - type: integer 
	Parameter C_AXI_ID_WIDTH bound to: 1 - type: integer 
	Parameter C_AXI_ADDR_WIDTH bound to: 32 - type: integer 
	Parameter C_AXI_DATA_WIDTH bound to: 64 - type: integer 
	Parameter C_AXI_LEN_WIDTH bound to: 8 - type: integer 
	Parameter C_AXI_LOCK_WIDTH bound to: 1 - type: integer 
	Parameter C_HAS_AXI_ID bound to: 0 - type: integer 
	Parameter C_HAS_AXI_AWUSER bound to: 0 - type: integer 
	Parameter C_HAS_AXI_WUSER bound to: 0 - type: integer 
	Parameter C_HAS_AXI_BUSER bound to: 0 - type: integer 
	Parameter C_HAS_AXI_ARUSER bound to: 0 - type: integer 
	Parameter C_HAS_AXI_RUSER bound to: 0 - type: integer 
	Parameter C_AXI_ARUSER_WIDTH bound to: 1 - type: integer 
	Parameter C_AXI_AWUSER_WIDTH bound to: 1 - type: integer 
	Parameter C_AXI_WUSER_WIDTH bound to: 1 - type: integer 
	Parameter C_AXI_BUSER_WIDTH bound to: 1 - type: integer 
	Parameter C_AXI_RUSER_WIDTH bound to: 1 - type: integer 
	Parameter C_HAS_AXIS_TDATA bound to: 1 - type: integer 
	Parameter C_HAS_AXIS_TID bound to: 0 - type: integer 
	Parameter C_HAS_AXIS_TDEST bound to: 0 - type: integer 
	Parameter C_HAS_AXIS_TUSER bound to: 1 - type: integer 
	Parameter C_HAS_AXIS_TREADY bound to: 1 - type: integer 
	Parameter C_HAS_AXIS_TLAST bound to: 0 - type: integer 
	Parameter C_HAS_AXIS_TSTRB bound to: 0 - type: integer 
	Parameter C_HAS_AXIS_TKEEP bound to: 0 - type: integer 
	Parameter C_AXIS_TDATA_WIDTH bound to: 8 - type: integer 
	Parameter C_AXIS_TID_WIDTH bound to: 1 - type: integer 
	Parameter C_AXIS_TDEST_WIDTH bound to: 1 - type: integer 
	Parameter C_AXIS_TUSER_WIDTH bound to: 4 - type: integer 
	Parameter C_AXIS_TSTRB_WIDTH bound to: 1 - type: integer 
	Parameter C_AXIS_TKEEP_WIDTH bound to: 1 - type: integer 
	Parameter C_WACH_TYPE bound to: 0 - type: integer 
	Parameter C_WDCH_TYPE bound to: 0 - type: integer 
	Parameter C_WRCH_TYPE bound to: 0 - type: integer 
	Parameter C_RACH_TYPE bound to: 0 - type: integer 
	Parameter C_RDCH_TYPE bound to: 0 - type: integer 
	Parameter C_AXIS_TYPE bound to: 0 - type: integer 
	Parameter C_IMPLEMENTATION_TYPE_WACH bound to: 1 - type: integer 
	Parameter C_IMPLEMENTATION_TYPE_WDCH bound to: 1 - type: integer 
	Parameter C_IMPLEMENTATION_TYPE_WRCH bound to: 1 - type: integer 
	Parameter C_IMPLEMENTATION_TYPE_RACH bound to: 1 - type: integer 
	Parameter C_IMPLEMENTATION_TYPE_RDCH bound to: 1 - type: integer 
	Parameter C_IMPLEMENTATION_TYPE_AXIS bound to: 1 - type: integer 
	Parameter C_APPLICATION_TYPE_WACH bound to: 0 - type: integer 
	Parameter C_APPLICATION_TYPE_WDCH bound to: 0 - type: integer 
	Parameter C_APPLICATION_TYPE_WRCH bound to: 0 - type: integer 
	Parameter C_APPLICATION_TYPE_RACH bound to: 0 - type: integer 
	Parameter C_APPLICATION_TYPE_RDCH bound to: 0 - type: integer 
	Parameter C_APPLICATION_TYPE_AXIS bound to: 0 - type: integer 
	Parameter C_PRIM_FIFO_TYPE_WACH bound to: 512x36 - type: string 
	Parameter C_PRIM_FIFO_TYPE_WDCH bound to: 1kx36 - type: string 
	Parameter C_PRIM_FIFO_TYPE_WRCH bound to: 512x36 - type: string 
	Parameter C_PRIM_FIFO_TYPE_RACH bound to: 512x36 - type: string 
	Parameter C_PRIM_FIFO_TYPE_RDCH bound to: 1kx36 - type: string 
	Parameter C_PRIM_FIFO_TYPE_AXIS bound to: 1kx18 - type: string 
	Parameter C_USE_ECC_WACH bound to: 0 - type: integer 
	Parameter C_USE_ECC_WDCH bound to: 0 - type: integer 
	Parameter C_USE_ECC_WRCH bound to: 0 - type: integer 
	Parameter C_USE_ECC_RACH bound to: 0 - type: integer 
	Parameter C_USE_ECC_RDCH bound to: 0 - type: integer 
	Parameter C_USE_ECC_AXIS bound to: 0 - type: integer 
	Parameter C_ERROR_INJECTION_TYPE_WACH bound to: 0 - type: integer 
	Parameter C_ERROR_INJECTION_TYPE_WDCH bound to: 0 - type: integer 
	Parameter C_ERROR_INJECTION_TYPE_WRCH bound to: 0 - type: integer 
	Parameter C_ERROR_INJECTION_TYPE_RACH bound to: 0 - type: integer 
	Parameter C_ERROR_INJECTION_TYPE_RDCH bound to: 0 - type: integer 
	Parameter C_ERROR_INJECTION_TYPE_AXIS bound to: 0 - type: integer 
	Parameter C_DIN_WIDTH_WACH bound to: 1 - type: integer 
	Parameter C_DIN_WIDTH_WDCH bound to: 64 - type: integer 
	Parameter C_DIN_WIDTH_WRCH bound to: 2 - type: integer 
	Parameter C_DIN_WIDTH_RACH bound to: 32 - type: integer 
	Parameter C_DIN_WIDTH_RDCH bound to: 64 - type: integer 
	Parameter C_DIN_WIDTH_AXIS bound to: 1 - type: integer 
	Parameter C_WR_DEPTH_WACH bound to: 16 - type: integer 
	Parameter C_WR_DEPTH_WDCH bound to: 1024 - type: integer 
	Parameter C_WR_DEPTH_WRCH bound to: 16 - type: integer 
	Parameter C_WR_DEPTH_RACH bound to: 16 - type: integer 
	Parameter C_WR_DEPTH_RDCH bound to: 1024 - type: integer 
	Parameter C_WR_DEPTH_AXIS bound to: 1024 - type: integer 
	Parameter C_WR_PNTR_WIDTH_WACH bound to: 4 - type: integer 
	Parameter C_WR_PNTR_WIDTH_WDCH bound to: 10 - type: integer 
	Parameter C_WR_PNTR_WIDTH_WRCH bound to: 4 - type: integer 
	Parameter C_WR_PNTR_WIDTH_RACH bound to: 4 - type: integer 
	Parameter C_WR_PNTR_WIDTH_RDCH bound to: 10 - type: integer 
	Parameter C_WR_PNTR_WIDTH_AXIS bound to: 10 - type: integer 
	Parameter C_HAS_DATA_COUNTS_WACH bound to: 0 - type: integer 
	Parameter C_HAS_DATA_COUNTS_WDCH bound to: 0 - type: integer 
	Parameter C_HAS_DATA_COUNTS_WRCH bound to: 0 - type: integer 
	Parameter C_HAS_DATA_COUNTS_RACH bound to: 0 - type: integer 
	Parameter C_HAS_DATA_COUNTS_RDCH bound to: 0 - type: integer 
	Parameter C_HAS_DATA_COUNTS_AXIS bound to: 0 - type: integer 
	Parameter C_HAS_PROG_FLAGS_WACH bound to: 0 - type: integer 
	Parameter C_HAS_PROG_FLAGS_WDCH bound to: 0 - type: integer 
	Parameter C_HAS_PROG_FLAGS_WRCH bound to: 0 - type: integer 
	Parameter C_HAS_PROG_FLAGS_RACH bound to: 0 - type: integer 
	Parameter C_HAS_PROG_FLAGS_RDCH bound to: 0 - type: integer 
	Parameter C_HAS_PROG_FLAGS_AXIS bound to: 0 - type: integer 
	Parameter C_PROG_FULL_TYPE_WACH bound to: 0 - type: integer 
	Parameter C_PROG_FULL_TYPE_WDCH bound to: 0 - type: integer 
	Parameter C_PROG_FULL_TYPE_WRCH bound to: 0 - type: integer 
	Parameter C_PROG_FULL_TYPE_RACH bound to: 0 - type: integer 
	Parameter C_PROG_FULL_TYPE_RDCH bound to: 0 - type: integer 
	Parameter C_PROG_FULL_TYPE_AXIS bound to: 0 - type: integer 
	Parameter C_PROG_FULL_THRESH_ASSERT_VAL_WACH bound to: 1023 - type: integer 
	Parameter C_PROG_FULL_THRESH_ASSERT_VAL_WDCH bound to: 1023 - type: integer 
	Parameter C_PROG_FULL_THRESH_ASSERT_VAL_WRCH bound to: 1023 - type: integer 
	Parameter C_PROG_FULL_THRESH_ASSERT_VAL_RACH bound to: 1023 - type: integer 
	Parameter C_PROG_FULL_THRESH_ASSERT_VAL_RDCH bound to: 1023 - type: integer 
	Parameter C_PROG_FULL_THRESH_ASSERT_VAL_AXIS bound to: 1023 - type: integer 
	Parameter C_PROG_EMPTY_TYPE_WACH bound to: 0 - type: integer 
	Parameter C_PROG_EMPTY_TYPE_WDCH bound to: 0 - type: integer 
	Parameter C_PROG_EMPTY_TYPE_WRCH bound to: 0 - type: integer 
	Parameter C_PROG_EMPTY_TYPE_RACH bound to: 0 - type: integer 
	Parameter C_PROG_EMPTY_TYPE_RDCH bound to: 0 - type: integer 
	Parameter C_PROG_EMPTY_TYPE_AXIS bound to: 0 - type: integer 
	Parameter C_PROG_EMPTY_THRESH_ASSERT_VAL_WACH bound to: 1022 - type: integer 
	Parameter C_PROG_EMPTY_THRESH_ASSERT_VAL_WDCH bound to: 1022 - type: integer 
	Parameter C_PROG_EMPTY_THRESH_ASSERT_VAL_WRCH bound to: 1022 - type: integer 
	Parameter C_PROG_EMPTY_THRESH_ASSERT_VAL_RACH bound to: 1022 - type: integer 
	Parameter C_PROG_EMPTY_THRESH_ASSERT_VAL_RDCH bound to: 1022 - type: integer 
	Parameter C_PROG_EMPTY_THRESH_ASSERT_VAL_AXIS bound to: 1022 - type: integer 
	Parameter C_REG_SLICE_MODE_WACH bound to: 0 - type: integer 
	Parameter C_REG_SLICE_MODE_WDCH bound to: 0 - type: integer 
	Parameter C_REG_SLICE_MODE_WRCH bound to: 0 - type: integer 
	Parameter C_REG_SLICE_MODE_RACH bound to: 0 - type: integer 
	Parameter C_REG_SLICE_MODE_RDCH bound to: 0 - type: integer 
	Parameter C_REG_SLICE_MODE_AXIS bound to: 0 - type: integer 
INFO: [Synth 8-3491] module 'fifo_generator_v13_2_1' declared at 'd:/prj/pynq/end/zynq_prj/zynq_prj.srcs/sources_1/bd/system/ip/system_image_process_0_0/src/fifo_block_av_gen/hdl/fifo_generator_v13_2_vhsyn_rfs.vhd:38483' bound to instance 'U0' of component 'fifo_generator_v13_2_1' [d:/prj/pynq/end/zynq_prj/zynq_prj.srcs/sources_1/bd/system/ip/system_image_process_0_0/src/fifo_block_av_gen/synth/fifo_block_av_gen.vhd:541]
INFO: [Synth 8-256] done synthesizing module 'fifo_block_av_gen' (36#1) [d:/prj/pynq/end/zynq_prj/zynq_prj.srcs/sources_1/bd/system/ip/system_image_process_0_0/src/fifo_block_av_gen/synth/fifo_block_av_gen.vhd:73]
WARNING: [Synth 8-350] instance 'unit_fifo_block_av_gen' of module 'fifo_block_av_gen' requires 9 connections, but only 7 given [d:/prj/pynq/end/zynq_prj/zynq_prj.srcs/sources_1/bd/system/ipshared/35ea/src/u_block_value_generator.v:80]
WARNING: [Synth 8-350] instance 'unit_fifo_block_bf_gen' of module 'fifo_block_av_gen' requires 9 connections, but only 7 given [d:/prj/pynq/end/zynq_prj/zynq_prj.srcs/sources_1/bd/system/ipshared/35ea/src/u_block_value_generator.v:91]
INFO: [Synth 8-638] synthesizing module 'fifo_backframe' [d:/prj/pynq/end/zynq_prj/zynq_prj.srcs/sources_1/bd/system/ip/system_image_process_0_0/src/fifo_backframe/synth/fifo_backframe.vhd:73]
	Parameter C_COMMON_CLOCK bound to: 1 - type: integer 
	Parameter C_SELECT_XPM bound to: 0 - type: integer 
	Parameter C_COUNT_TYPE bound to: 0 - type: integer 
	Parameter C_DATA_COUNT_WIDTH bound to: 17 - type: integer 
	Parameter C_DEFAULT_VALUE bound to: BlankString - type: string 
	Parameter C_DIN_WIDTH bound to: 10 - type: integer 
	Parameter C_DOUT_RST_VAL bound to: 0 - type: string 
	Parameter C_DOUT_WIDTH bound to: 10 - type: integer 
	Parameter C_ENABLE_RLOCS bound to: 0 - type: integer 
	Parameter C_FAMILY bound to: zynq - type: string 
	Parameter C_FULL_FLAGS_RST_VAL bound to: 0 - type: integer 
	Parameter C_HAS_ALMOST_EMPTY bound to: 0 - type: integer 
	Parameter C_HAS_ALMOST_FULL bound to: 0 - type: integer 
	Parameter C_HAS_BACKUP bound to: 0 - type: integer 
	Parameter C_HAS_DATA_COUNT bound to: 1 - type: integer 
	Parameter C_HAS_INT_CLK bound to: 0 - type: integer 
	Parameter C_HAS_MEMINIT_FILE bound to: 0 - type: integer 
	Parameter C_HAS_OVERFLOW bound to: 0 - type: integer 
	Parameter C_HAS_RD_DATA_COUNT bound to: 0 - type: integer 
	Parameter C_HAS_RD_RST bound to: 0 - type: integer 
	Parameter C_HAS_RST bound to: 0 - type: integer 
	Parameter C_HAS_SRST bound to: 1 - type: integer 
	Parameter C_HAS_UNDERFLOW bound to: 0 - type: integer 
	Parameter C_HAS_VALID bound to: 0 - type: integer 
	Parameter C_HAS_WR_ACK bound to: 0 - type: integer 
	Parameter C_HAS_WR_DATA_COUNT bound to: 0 - type: integer 
	Parameter C_HAS_WR_RST bound to: 0 - type: integer 
	Parameter C_IMPLEMENTATION_TYPE bound to: 0 - type: integer 
	Parameter C_INIT_WR_PNTR_VAL bound to: 0 - type: integer 
	Parameter C_MEMORY_TYPE bound to: 1 - type: integer 
	Parameter C_MIF_FILE_NAME bound to: BlankString - type: string 
	Parameter C_OPTIMIZATION_MODE bound to: 0 - type: integer 
	Parameter C_OVERFLOW_LOW bound to: 0 - type: integer 
	Parameter C_PRELOAD_LATENCY bound to: 1 - type: integer 
	Parameter C_PRELOAD_REGS bound to: 0 - type: integer 
	Parameter C_PRIM_FIFO_TYPE bound to: 8kx4 - type: string 
	Parameter C_PROG_EMPTY_THRESH_ASSERT_VAL bound to: 2 - type: integer 
	Parameter C_PROG_EMPTY_THRESH_NEGATE_VAL bound to: 3 - type: integer 
	Parameter C_PROG_EMPTY_TYPE bound to: 0 - type: integer 
	Parameter C_PROG_FULL_THRESH_ASSERT_VAL bound to: 131070 - type: integer 
	Parameter C_PROG_FULL_THRESH_NEGATE_VAL bound to: 131069 - type: integer 
	Parameter C_PROG_FULL_TYPE bound to: 0 - type: integer 
	Parameter C_RD_DATA_COUNT_WIDTH bound to: 17 - type: integer 
	Parameter C_RD_DEPTH bound to: 131072 - type: integer 
	Parameter C_RD_FREQ bound to: 1 - type: integer 
	Parameter C_RD_PNTR_WIDTH bound to: 17 - type: integer 
	Parameter C_UNDERFLOW_LOW bound to: 0 - type: integer 
	Parameter C_USE_DOUT_RST bound to: 1 - type: integer 
	Parameter C_USE_ECC bound to: 0 - type: integer 
	Parameter C_USE_EMBEDDED_REG bound to: 0 - type: integer 
	Parameter C_USE_PIPELINE_REG bound to: 0 - type: integer 
	Parameter C_POWER_SAVING_MODE bound to: 0 - type: integer 
	Parameter C_USE_FIFO16_FLAGS bound to: 0 - type: integer 
	Parameter C_USE_FWFT_DATA_COUNT bound to: 0 - type: integer 
	Parameter C_VALID_LOW bound to: 0 - type: integer 
	Parameter C_WR_ACK_LOW bound to: 0 - type: integer 
	Parameter C_WR_DATA_COUNT_WIDTH bound to: 17 - type: integer 
	Parameter C_WR_DEPTH bound to: 131072 - type: integer 
	Parameter C_WR_FREQ bound to: 1 - type: integer 
	Parameter C_WR_PNTR_WIDTH bound to: 17 - type: integer 
	Parameter C_WR_RESPONSE_LATENCY bound to: 1 - type: integer 
	Parameter C_MSGON_VAL bound to: 1 - type: integer 
	Parameter C_ENABLE_RST_SYNC bound to: 1 - type: integer 
	Parameter C_EN_SAFETY_CKT bound to: 0 - type: integer 
	Parameter C_ERROR_INJECTION_TYPE bound to: 0 - type: integer 
	Parameter C_SYNCHRONIZER_STAGE bound to: 2 - type: integer 
	Parameter C_INTERFACE_TYPE bound to: 0 - type: integer 
	Parameter C_AXI_TYPE bound to: 1 - type: integer 
	Parameter C_HAS_AXI_WR_CHANNEL bound to: 1 - type: integer 
	Parameter C_HAS_AXI_RD_CHANNEL bound to: 1 - type: integer 
	Parameter C_HAS_SLAVE_CE bound to: 0 - type: integer 
	Parameter C_HAS_MASTER_CE bound to: 0 - type: integer 
	Parameter C_ADD_NGC_CONSTRAINT bound to: 0 - type: integer 
	Parameter C_USE_COMMON_OVERFLOW bound to: 0 - type: integer 
	Parameter C_USE_COMMON_UNDERFLOW bound to: 0 - type: integer 
	Parameter C_USE_DEFAULT_SETTINGS bound to: 0 - type: integer 
	Parameter C_AXI_ID_WIDTH bound to: 1 - type: integer 
	Parameter C_AXI_ADDR_WIDTH bound to: 32 - type: integer 
	Parameter C_AXI_DATA_WIDTH bound to: 64 - type: integer 
	Parameter C_AXI_LEN_WIDTH bound to: 8 - type: integer 
	Parameter C_AXI_LOCK_WIDTH bound to: 1 - type: integer 
	Parameter C_HAS_AXI_ID bound to: 0 - type: integer 
	Parameter C_HAS_AXI_AWUSER bound to: 0 - type: integer 
	Parameter C_HAS_AXI_WUSER bound to: 0 - type: integer 
	Parameter C_HAS_AXI_BUSER bound to: 0 - type: integer 
	Parameter C_HAS_AXI_ARUSER bound to: 0 - type: integer 
	Parameter C_HAS_AXI_RUSER bound to: 0 - type: integer 
	Parameter C_AXI_ARUSER_WIDTH bound to: 1 - type: integer 
	Parameter C_AXI_AWUSER_WIDTH bound to: 1 - type: integer 
	Parameter C_AXI_WUSER_WIDTH bound to: 1 - type: integer 
	Parameter C_AXI_BUSER_WIDTH bound to: 1 - type: integer 
	Parameter C_AXI_RUSER_WIDTH bound to: 1 - type: integer 
	Parameter C_HAS_AXIS_TDATA bound to: 1 - type: integer 
	Parameter C_HAS_AXIS_TID bound to: 0 - type: integer 
	Parameter C_HAS_AXIS_TDEST bound to: 0 - type: integer 
	Parameter C_HAS_AXIS_TUSER bound to: 1 - type: integer 
	Parameter C_HAS_AXIS_TREADY bound to: 1 - type: integer 
	Parameter C_HAS_AXIS_TLAST bound to: 0 - type: integer 
	Parameter C_HAS_AXIS_TSTRB bound to: 0 - type: integer 
	Parameter C_HAS_AXIS_TKEEP bound to: 0 - type: integer 
	Parameter C_AXIS_TDATA_WIDTH bound to: 8 - type: integer 
	Parameter C_AXIS_TID_WIDTH bound to: 1 - type: integer 
	Parameter C_AXIS_TDEST_WIDTH bound to: 1 - type: integer 
	Parameter C_AXIS_TUSER_WIDTH bound to: 4 - type: integer 
	Parameter C_AXIS_TSTRB_WIDTH bound to: 1 - type: integer 
	Parameter C_AXIS_TKEEP_WIDTH bound to: 1 - type: integer 
	Parameter C_WACH_TYPE bound to: 0 - type: integer 
	Parameter C_WDCH_TYPE bound to: 0 - type: integer 
	Parameter C_WRCH_TYPE bound to: 0 - type: integer 
	Parameter C_RACH_TYPE bound to: 0 - type: integer 
	Parameter C_RDCH_TYPE bound to: 0 - type: integer 
	Parameter C_AXIS_TYPE bound to: 0 - type: integer 
	Parameter C_IMPLEMENTATION_TYPE_WACH bound to: 1 - type: integer 
	Parameter C_IMPLEMENTATION_TYPE_WDCH bound to: 1 - type: integer 
	Parameter C_IMPLEMENTATION_TYPE_WRCH bound to: 1 - type: integer 
	Parameter C_IMPLEMENTATION_TYPE_RACH bound to: 1 - type: integer 
	Parameter C_IMPLEMENTATION_TYPE_RDCH bound to: 1 - type: integer 
	Parameter C_IMPLEMENTATION_TYPE_AXIS bound to: 1 - type: integer 
	Parameter C_APPLICATION_TYPE_WACH bound to: 0 - type: integer 
	Parameter C_APPLICATION_TYPE_WDCH bound to: 0 - type: integer 
	Parameter C_APPLICATION_TYPE_WRCH bound to: 0 - type: integer 
	Parameter C_APPLICATION_TYPE_RACH bound to: 0 - type: integer 
	Parameter C_APPLICATION_TYPE_RDCH bound to: 0 - type: integer 
	Parameter C_APPLICATION_TYPE_AXIS bound to: 0 - type: integer 
	Parameter C_PRIM_FIFO_TYPE_WACH bound to: 512x36 - type: string 
	Parameter C_PRIM_FIFO_TYPE_WDCH bound to: 1kx36 - type: string 
	Parameter C_PRIM_FIFO_TYPE_WRCH bound to: 512x36 - type: string 
	Parameter C_PRIM_FIFO_TYPE_RACH bound to: 512x36 - type: string 
	Parameter C_PRIM_FIFO_TYPE_RDCH bound to: 1kx36 - type: string 
	Parameter C_PRIM_FIFO_TYPE_AXIS bound to: 1kx18 - type: string 
	Parameter C_USE_ECC_WACH bound to: 0 - type: integer 
	Parameter C_USE_ECC_WDCH bound to: 0 - type: integer 
	Parameter C_USE_ECC_WRCH bound to: 0 - type: integer 
	Parameter C_USE_ECC_RACH bound to: 0 - type: integer 
	Parameter C_USE_ECC_RDCH bound to: 0 - type: integer 
	Parameter C_USE_ECC_AXIS bound to: 0 - type: integer 
	Parameter C_ERROR_INJECTION_TYPE_WACH bound to: 0 - type: integer 
	Parameter C_ERROR_INJECTION_TYPE_WDCH bound to: 0 - type: integer 
	Parameter C_ERROR_INJECTION_TYPE_WRCH bound to: 0 - type: integer 
	Parameter C_ERROR_INJECTION_TYPE_RACH bound to: 0 - type: integer 
	Parameter C_ERROR_INJECTION_TYPE_RDCH bound to: 0 - type: integer 
	Parameter C_ERROR_INJECTION_TYPE_AXIS bound to: 0 - type: integer 
	Parameter C_DIN_WIDTH_WACH bound to: 1 - type: integer 
	Parameter C_DIN_WIDTH_WDCH bound to: 64 - type: integer 
	Parameter C_DIN_WIDTH_WRCH bound to: 2 - type: integer 
	Parameter C_DIN_WIDTH_RACH bound to: 32 - type: integer 
	Parameter C_DIN_WIDTH_RDCH bound to: 64 - type: integer 
	Parameter C_DIN_WIDTH_AXIS bound to: 1 - type: integer 
	Parameter C_WR_DEPTH_WACH bound to: 16 - type: integer 
	Parameter C_WR_DEPTH_WDCH bound to: 1024 - type: integer 
	Parameter C_WR_DEPTH_WRCH bound to: 16 - type: integer 
	Parameter C_WR_DEPTH_RACH bound to: 16 - type: integer 
	Parameter C_WR_DEPTH_RDCH bound to: 1024 - type: integer 
	Parameter C_WR_DEPTH_AXIS bound to: 1024 - type: integer 
	Parameter C_WR_PNTR_WIDTH_WACH bound to: 4 - type: integer 
	Parameter C_WR_PNTR_WIDTH_WDCH bound to: 10 - type: integer 
	Parameter C_WR_PNTR_WIDTH_WRCH bound to: 4 - type: integer 
	Parameter C_WR_PNTR_WIDTH_RACH bound to: 4 - type: integer 
	Parameter C_WR_PNTR_WIDTH_RDCH bound to: 10 - type: integer 
	Parameter C_WR_PNTR_WIDTH_AXIS bound to: 10 - type: integer 
	Parameter C_HAS_DATA_COUNTS_WACH bound to: 0 - type: integer 
	Parameter C_HAS_DATA_COUNTS_WDCH bound to: 0 - type: integer 
	Parameter C_HAS_DATA_COUNTS_WRCH bound to: 0 - type: integer 
	Parameter C_HAS_DATA_COUNTS_RACH bound to: 0 - type: integer 
	Parameter C_HAS_DATA_COUNTS_RDCH bound to: 0 - type: integer 
	Parameter C_HAS_DATA_COUNTS_AXIS bound to: 0 - type: integer 
	Parameter C_HAS_PROG_FLAGS_WACH bound to: 0 - type: integer 
	Parameter C_HAS_PROG_FLAGS_WDCH bound to: 0 - type: integer 
	Parameter C_HAS_PROG_FLAGS_WRCH bound to: 0 - type: integer 
	Parameter C_HAS_PROG_FLAGS_RACH bound to: 0 - type: integer 
	Parameter C_HAS_PROG_FLAGS_RDCH bound to: 0 - type: integer 
	Parameter C_HAS_PROG_FLAGS_AXIS bound to: 0 - type: integer 
	Parameter C_PROG_FULL_TYPE_WACH bound to: 0 - type: integer 
	Parameter C_PROG_FULL_TYPE_WDCH bound to: 0 - type: integer 
	Parameter C_PROG_FULL_TYPE_WRCH bound to: 0 - type: integer 
	Parameter C_PROG_FULL_TYPE_RACH bound to: 0 - type: integer 
	Parameter C_PROG_FULL_TYPE_RDCH bound to: 0 - type: integer 
	Parameter C_PROG_FULL_TYPE_AXIS bound to: 0 - type: integer 
	Parameter C_PROG_FULL_THRESH_ASSERT_VAL_WACH bound to: 1023 - type: integer 
	Parameter C_PROG_FULL_THRESH_ASSERT_VAL_WDCH bound to: 1023 - type: integer 
	Parameter C_PROG_FULL_THRESH_ASSERT_VAL_WRCH bound to: 1023 - type: integer 
	Parameter C_PROG_FULL_THRESH_ASSERT_VAL_RACH bound to: 1023 - type: integer 
	Parameter C_PROG_FULL_THRESH_ASSERT_VAL_RDCH bound to: 1023 - type: integer 
	Parameter C_PROG_FULL_THRESH_ASSERT_VAL_AXIS bound to: 1023 - type: integer 
	Parameter C_PROG_EMPTY_TYPE_WACH bound to: 0 - type: integer 
	Parameter C_PROG_EMPTY_TYPE_WDCH bound to: 0 - type: integer 
	Parameter C_PROG_EMPTY_TYPE_WRCH bound to: 0 - type: integer 
	Parameter C_PROG_EMPTY_TYPE_RACH bound to: 0 - type: integer 
	Parameter C_PROG_EMPTY_TYPE_RDCH bound to: 0 - type: integer 
	Parameter C_PROG_EMPTY_TYPE_AXIS bound to: 0 - type: integer 
	Parameter C_PROG_EMPTY_THRESH_ASSERT_VAL_WACH bound to: 1022 - type: integer 
	Parameter C_PROG_EMPTY_THRESH_ASSERT_VAL_WDCH bound to: 1022 - type: integer 
	Parameter C_PROG_EMPTY_THRESH_ASSERT_VAL_WRCH bound to: 1022 - type: integer 
	Parameter C_PROG_EMPTY_THRESH_ASSERT_VAL_RACH bound to: 1022 - type: integer 
	Parameter C_PROG_EMPTY_THRESH_ASSERT_VAL_RDCH bound to: 1022 - type: integer 
	Parameter C_PROG_EMPTY_THRESH_ASSERT_VAL_AXIS bound to: 1022 - type: integer 
	Parameter C_REG_SLICE_MODE_WACH bound to: 0 - type: integer 
	Parameter C_REG_SLICE_MODE_WDCH bound to: 0 - type: integer 
	Parameter C_REG_SLICE_MODE_WRCH bound to: 0 - type: integer 
	Parameter C_REG_SLICE_MODE_RACH bound to: 0 - type: integer 
	Parameter C_REG_SLICE_MODE_RDCH bound to: 0 - type: integer 
	Parameter C_REG_SLICE_MODE_AXIS bound to: 0 - type: integer 
INFO: [Synth 8-3491] module 'fifo_generator_v13_2_1' declared at 'd:/prj/pynq/end/zynq_prj/zynq_prj.srcs/sources_1/bd/system/ip/system_image_process_0_0/src/fifo_block_av_gen/hdl/fifo_generator_v13_2_vhsyn_rfs.vhd:38483' bound to instance 'U0' of component 'fifo_generator_v13_2_1' [d:/prj/pynq/end/zynq_prj/zynq_prj.srcs/sources_1/bd/system/ip/system_image_process_0_0/src/fifo_backframe/synth/fifo_backframe.vhd:541]
INFO: [Synth 8-256] done synthesizing module 'fifo_backframe' (39#1) [d:/prj/pynq/end/zynq_prj/zynq_prj.srcs/sources_1/bd/system/ip/system_image_process_0_0/src/fifo_backframe/synth/fifo_backframe.vhd:73]
WARNING: [Synth 8-350] instance 'unit_fifo_backframe' of module 'fifo_backframe' requires 9 connections, but only 7 given [d:/prj/pynq/end/zynq_prj/zynq_prj.srcs/sources_1/bd/system/ipshared/35ea/src/u_block_value_generator.v:134]
WARNING: [Synth 8-6014] Unused sequential element gray_buffer_reg was removed.  [d:/prj/pynq/end/zynq_prj/zynq_prj.srcs/sources_1/bd/system/ipshared/35ea/src/u_block_value_generator.v:245]
INFO: [Synth 8-256] done synthesizing module 'u_block_value_generator' (40#1) [d:/prj/pynq/end/zynq_prj/zynq_prj.srcs/sources_1/bd/system/ipshared/35ea/src/u_block_value_generator.v:1]
INFO: [Synth 8-638] synthesizing module 'fifo' [d:/prj/pynq/end/zynq_prj/zynq_prj.srcs/sources_1/bd/system/ip/system_image_process_0_0/src/fifo_1/synth/fifo.vhd:75]
	Parameter C_COMMON_CLOCK bound to: 1 - type: integer 
	Parameter C_SELECT_XPM bound to: 0 - type: integer 
	Parameter C_COUNT_TYPE bound to: 0 - type: integer 
	Parameter C_DATA_COUNT_WIDTH bound to: 5 - type: integer 
	Parameter C_DEFAULT_VALUE bound to: BlankString - type: string 
	Parameter C_DIN_WIDTH bound to: 24 - type: integer 
	Parameter C_DOUT_RST_VAL bound to: 0 - type: string 
	Parameter C_DOUT_WIDTH bound to: 24 - type: integer 
	Parameter C_ENABLE_RLOCS bound to: 0 - type: integer 
	Parameter C_FAMILY bound to: zynq - type: string 
	Parameter C_FULL_FLAGS_RST_VAL bound to: 0 - type: integer 
	Parameter C_HAS_ALMOST_EMPTY bound to: 1 - type: integer 
	Parameter C_HAS_ALMOST_FULL bound to: 1 - type: integer 
	Parameter C_HAS_BACKUP bound to: 0 - type: integer 
	Parameter C_HAS_DATA_COUNT bound to: 1 - type: integer 
	Parameter C_HAS_INT_CLK bound to: 0 - type: integer 
	Parameter C_HAS_MEMINIT_FILE bound to: 0 - type: integer 
	Parameter C_HAS_OVERFLOW bound to: 0 - type: integer 
	Parameter C_HAS_RD_DATA_COUNT bound to: 0 - type: integer 
	Parameter C_HAS_RD_RST bound to: 0 - type: integer 
	Parameter C_HAS_RST bound to: 0 - type: integer 
	Parameter C_HAS_SRST bound to: 1 - type: integer 
	Parameter C_HAS_UNDERFLOW bound to: 0 - type: integer 
	Parameter C_HAS_VALID bound to: 0 - type: integer 
	Parameter C_HAS_WR_ACK bound to: 0 - type: integer 
	Parameter C_HAS_WR_DATA_COUNT bound to: 0 - type: integer 
	Parameter C_HAS_WR_RST bound to: 0 - type: integer 
	Parameter C_IMPLEMENTATION_TYPE bound to: 0 - type: integer 
	Parameter C_INIT_WR_PNTR_VAL bound to: 0 - type: integer 
	Parameter C_MEMORY_TYPE bound to: 2 - type: integer 
	Parameter C_MIF_FILE_NAME bound to: BlankString - type: string 
	Parameter C_OPTIMIZATION_MODE bound to: 0 - type: integer 
	Parameter C_OVERFLOW_LOW bound to: 0 - type: integer 
	Parameter C_PRELOAD_LATENCY bound to: 1 - type: integer 
	Parameter C_PRELOAD_REGS bound to: 0 - type: integer 
	Parameter C_PRIM_FIFO_TYPE bound to: 512x36 - type: string 
	Parameter C_PROG_EMPTY_THRESH_ASSERT_VAL bound to: 2 - type: integer 
	Parameter C_PROG_EMPTY_THRESH_NEGATE_VAL bound to: 3 - type: integer 
	Parameter C_PROG_EMPTY_TYPE bound to: 0 - type: integer 
	Parameter C_PROG_FULL_THRESH_ASSERT_VAL bound to: 30 - type: integer 
	Parameter C_PROG_FULL_THRESH_NEGATE_VAL bound to: 29 - type: integer 
	Parameter C_PROG_FULL_TYPE bound to: 0 - type: integer 
	Parameter C_RD_DATA_COUNT_WIDTH bound to: 5 - type: integer 
	Parameter C_RD_DEPTH bound to: 32 - type: integer 
	Parameter C_RD_FREQ bound to: 1 - type: integer 
	Parameter C_RD_PNTR_WIDTH bound to: 5 - type: integer 
	Parameter C_UNDERFLOW_LOW bound to: 0 - type: integer 
	Parameter C_USE_DOUT_RST bound to: 1 - type: integer 
	Parameter C_USE_ECC bound to: 0 - type: integer 
	Parameter C_USE_EMBEDDED_REG bound to: 0 - type: integer 
	Parameter C_USE_PIPELINE_REG bound to: 0 - type: integer 
	Parameter C_POWER_SAVING_MODE bound to: 0 - type: integer 
	Parameter C_USE_FIFO16_FLAGS bound to: 0 - type: integer 
	Parameter C_USE_FWFT_DATA_COUNT bound to: 0 - type: integer 
	Parameter C_VALID_LOW bound to: 0 - type: integer 
	Parameter C_WR_ACK_LOW bound to: 0 - type: integer 
	Parameter C_WR_DATA_COUNT_WIDTH bound to: 5 - type: integer 
	Parameter C_WR_DEPTH bound to: 32 - type: integer 
	Parameter C_WR_FREQ bound to: 1 - type: integer 
	Parameter C_WR_PNTR_WIDTH bound to: 5 - type: integer 
	Parameter C_WR_RESPONSE_LATENCY bound to: 1 - type: integer 
	Parameter C_MSGON_VAL bound to: 1 - type: integer 
	Parameter C_ENABLE_RST_SYNC bound to: 1 - type: integer 
	Parameter C_EN_SAFETY_CKT bound to: 0 - type: integer 
	Parameter C_ERROR_INJECTION_TYPE bound to: 0 - type: integer 
	Parameter C_SYNCHRONIZER_STAGE bound to: 2 - type: integer 
	Parameter C_INTERFACE_TYPE bound to: 0 - type: integer 
	Parameter C_AXI_TYPE bound to: 1 - type: integer 
	Parameter C_HAS_AXI_WR_CHANNEL bound to: 1 - type: integer 
	Parameter C_HAS_AXI_RD_CHANNEL bound to: 1 - type: integer 
	Parameter C_HAS_SLAVE_CE bound to: 0 - type: integer 
	Parameter C_HAS_MASTER_CE bound to: 0 - type: integer 
	Parameter C_ADD_NGC_CONSTRAINT bound to: 0 - type: integer 
	Parameter C_USE_COMMON_OVERFLOW bound to: 0 - type: integer 
	Parameter C_USE_COMMON_UNDERFLOW bound to: 0 - type: integer 
	Parameter C_USE_DEFAULT_SETTINGS bound to: 0 - type: integer 
	Parameter C_AXI_ID_WIDTH bound to: 1 - type: integer 
	Parameter C_AXI_ADDR_WIDTH bound to: 32 - type: integer 
	Parameter C_AXI_DATA_WIDTH bound to: 64 - type: integer 
	Parameter C_AXI_LEN_WIDTH bound to: 8 - type: integer 
	Parameter C_AXI_LOCK_WIDTH bound to: 1 - type: integer 
	Parameter C_HAS_AXI_ID bound to: 0 - type: integer 
	Parameter C_HAS_AXI_AWUSER bound to: 0 - type: integer 
	Parameter C_HAS_AXI_WUSER bound to: 0 - type: integer 
	Parameter C_HAS_AXI_BUSER bound to: 0 - type: integer 
	Parameter C_HAS_AXI_ARUSER bound to: 0 - type: integer 
	Parameter C_HAS_AXI_RUSER bound to: 0 - type: integer 
	Parameter C_AXI_ARUSER_WIDTH bound to: 1 - type: integer 
	Parameter C_AXI_AWUSER_WIDTH bound to: 1 - type: integer 
	Parameter C_AXI_WUSER_WIDTH bound to: 1 - type: integer 
	Parameter C_AXI_BUSER_WIDTH bound to: 1 - type: integer 
	Parameter C_AXI_RUSER_WIDTH bound to: 1 - type: integer 
	Parameter C_HAS_AXIS_TDATA bound to: 1 - type: integer 
	Parameter C_HAS_AXIS_TID bound to: 0 - type: integer 
	Parameter C_HAS_AXIS_TDEST bound to: 0 - type: integer 
	Parameter C_HAS_AXIS_TUSER bound to: 1 - type: integer 
	Parameter C_HAS_AXIS_TREADY bound to: 1 - type: integer 
	Parameter C_HAS_AXIS_TLAST bound to: 0 - type: integer 
	Parameter C_HAS_AXIS_TSTRB bound to: 0 - type: integer 
	Parameter C_HAS_AXIS_TKEEP bound to: 0 - type: integer 
	Parameter C_AXIS_TDATA_WIDTH bound to: 8 - type: integer 
	Parameter C_AXIS_TID_WIDTH bound to: 1 - type: integer 
	Parameter C_AXIS_TDEST_WIDTH bound to: 1 - type: integer 
	Parameter C_AXIS_TUSER_WIDTH bound to: 4 - type: integer 
	Parameter C_AXIS_TSTRB_WIDTH bound to: 1 - type: integer 
	Parameter C_AXIS_TKEEP_WIDTH bound to: 1 - type: integer 
	Parameter C_WACH_TYPE bound to: 0 - type: integer 
	Parameter C_WDCH_TYPE bound to: 0 - type: integer 
	Parameter C_WRCH_TYPE bound to: 0 - type: integer 
	Parameter C_RACH_TYPE bound to: 0 - type: integer 
	Parameter C_RDCH_TYPE bound to: 0 - type: integer 
	Parameter C_AXIS_TYPE bound to: 0 - type: integer 
	Parameter C_IMPLEMENTATION_TYPE_WACH bound to: 1 - type: integer 
	Parameter C_IMPLEMENTATION_TYPE_WDCH bound to: 1 - type: integer 
	Parameter C_IMPLEMENTATION_TYPE_WRCH bound to: 1 - type: integer 
	Parameter C_IMPLEMENTATION_TYPE_RACH bound to: 1 - type: integer 
	Parameter C_IMPLEMENTATION_TYPE_RDCH bound to: 1 - type: integer 
	Parameter C_IMPLEMENTATION_TYPE_AXIS bound to: 1 - type: integer 
	Parameter C_APPLICATION_TYPE_WACH bound to: 0 - type: integer 
	Parameter C_APPLICATION_TYPE_WDCH bound to: 0 - type: integer 
	Parameter C_APPLICATION_TYPE_WRCH bound to: 0 - type: integer 
	Parameter C_APPLICATION_TYPE_RACH bound to: 0 - type: integer 
	Parameter C_APPLICATION_TYPE_RDCH bound to: 0 - type: integer 
	Parameter C_APPLICATION_TYPE_AXIS bound to: 0 - type: integer 
	Parameter C_PRIM_FIFO_TYPE_WACH bound to: 512x36 - type: string 
	Parameter C_PRIM_FIFO_TYPE_WDCH bound to: 1kx36 - type: string 
	Parameter C_PRIM_FIFO_TYPE_WRCH bound to: 512x36 - type: string 
	Parameter C_PRIM_FIFO_TYPE_RACH bound to: 512x36 - type: string 
	Parameter C_PRIM_FIFO_TYPE_RDCH bound to: 1kx36 - type: string 
	Parameter C_PRIM_FIFO_TYPE_AXIS bound to: 1kx18 - type: string 
	Parameter C_USE_ECC_WACH bound to: 0 - type: integer 
	Parameter C_USE_ECC_WDCH bound to: 0 - type: integer 
	Parameter C_USE_ECC_WRCH bound to: 0 - type: integer 
	Parameter C_USE_ECC_RACH bound to: 0 - type: integer 
	Parameter C_USE_ECC_RDCH bound to: 0 - type: integer 
	Parameter C_USE_ECC_AXIS bound to: 0 - type: integer 
	Parameter C_ERROR_INJECTION_TYPE_WACH bound to: 0 - type: integer 
	Parameter C_ERROR_INJECTION_TYPE_WDCH bound to: 0 - type: integer 
	Parameter C_ERROR_INJECTION_TYPE_WRCH bound to: 0 - type: integer 
	Parameter C_ERROR_INJECTION_TYPE_RACH bound to: 0 - type: integer 
	Parameter C_ERROR_INJECTION_TYPE_RDCH bound to: 0 - type: integer 
	Parameter C_ERROR_INJECTION_TYPE_AXIS bound to: 0 - type: integer 
	Parameter C_DIN_WIDTH_WACH bound to: 1 - type: integer 
	Parameter C_DIN_WIDTH_WDCH bound to: 64 - type: integer 
	Parameter C_DIN_WIDTH_WRCH bound to: 2 - type: integer 
	Parameter C_DIN_WIDTH_RACH bound to: 32 - type: integer 
	Parameter C_DIN_WIDTH_RDCH bound to: 64 - type: integer 
	Parameter C_DIN_WIDTH_AXIS bound to: 1 - type: integer 
	Parameter C_WR_DEPTH_WACH bound to: 16 - type: integer 
	Parameter C_WR_DEPTH_WDCH bound to: 1024 - type: integer 
	Parameter C_WR_DEPTH_WRCH bound to: 16 - type: integer 
	Parameter C_WR_DEPTH_RACH bound to: 16 - type: integer 
	Parameter C_WR_DEPTH_RDCH bound to: 1024 - type: integer 
	Parameter C_WR_DEPTH_AXIS bound to: 1024 - type: integer 
	Parameter C_WR_PNTR_WIDTH_WACH bound to: 4 - type: integer 
	Parameter C_WR_PNTR_WIDTH_WDCH bound to: 10 - type: integer 
	Parameter C_WR_PNTR_WIDTH_WRCH bound to: 4 - type: integer 
	Parameter C_WR_PNTR_WIDTH_RACH bound to: 4 - type: integer 
	Parameter C_WR_PNTR_WIDTH_RDCH bound to: 10 - type: integer 
	Parameter C_WR_PNTR_WIDTH_AXIS bound to: 10 - type: integer 
	Parameter C_HAS_DATA_COUNTS_WACH bound to: 0 - type: integer 
	Parameter C_HAS_DATA_COUNTS_WDCH bound to: 0 - type: integer 
	Parameter C_HAS_DATA_COUNTS_WRCH bound to: 0 - type: integer 
	Parameter C_HAS_DATA_COUNTS_RACH bound to: 0 - type: integer 
	Parameter C_HAS_DATA_COUNTS_RDCH bound to: 0 - type: integer 
	Parameter C_HAS_DATA_COUNTS_AXIS bound to: 0 - type: integer 
	Parameter C_HAS_PROG_FLAGS_WACH bound to: 0 - type: integer 
	Parameter C_HAS_PROG_FLAGS_WDCH bound to: 0 - type: integer 
	Parameter C_HAS_PROG_FLAGS_WRCH bound to: 0 - type: integer 
	Parameter C_HAS_PROG_FLAGS_RACH bound to: 0 - type: integer 
	Parameter C_HAS_PROG_FLAGS_RDCH bound to: 0 - type: integer 
	Parameter C_HAS_PROG_FLAGS_AXIS bound to: 0 - type: integer 
	Parameter C_PROG_FULL_TYPE_WACH bound to: 0 - type: integer 
	Parameter C_PROG_FULL_TYPE_WDCH bound to: 0 - type: integer 
	Parameter C_PROG_FULL_TYPE_WRCH bound to: 0 - type: integer 
	Parameter C_PROG_FULL_TYPE_RACH bound to: 0 - type: integer 
	Parameter C_PROG_FULL_TYPE_RDCH bound to: 0 - type: integer 
	Parameter C_PROG_FULL_TYPE_AXIS bound to: 0 - type: integer 
	Parameter C_PROG_FULL_THRESH_ASSERT_VAL_WACH bound to: 1023 - type: integer 
	Parameter C_PROG_FULL_THRESH_ASSERT_VAL_WDCH bound to: 1023 - type: integer 
	Parameter C_PROG_FULL_THRESH_ASSERT_VAL_WRCH bound to: 1023 - type: integer 
	Parameter C_PROG_FULL_THRESH_ASSERT_VAL_RACH bound to: 1023 - type: integer 
	Parameter C_PROG_FULL_THRESH_ASSERT_VAL_RDCH bound to: 1023 - type: integer 
	Parameter C_PROG_FULL_THRESH_ASSERT_VAL_AXIS bound to: 1023 - type: integer 
	Parameter C_PROG_EMPTY_TYPE_WACH bound to: 0 - type: integer 
	Parameter C_PROG_EMPTY_TYPE_WDCH bound to: 0 - type: integer 
	Parameter C_PROG_EMPTY_TYPE_WRCH bound to: 0 - type: integer 
	Parameter C_PROG_EMPTY_TYPE_RACH bound to: 0 - type: integer 
	Parameter C_PROG_EMPTY_TYPE_RDCH bound to: 0 - type: integer 
	Parameter C_PROG_EMPTY_TYPE_AXIS bound to: 0 - type: integer 
	Parameter C_PROG_EMPTY_THRESH_ASSERT_VAL_WACH bound to: 1022 - type: integer 
	Parameter C_PROG_EMPTY_THRESH_ASSERT_VAL_WDCH bound to: 1022 - type: integer 
	Parameter C_PROG_EMPTY_THRESH_ASSERT_VAL_WRCH bound to: 1022 - type: integer 
	Parameter C_PROG_EMPTY_THRESH_ASSERT_VAL_RACH bound to: 1022 - type: integer 
	Parameter C_PROG_EMPTY_THRESH_ASSERT_VAL_RDCH bound to: 1022 - type: integer 
	Parameter C_PROG_EMPTY_THRESH_ASSERT_VAL_AXIS bound to: 1022 - type: integer 
	Parameter C_REG_SLICE_MODE_WACH bound to: 0 - type: integer 
	Parameter C_REG_SLICE_MODE_WDCH bound to: 0 - type: integer 
	Parameter C_REG_SLICE_MODE_WRCH bound to: 0 - type: integer 
	Parameter C_REG_SLICE_MODE_RACH bound to: 0 - type: integer 
	Parameter C_REG_SLICE_MODE_RDCH bound to: 0 - type: integer 
	Parameter C_REG_SLICE_MODE_AXIS bound to: 0 - type: integer 
INFO: [Synth 8-3491] module 'fifo_generator_v13_2_1' declared at 'd:/prj/pynq/end/zynq_prj/zynq_prj.srcs/sources_1/bd/system/ip/system_image_process_0_0/src/fifo_block_av_gen/hdl/fifo_generator_v13_2_vhsyn_rfs.vhd:38483' bound to instance 'U0' of component 'fifo_generator_v13_2_1' [d:/prj/pynq/end/zynq_prj/zynq_prj.srcs/sources_1/bd/system/ip/system_image_process_0_0/src/fifo_1/synth/fifo.vhd:545]
INFO: [Synth 8-256] done synthesizing module 'fifo' (42#1) [d:/prj/pynq/end/zynq_prj/zynq_prj.srcs/sources_1/bd/system/ip/system_image_process_0_0/src/fifo_1/synth/fifo.vhd:75]
WARNING: [Synth 8-3848] Net m00_axis_tstrb in module/entity image_process_v1_0 does not have driver. [d:/prj/pynq/end/zynq_prj/zynq_prj.srcs/sources_1/bd/system/ipshared/35ea/hdl/image_process_v1_0.v:32]
INFO: [Synth 8-256] done synthesizing module 'image_process_v1_0' (43#1) [d:/prj/pynq/end/zynq_prj/zynq_prj.srcs/sources_1/bd/system/ipshared/35ea/hdl/image_process_v1_0.v:3]
INFO: [Synth 8-256] done synthesizing module 'system_image_process_0_0' (44#1) [d:/prj/pynq/end/zynq_prj/zynq_prj.srcs/sources_1/bd/system/ip/system_image_process_0_0/synth/system_image_process_0_0.v:57]
WARNING: [Synth 8-3331] design wr_status_flags_ss__parameterized1 has unconnected port RST_FULL_FF
WARNING: [Synth 8-3331] design wr_status_flags_ss__parameterized1 has unconnected port WR_RST
WARNING: [Synth 8-3331] design wr_status_flags_ss__parameterized1 has unconnected port SRST
WARNING: [Synth 8-3331] design wr_status_flags_ss__parameterized1 has unconnected port SAFETY_CKT_WR_RST
WARNING: [Synth 8-3331] design wr_status_flags_ss__parameterized1 has unconnected port WR_PNTR_PLUS3[4]
WARNING: [Synth 8-3331] design wr_status_flags_ss__parameterized1 has unconnected port WR_PNTR_PLUS3[3]
WARNING: [Synth 8-3331] design wr_status_flags_ss__parameterized1 has unconnected port WR_PNTR_PLUS3[2]
WARNING: [Synth 8-3331] design wr_status_flags_ss__parameterized1 has unconnected port WR_PNTR_PLUS3[1]
WARNING: [Synth 8-3331] design wr_status_flags_ss__parameterized1 has unconnected port WR_PNTR_PLUS3[0]
WARNING: [Synth 8-3331] design wr_bin_cntr__parameterized1 has unconnected port RST
WARNING: [Synth 8-3331] design wr_logic__parameterized1 has unconnected port WR_EN_INTO_LOGIC
WARNING: [Synth 8-3331] design wr_logic__parameterized1 has unconnected port WR_RST_INTO_LOGIC
WARNING: [Synth 8-3331] design wr_logic__parameterized1 has unconnected port RD_EN
WARNING: [Synth 8-3331] design wr_logic__parameterized1 has unconnected port WR_RST_BUSY
WARNING: [Synth 8-3331] design wr_logic__parameterized1 has unconnected port EMPTY
WARNING: [Synth 8-3331] design wr_logic__parameterized1 has unconnected port ALMOST_EMPTY
WARNING: [Synth 8-3331] design wr_logic__parameterized1 has unconnected port PROG_FULL_THRESH[4]
WARNING: [Synth 8-3331] design wr_logic__parameterized1 has unconnected port PROG_FULL_THRESH[3]
WARNING: [Synth 8-3331] design wr_logic__parameterized1 has unconnected port PROG_FULL_THRESH[2]
WARNING: [Synth 8-3331] design wr_logic__parameterized1 has unconnected port PROG_FULL_THRESH[1]
WARNING: [Synth 8-3331] design wr_logic__parameterized1 has unconnected port PROG_FULL_THRESH[0]
WARNING: [Synth 8-3331] design wr_logic__parameterized1 has unconnected port PROG_FULL_THRESH_ASSERT[4]
WARNING: [Synth 8-3331] design wr_logic__parameterized1 has unconnected port PROG_FULL_THRESH_ASSERT[3]
WARNING: [Synth 8-3331] design wr_logic__parameterized1 has unconnected port PROG_FULL_THRESH_ASSERT[2]
WARNING: [Synth 8-3331] design wr_logic__parameterized1 has unconnected port PROG_FULL_THRESH_ASSERT[1]
WARNING: [Synth 8-3331] design wr_logic__parameterized1 has unconnected port PROG_FULL_THRESH_ASSERT[0]
WARNING: [Synth 8-3331] design wr_logic__parameterized1 has unconnected port PROG_FULL_THRESH_NEGATE[4]
WARNING: [Synth 8-3331] design wr_logic__parameterized1 has unconnected port PROG_FULL_THRESH_NEGATE[3]
WARNING: [Synth 8-3331] design wr_logic__parameterized1 has unconnected port PROG_FULL_THRESH_NEGATE[2]
WARNING: [Synth 8-3331] design wr_logic__parameterized1 has unconnected port PROG_FULL_THRESH_NEGATE[1]
WARNING: [Synth 8-3331] design wr_logic__parameterized1 has unconnected port PROG_FULL_THRESH_NEGATE[0]
WARNING: [Synth 8-3331] design updn_cntr__parameterized1 has unconnected port RST
WARNING: [Synth 8-3331] design dc_ss__parameterized1 has unconnected port WR_PNTR[4]
WARNING: [Synth 8-3331] design dc_ss__parameterized1 has unconnected port WR_PNTR[3]
WARNING: [Synth 8-3331] design dc_ss__parameterized1 has unconnected port WR_PNTR[2]
WARNING: [Synth 8-3331] design dc_ss__parameterized1 has unconnected port WR_PNTR[1]
WARNING: [Synth 8-3331] design dc_ss__parameterized1 has unconnected port WR_PNTR[0]
WARNING: [Synth 8-3331] design dc_ss__parameterized1 has unconnected port RD_PNTR[4]
WARNING: [Synth 8-3331] design dc_ss__parameterized1 has unconnected port RD_PNTR[3]
WARNING: [Synth 8-3331] design dc_ss__parameterized1 has unconnected port RD_PNTR[2]
WARNING: [Synth 8-3331] design dc_ss__parameterized1 has unconnected port RD_PNTR[1]
WARNING: [Synth 8-3331] design dc_ss__parameterized1 has unconnected port RD_PNTR[0]
WARNING: [Synth 8-3331] design rd_status_flags_ss__parameterized1 has unconnected port RD_RST
WARNING: [Synth 8-3331] design rd_status_flags_ss__parameterized1 has unconnected port SAFETY_CKT_RD_RST
WARNING: [Synth 8-3331] design rd_bin_cntr__parameterized1 has unconnected port RST
WARNING: [Synth 8-3331] design rd_logic__parameterized1 has unconnected port RD_EN_INTO_LOGIC
WARNING: [Synth 8-3331] design rd_logic__parameterized1 has unconnected port RD_RST_INTO_LOGIC
WARNING: [Synth 8-3331] design rd_logic__parameterized1 has unconnected port RD_RST_BUSY
WARNING: [Synth 8-3331] design rd_logic__parameterized1 has unconnected port RST_FULL_FF
WARNING: [Synth 8-3331] design rd_logic__parameterized1 has unconnected port ALMOST_FULL_FB
WARNING: [Synth 8-3331] design rd_logic__parameterized1 has unconnected port FULL
WARNING: [Synth 8-3331] design rd_logic__parameterized1 has unconnected port WR_PNTR_PLUS1_RD[4]
WARNING: [Synth 8-3331] design rd_logic__parameterized1 has unconnected port WR_PNTR_PLUS1_RD[3]
WARNING: [Synth 8-3331] design rd_logic__parameterized1 has unconnected port WR_PNTR_PLUS1_RD[2]
WARNING: [Synth 8-3331] design rd_logic__parameterized1 has unconnected port WR_PNTR_PLUS1_RD[1]
WARNING: [Synth 8-3331] design rd_logic__parameterized1 has unconnected port WR_PNTR_PLUS1_RD[0]
WARNING: [Synth 8-3331] design rd_logic__parameterized1 has unconnected port PROG_EMPTY_THRESH[4]
WARNING: [Synth 8-3331] design rd_logic__parameterized1 has unconnected port PROG_EMPTY_THRESH[3]
WARNING: [Synth 8-3331] design rd_logic__parameterized1 has unconnected port PROG_EMPTY_THRESH[2]
WARNING: [Synth 8-3331] design rd_logic__parameterized1 has unconnected port PROG_EMPTY_THRESH[1]
WARNING: [Synth 8-3331] design rd_logic__parameterized1 has unconnected port PROG_EMPTY_THRESH[0]
WARNING: [Synth 8-3331] design rd_logic__parameterized1 has unconnected port PROG_EMPTY_THRESH_ASSERT[4]
WARNING: [Synth 8-3331] design rd_logic__parameterized1 has unconnected port PROG_EMPTY_THRESH_ASSERT[3]
WARNING: [Synth 8-3331] design rd_logic__parameterized1 has unconnected port PROG_EMPTY_THRESH_ASSERT[2]
WARNING: [Synth 8-3331] design rd_logic__parameterized1 has unconnected port PROG_EMPTY_THRESH_ASSERT[1]
WARNING: [Synth 8-3331] design rd_logic__parameterized1 has unconnected port PROG_EMPTY_THRESH_ASSERT[0]
WARNING: [Synth 8-3331] design rd_logic__parameterized1 has unconnected port PROG_EMPTY_THRESH_NEGATE[4]
WARNING: [Synth 8-3331] design rd_logic__parameterized1 has unconnected port PROG_EMPTY_THRESH_NEGATE[3]
WARNING: [Synth 8-3331] design rd_logic__parameterized1 has unconnected port PROG_EMPTY_THRESH_NEGATE[2]
WARNING: [Synth 8-3331] design rd_logic__parameterized1 has unconnected port PROG_EMPTY_THRESH_NEGATE[1]
WARNING: [Synth 8-3331] design rd_logic__parameterized1 has unconnected port PROG_EMPTY_THRESH_NEGATE[0]
WARNING: [Synth 8-3331] design dmem has unconnected port RD_RST
WARNING: [Synth 8-3331] design memory__parameterized1 has unconnected port RAM_REGOUT_EN
WARNING: [Synth 8-3331] design memory__parameterized1 has unconnected port FAB_REGOUT_EN
WARNING: [Synth 8-3331] design memory__parameterized1 has unconnected port RD_RST
WARNING: [Synth 8-3331] design memory__parameterized1 has unconnected port SFT_RST
WARNING: [Synth 8-3331] design memory__parameterized1 has unconnected port SAFETY_CKT_RD_RST
WARNING: [Synth 8-3331] design memory__parameterized1 has unconnected port SLEEP
WARNING: [Synth 8-3331] design memory__parameterized1 has unconnected port INJECTDBITERR
WARNING: [Synth 8-3331] design memory__parameterized1 has unconnected port INJECTSBITERR
WARNING: [Synth 8-3331] design output_blk__parameterized1 has unconnected port PROG_FULL_I
WARNING: [Synth 8-3331] design output_blk__parameterized1 has unconnected port PROG_EMPTY_I
WARNING: [Synth 8-3331] design output_blk__parameterized1 has unconnected port WR_ACK_I
WARNING: [Synth 8-3331] design output_blk__parameterized1 has unconnected port VALID_I
WARNING: [Synth 8-3331] design output_blk__parameterized1 has unconnected port OVERFLOW_I
WARNING: [Synth 8-3331] design output_blk__parameterized1 has unconnected port UNDERFLOW_I
WARNING: [Synth 8-3331] design output_blk__parameterized1 has unconnected port DATA_COUNT_I[0]
WARNING: [Synth 8-3331] design output_blk__parameterized1 has unconnected port WR_DATA_COUNT_I[5]
WARNING: [Synth 8-3331] design output_blk__parameterized1 has unconnected port WR_DATA_COUNT_I[4]
WARNING: [Synth 8-3331] design output_blk__parameterized1 has unconnected port WR_DATA_COUNT_I[3]
WARNING: [Synth 8-3331] design output_blk__parameterized1 has unconnected port WR_DATA_COUNT_I[2]
WARNING: [Synth 8-3331] design output_blk__parameterized1 has unconnected port WR_DATA_COUNT_I[1]
WARNING: [Synth 8-3331] design output_blk__parameterized1 has unconnected port WR_DATA_COUNT_I[0]
WARNING: [Synth 8-3331] design output_blk__parameterized1 has unconnected port RD_DATA_COUNT_I[5]
WARNING: [Synth 8-3331] design output_blk__parameterized1 has unconnected port RD_DATA_COUNT_I[4]
WARNING: [Synth 8-3331] design output_blk__parameterized1 has unconnected port RD_DATA_COUNT_I[3]
WARNING: [Synth 8-3331] design output_blk__parameterized1 has unconnected port RD_DATA_COUNT_I[2]
WARNING: [Synth 8-3331] design output_blk__parameterized1 has unconnected port RD_DATA_COUNT_I[1]
WARNING: [Synth 8-3331] design output_blk__parameterized1 has unconnected port RD_DATA_COUNT_I[0]
WARNING: [Synth 8-3331] design output_blk__parameterized1 has unconnected port SBITERR_I
INFO: [Common 17-14] Message 'Synth 8-3331' appears 100 times and further instances of the messages will be disabled. Use the Tcl command set_msg_config to change the current settings.
---------------------------------------------------------------------------------
Finished RTL Elaboration : Time (s): cpu = 00:05:34 ; elapsed = 00:05:40 . Memory (MB): peak = 807.234 ; gain = 498.570
---------------------------------------------------------------------------------

Report Check Netlist: 
+------+------------------+-------+---------+-------+------------------+
|      |Item              |Errors |Warnings |Status |Description       |
+------+------------------+-------+---------+-------+------------------+
|1     |multi_driven_nets |      0|        0|Passed |Multi driven nets |
+------+------------------+-------+---------+-------+------------------+
---------------------------------------------------------------------------------
Finished RTL Optimization Phase 1 : Time (s): cpu = 00:05:35 ; elapsed = 00:05:41 . Memory (MB): peak = 807.234 ; gain = 498.570
---------------------------------------------------------------------------------
INFO: [Netlist 29-17] Analyzing 114 Unisim elements for replacement
INFO: [Netlist 29-28] Unisim Transformation completed in 0 CPU seconds
INFO: [Device 21-403] Loading part xc7z020clg400-1
INFO: [Project 1-570] Preparing netlist for logic optimization

Processing XDC Constraints
Initializing timing engine
Parsing XDC File [d:/prj/pynq/end/zynq_prj/zynq_prj.srcs/sources_1/bd/system/ip/system_image_process_0_0/src/fifo_block_av_gen/fifo_block_av_gen.xdc] for cell 'inst/unit_block_value_generator_av/unit_fifo_block_av_gen/U0'
Finished Parsing XDC File [d:/prj/pynq/end/zynq_prj/zynq_prj.srcs/sources_1/bd/system/ip/system_image_process_0_0/src/fifo_block_av_gen/fifo_block_av_gen.xdc] for cell 'inst/unit_block_value_generator_av/unit_fifo_block_av_gen/U0'
Parsing XDC File [d:/prj/pynq/end/zynq_prj/zynq_prj.srcs/sources_1/bd/system/ip/system_image_process_0_0/src/fifo_block_av_gen/fifo_block_av_gen.xdc] for cell 'inst/unit_block_value_generator_av/unit_fifo_block_bf_gen/U0'
Finished Parsing XDC File [d:/prj/pynq/end/zynq_prj/zynq_prj.srcs/sources_1/bd/system/ip/system_image_process_0_0/src/fifo_block_av_gen/fifo_block_av_gen.xdc] for cell 'inst/unit_block_value_generator_av/unit_fifo_block_bf_gen/U0'
Parsing XDC File [d:/prj/pynq/end/zynq_prj/zynq_prj.srcs/sources_1/bd/system/ip/system_image_process_0_0/src/fifo_backframe/fifo_backframe.xdc] for cell 'inst/unit_block_value_generator_av/unit_fifo_backframe/U0'
Finished Parsing XDC File [d:/prj/pynq/end/zynq_prj/zynq_prj.srcs/sources_1/bd/system/ip/system_image_process_0_0/src/fifo_backframe/fifo_backframe.xdc] for cell 'inst/unit_block_value_generator_av/unit_fifo_backframe/U0'
Parsing XDC File [d:/prj/pynq/end/zynq_prj/zynq_prj.srcs/sources_1/bd/system/ip/system_image_process_0_0/src/fifo_1/fifo.xdc] for cell 'inst/unit_fifo_0/U0'
Finished Parsing XDC File [d:/prj/pynq/end/zynq_prj/zynq_prj.srcs/sources_1/bd/system/ip/system_image_process_0_0/src/fifo_1/fifo.xdc] for cell 'inst/unit_fifo_0/U0'
Parsing XDC File [D:/prj/pynq/end/zynq_prj/zynq_prj.runs/system_image_process_0_0_synth_1/dont_touch.xdc]
Finished Parsing XDC File [D:/prj/pynq/end/zynq_prj/zynq_prj.runs/system_image_process_0_0_synth_1/dont_touch.xdc]
INFO: [Project 1-236] Implementation specific constraints were found while reading constraint file [D:/prj/pynq/end/zynq_prj/zynq_prj.runs/system_image_process_0_0_synth_1/dont_touch.xdc]. These constraints will be ignored for synthesis but will be used in implementation. Impacted constraints are listed in the file [.Xil/system_image_process_0_0_propImpl.xdc].
Resolution: To avoid this warning, move constraints listed in [.Xil/system_image_process_0_0_propImpl.xdc] to another XDC file and exclude this new file from synthesis with the used_in_synthesis property (File Properties dialog in GUI) and re-run elaboration/synthesis.
Completed Processing XDC Constraints

INFO: [Project 1-111] Unisim Transformation Summary:
No Unisim elements were transformed.

Constraint Validation Runtime : Time (s): cpu = 00:00:01 ; elapsed = 00:00:00.667 . Memory (MB): peak = 924.324 ; gain = 10.762
---------------------------------------------------------------------------------
Finished Constraint Validation : Time (s): cpu = 00:06:08 ; elapsed = 00:06:14 . Memory (MB): peak = 924.324 ; gain = 615.660
---------------------------------------------------------------------------------
---------------------------------------------------------------------------------
Start Loading Part and Timing Information
---------------------------------------------------------------------------------
Loading part: xc7z020clg400-1
---------------------------------------------------------------------------------
Finished Loading Part and Timing Information : Time (s): cpu = 00:06:08 ; elapsed = 00:06:14 . Memory (MB): peak = 924.324 ; gain = 615.660
---------------------------------------------------------------------------------
---------------------------------------------------------------------------------
Start Applying 'set_property' XDC Constraints
---------------------------------------------------------------------------------
Applied set_property DONT_TOUCH = true for inst/unit_block_value_generator_av/unit_fifo_block_av_gen/U0. (constraint file  D:/prj/pynq/end/zynq_prj/zynq_prj.runs/system_image_process_0_0_synth_1/dont_touch.xdc, line 20).
Applied set_property DONT_TOUCH = true for inst/unit_block_value_generator_av/unit_fifo_block_bf_gen/U0. (constraint file  D:/prj/pynq/end/zynq_prj/zynq_prj.runs/system_image_process_0_0_synth_1/dont_touch.xdc, line 20).
Applied set_property DONT_TOUCH = true for inst/unit_block_value_generator_av/unit_fifo_backframe/U0. (constraint file  D:/prj/pynq/end/zynq_prj/zynq_prj.runs/system_image_process_0_0_synth_1/dont_touch.xdc, line 23).
Applied set_property DONT_TOUCH = true for inst/unit_fifo_0/U0. (constraint file  D:/prj/pynq/end/zynq_prj/zynq_prj.runs/system_image_process_0_0_synth_1/dont_touch.xdc, line 26).
Applied set_property DONT_TOUCH = true for inst/unit_block_value_generator_av/unit_fifo_backframe. (constraint file  auto generated constraint, line ).
Applied set_property DONT_TOUCH = true for inst/unit_block_value_generator_av/unit_fifo_block_av_gen. (constraint file  auto generated constraint, line ).
Applied set_property DONT_TOUCH = true for inst/unit_block_value_generator_av/unit_fifo_block_bf_gen. (constraint file  auto generated constraint, line ).
Applied set_property DONT_TOUCH = true for inst/unit_fifo_0. (constraint file  auto generated constraint, line ).
Applied set_property DONT_TOUCH = true for inst/unit_line_average_0. (constraint file  auto generated constraint, line ).
Applied set_property DONT_TOUCH = true for inst/unit_line_average_1. (constraint file  auto generated constraint, line ).
Applied set_property DONT_TOUCH = true for inst/unit_line_shift_register_0. (constraint file  auto generated constraint, line ).
Applied set_property DONT_TOUCH = true for inst/unit_line_shift_register_1. (constraint file  auto generated constraint, line ).
Applied set_property DONT_TOUCH = true for inst/unit_line_shift_register_2. (constraint file  auto generated constraint, line ).
---------------------------------------------------------------------------------
Finished applying 'set_property' XDC Constraints : Time (s): cpu = 00:06:08 ; elapsed = 00:06:14 . Memory (MB): peak = 924.324 ; gain = 615.660
---------------------------------------------------------------------------------
INFO: [Synth 8-5818] HDL ADVISOR - The operator resource <adder> is shared. To prevent sharing consider applying a KEEP on the output of the operator [d:/prj/pynq/end/zynq_prj/zynq_prj.srcs/sources_1/bd/system/ipshared/35ea/src/u_block_value_generator.v:218]
WARNING: [Synth 8-6014] Unused sequential element cnt_reg was removed.  [d:/prj/pynq/end/zynq_prj/zynq_prj.srcs/sources_1/bd/system/ipshared/35ea/src/u_block_value_generator.v:49]
WARNING: [Synth 8-6014] Unused sequential element cnt_x_reg was removed.  [d:/prj/pynq/end/zynq_prj/zynq_prj.srcs/sources_1/bd/system/ipshared/35ea/src/u_block_value_generator.v:275]
WARNING: [Synth 8-6014] Unused sequential element cnt_y_reg was removed.  [d:/prj/pynq/end/zynq_prj/zynq_prj.srcs/sources_1/bd/system/ipshared/35ea/src/u_block_value_generator.v:287]
INFO: [Synth 8-5546] ROM "av_valid" won't be mapped to RAM because it is too sparse
INFO: [Synth 8-5546] ROM "fifo_wr_valid" won't be mapped to RAM because it is too sparse
WARNING: [Synth 8-6014] Unused sequential element cnt_reg was removed.  [d:/prj/pynq/end/zynq_prj/zynq_prj.srcs/sources_1/bd/system/ipshared/35ea/hdl/image_process_v1_0.v:75]
WARNING: [Synth 8-6014] Unused sequential element valid_cnt_reg was removed.  [d:/prj/pynq/end/zynq_prj/zynq_prj.srcs/sources_1/bd/system/ipshared/35ea/hdl/image_process_v1_0.v:188]
---------------------------------------------------------------------------------
Finished RTL Optimization Phase 2 : Time (s): cpu = 00:06:11 ; elapsed = 00:06:18 . Memory (MB): peak = 924.324 ; gain = 615.660
---------------------------------------------------------------------------------

Report RTL Partitions: 
+-+--------------+------------+----------+
| |RTL Partition |Replication |Instances |
+-+--------------+------------+----------+
+-+--------------+------------+----------+
---------------------------------------------------------------------------------
Start RTL Component Statistics 
---------------------------------------------------------------------------------
---------------------------------------------------------------------------------
Finished RTL Component Statistics 
---------------------------------------------------------------------------------
---------------------------------------------------------------------------------
Start RTL Hierarchical Component Statistics 
---------------------------------------------------------------------------------
---------------------------------------------------------------------------------
Finished RTL Hierarchical Component Statistics
---------------------------------------------------------------------------------
---------------------------------------------------------------------------------
Start Part Resource Summary
---------------------------------------------------------------------------------
Part Resources:
DSPs: 220 (col length:60)
BRAMs: 280 (col length: RAMB18 60 RAMB36 30)
---------------------------------------------------------------------------------
Finished Part Resource Summary
---------------------------------------------------------------------------------
---------------------------------------------------------------------------------
Start Cross Boundary and Area Optimization
---------------------------------------------------------------------------------
INFO: [Synth 8-5546] ROM "inst/fifo_wr_valid" won't be mapped to RAM because it is too sparse
INFO: [Synth 8-5546] ROM "inst/av_valid" won't be mapped to RAM because it is too sparse
WARNING: [Synth 8-6014] Unused sequential element inst/unit_block_value_generator_av/cnt_x_reg was removed.  [d:/prj/pynq/end/zynq_prj/zynq_prj.srcs/sources_1/bd/system/ipshared/35ea/src/u_block_value_generator.v:275]
WARNING: [Synth 8-6014] Unused sequential element inst/unit_block_value_generator_av/cnt_y_reg was removed.  [d:/prj/pynq/end/zynq_prj/zynq_prj.srcs/sources_1/bd/system/ipshared/35ea/src/u_block_value_generator.v:287]
WARNING: [Synth 8-6014] Unused sequential element inst/unit_block_value_generator_av/cnt_reg was removed.  [d:/prj/pynq/end/zynq_prj/zynq_prj.srcs/sources_1/bd/system/ipshared/35ea/src/u_block_value_generator.v:49]
WARNING: [Synth 8-6014] Unused sequential element inst/cnt_reg was removed.  [d:/prj/pynq/end/zynq_prj/zynq_prj.srcs/sources_1/bd/system/ipshared/35ea/hdl/image_process_v1_0.v:75]
WARNING: [Synth 8-6014] Unused sequential element inst/valid_cnt_reg was removed.  [d:/prj/pynq/end/zynq_prj/zynq_prj.srcs/sources_1/bd/system/ipshared/35ea/hdl/image_process_v1_0.v:188]
INFO: [Synth 8-3917] design system_image_process_0_0 has port m00_axis_tdata[31] driven by constant 0
INFO: [Synth 8-3917] design system_image_process_0_0 has port m00_axis_tdata[30] driven by constant 0
INFO: [Synth 8-3917] design system_image_process_0_0 has port m00_axis_tdata[29] driven by constant 0
INFO: [Synth 8-3917] design system_image_process_0_0 has port m00_axis_tdata[28] driven by constant 0
INFO: [Synth 8-3917] design system_image_process_0_0 has port m00_axis_tdata[27] driven by constant 0
INFO: [Synth 8-3917] design system_image_process_0_0 has port m00_axis_tdata[26] driven by constant 0
INFO: [Synth 8-3917] design system_image_process_0_0 has port m00_axis_tdata[25] driven by constant 0
INFO: [Synth 8-3917] design system_image_process_0_0 has port m00_axis_tdata[24] driven by constant 0
INFO: [Synth 8-3333] propagating constant 0 across sequential element (\inst/unit_gray_shift/gray_b_reg[1] )
INFO: [Synth 8-3332] Sequential element (inst/unit_media_value/unit3/max_data_reg[7]) is unused and will be removed from module system_image_process_0_0.
INFO: [Synth 8-3332] Sequential element (inst/unit_media_value/unit3/max_data_reg[6]) is unused and will be removed from module system_image_process_0_0.
INFO: [Synth 8-3332] Sequential element (inst/unit_media_value/unit3/max_data_reg[5]) is unused and will be removed from module system_image_process_0_0.
INFO: [Synth 8-3332] Sequential element (inst/unit_media_value/unit3/max_data_reg[4]) is unused and will be removed from module system_image_process_0_0.
INFO: [Synth 8-3332] Sequential element (inst/unit_media_value/unit3/max_data_reg[3]) is unused and will be removed from module system_image_process_0_0.
INFO: [Synth 8-3332] Sequential element (inst/unit_media_value/unit3/max_data_reg[2]) is unused and will be removed from module system_image_process_0_0.
INFO: [Synth 8-3332] Sequential element (inst/unit_media_value/unit3/max_data_reg[1]) is unused and will be removed from module system_image_process_0_0.
INFO: [Synth 8-3332] Sequential element (inst/unit_media_value/unit3/max_data_reg[0]) is unused and will be removed from module system_image_process_0_0.
INFO: [Synth 8-3332] Sequential element (inst/unit_media_value/unit3/mid_data_reg[7]) is unused and will be removed from module system_image_process_0_0.
INFO: [Synth 8-3332] Sequential element (inst/unit_media_value/unit3/mid_data_reg[6]) is unused and will be removed from module system_image_process_0_0.
INFO: [Synth 8-3332] Sequential element (inst/unit_media_value/unit3/mid_data_reg[5]) is unused and will be removed from module system_image_process_0_0.
INFO: [Synth 8-3332] Sequential element (inst/unit_media_value/unit3/mid_data_reg[4]) is unused and will be removed from module system_image_process_0_0.
INFO: [Synth 8-3332] Sequential element (inst/unit_media_value/unit3/mid_data_reg[3]) is unused and will be removed from module system_image_process_0_0.
INFO: [Synth 8-3332] Sequential element (inst/unit_media_value/unit3/mid_data_reg[2]) is unused and will be removed from module system_image_process_0_0.
INFO: [Synth 8-3332] Sequential element (inst/unit_media_value/unit3/mid_data_reg[1]) is unused and will be removed from module system_image_process_0_0.
INFO: [Synth 8-3332] Sequential element (inst/unit_media_value/unit3/mid_data_reg[0]) is unused and will be removed from module system_image_process_0_0.
INFO: [Synth 8-3332] Sequential element (inst/unit_media_value/unit4/max_data_reg[7]) is unused and will be removed from module system_image_process_0_0.
INFO: [Synth 8-3332] Sequential element (inst/unit_media_value/unit4/max_data_reg[6]) is unused and will be removed from module system_image_process_0_0.
INFO: [Synth 8-3332] Sequential element (inst/unit_media_value/unit4/max_data_reg[5]) is unused and will be removed from module system_image_process_0_0.
INFO: [Synth 8-3332] Sequential element (inst/unit_media_value/unit4/max_data_reg[4]) is unused and will be removed from module system_image_process_0_0.
INFO: [Synth 8-3332] Sequential element (inst/unit_media_value/unit4/max_data_reg[3]) is unused and will be removed from module system_image_process_0_0.
INFO: [Synth 8-3332] Sequential element (inst/unit_media_value/unit4/max_data_reg[2]) is unused and will be removed from module system_image_process_0_0.
INFO: [Synth 8-3332] Sequential element (inst/unit_media_value/unit4/max_data_reg[1]) is unused and will be removed from module system_image_process_0_0.
INFO: [Synth 8-3332] Sequential element (inst/unit_media_value/unit4/max_data_reg[0]) is unused and will be removed from module system_image_process_0_0.
INFO: [Synth 8-3332] Sequential element (inst/unit_media_value/unit4/min_data_reg[7]) is unused and will be removed from module system_image_process_0_0.
INFO: [Synth 8-3332] Sequential element (inst/unit_media_value/unit4/min_data_reg[6]) is unused and will be removed from module system_image_process_0_0.
INFO: [Synth 8-3332] Sequential element (inst/unit_media_value/unit4/min_data_reg[5]) is unused and will be removed from module system_image_process_0_0.
INFO: [Synth 8-3332] Sequential element (inst/unit_media_value/unit4/min_data_reg[4]) is unused and will be removed from module system_image_process_0_0.
INFO: [Synth 8-3332] Sequential element (inst/unit_media_value/unit4/min_data_reg[3]) is unused and will be removed from module system_image_process_0_0.
INFO: [Synth 8-3332] Sequential element (inst/unit_media_value/unit4/min_data_reg[2]) is unused and will be removed from module system_image_process_0_0.
INFO: [Synth 8-3332] Sequential element (inst/unit_media_value/unit4/min_data_reg[1]) is unused and will be removed from module system_image_process_0_0.
INFO: [Synth 8-3332] Sequential element (inst/unit_media_value/unit4/min_data_reg[0]) is unused and will be removed from module system_image_process_0_0.
INFO: [Synth 8-3332] Sequential element (inst/unit_media_value/unit5/mid_data_reg[7]) is unused and will be removed from module system_image_process_0_0.
INFO: [Synth 8-3332] Sequential element (inst/unit_media_value/unit5/mid_data_reg[6]) is unused and will be removed from module system_image_process_0_0.
INFO: [Synth 8-3332] Sequential element (inst/unit_media_value/unit5/mid_data_reg[5]) is unused and will be removed from module system_image_process_0_0.
INFO: [Synth 8-3332] Sequential element (inst/unit_media_value/unit5/mid_data_reg[4]) is unused and will be removed from module system_image_process_0_0.
INFO: [Synth 8-3332] Sequential element (inst/unit_media_value/unit5/mid_data_reg[3]) is unused and will be removed from module system_image_process_0_0.
INFO: [Synth 8-3332] Sequential element (inst/unit_media_value/unit5/mid_data_reg[2]) is unused and will be removed from module system_image_process_0_0.
INFO: [Synth 8-3332] Sequential element (inst/unit_media_value/unit5/mid_data_reg[1]) is unused and will be removed from module system_image_process_0_0.
INFO: [Synth 8-3332] Sequential element (inst/unit_media_value/unit5/mid_data_reg[0]) is unused and will be removed from module system_image_process_0_0.
INFO: [Synth 8-3332] Sequential element (inst/unit_media_value/unit5/min_data_reg[7]) is unused and will be removed from module system_image_process_0_0.
INFO: [Synth 8-3332] Sequential element (inst/unit_media_value/unit5/min_data_reg[6]) is unused and will be removed from module system_image_process_0_0.
INFO: [Synth 8-3332] Sequential element (inst/unit_media_value/unit5/min_data_reg[5]) is unused and will be removed from module system_image_process_0_0.
INFO: [Synth 8-3332] Sequential element (inst/unit_media_value/unit5/min_data_reg[4]) is unused and will be removed from module system_image_process_0_0.
INFO: [Synth 8-3332] Sequential element (inst/unit_media_value/unit5/min_data_reg[3]) is unused and will be removed from module system_image_process_0_0.
INFO: [Synth 8-3332] Sequential element (inst/unit_media_value/unit5/min_data_reg[2]) is unused and will be removed from module system_image_process_0_0.
INFO: [Synth 8-3332] Sequential element (inst/unit_media_value/unit5/min_data_reg[1]) is unused and will be removed from module system_image_process_0_0.
INFO: [Synth 8-3332] Sequential element (inst/unit_media_value/unit5/min_data_reg[0]) is unused and will be removed from module system_image_process_0_0.
INFO: [Synth 8-3332] Sequential element (inst/unit_media_value/unit6/max_data_reg[7]) is unused and will be removed from module system_image_process_0_0.
INFO: [Synth 8-3332] Sequential element (inst/unit_media_value/unit6/max_data_reg[6]) is unused and will be removed from module system_image_process_0_0.
INFO: [Synth 8-3332] Sequential element (inst/unit_media_value/unit6/max_data_reg[5]) is unused and will be removed from module system_image_process_0_0.
INFO: [Synth 8-3332] Sequential element (inst/unit_media_value/unit6/max_data_reg[4]) is unused and will be removed from module system_image_process_0_0.
INFO: [Synth 8-3332] Sequential element (inst/unit_media_value/unit6/max_data_reg[3]) is unused and will be removed from module system_image_process_0_0.
INFO: [Synth 8-3332] Sequential element (inst/unit_media_value/unit6/max_data_reg[2]) is unused and will be removed from module system_image_process_0_0.
INFO: [Synth 8-3332] Sequential element (inst/unit_media_value/unit6/max_data_reg[1]) is unused and will be removed from module system_image_process_0_0.
INFO: [Synth 8-3332] Sequential element (inst/unit_media_value/unit6/max_data_reg[0]) is unused and will be removed from module system_image_process_0_0.
INFO: [Synth 8-3332] Sequential element (inst/unit_media_value/unit6/min_data_reg[7]) is unused and will be removed from module system_image_process_0_0.
INFO: [Synth 8-3332] Sequential element (inst/unit_media_value/unit6/min_data_reg[6]) is unused and will be removed from module system_image_process_0_0.
INFO: [Synth 8-3332] Sequential element (inst/unit_media_value/unit6/min_data_reg[5]) is unused and will be removed from module system_image_process_0_0.
INFO: [Synth 8-3332] Sequential element (inst/unit_media_value/unit6/min_data_reg[4]) is unused and will be removed from module system_image_process_0_0.
INFO: [Synth 8-3332] Sequential element (inst/unit_media_value/unit6/min_data_reg[3]) is unused and will be removed from module system_image_process_0_0.
INFO: [Synth 8-3332] Sequential element (inst/unit_media_value/unit6/min_data_reg[2]) is unused and will be removed from module system_image_process_0_0.
INFO: [Synth 8-3332] Sequential element (inst/unit_media_value/unit6/min_data_reg[1]) is unused and will be removed from module system_image_process_0_0.
INFO: [Synth 8-3332] Sequential element (inst/unit_media_value/unit6/min_data_reg[0]) is unused and will be removed from module system_image_process_0_0.
INFO: [Synth 8-3332] Sequential element (inst/unit_gray_shift/gray_b_reg[1]) is unused and will be removed from module system_image_process_0_0.
---------------------------------------------------------------------------------
Finished Cross Boundary and Area Optimization : Time (s): cpu = 00:06:22 ; elapsed = 00:06:29 . Memory (MB): peak = 924.324 ; gain = 615.660
---------------------------------------------------------------------------------

Report RTL Partitions: 
+-+--------------+------------+----------+
| |RTL Partition |Replication |Instances |
+-+--------------+------------+----------+
+-+--------------+------------+----------+
---------------------------------------------------------------------------------
Start Applying XDC Timing Constraints
---------------------------------------------------------------------------------
---------------------------------------------------------------------------------
Finished Applying XDC Timing Constraints : Time (s): cpu = 00:06:37 ; elapsed = 00:06:44 . Memory (MB): peak = 924.324 ; gain = 615.660
---------------------------------------------------------------------------------
---------------------------------------------------------------------------------
Start Timing Optimization
---------------------------------------------------------------------------------
---------------------------------------------------------------------------------
Finished Timing Optimization : Time (s): cpu = 00:06:39 ; elapsed = 00:06:45 . Memory (MB): peak = 924.324 ; gain = 615.660
---------------------------------------------------------------------------------

Report RTL Partitions: 
+-+--------------+------------+----------+
| |RTL Partition |Replication |Instances |
+-+--------------+------------+----------+
+-+--------------+------------+----------+
---------------------------------------------------------------------------------
Start Technology Mapping
---------------------------------------------------------------------------------
---------------------------------------------------------------------------------
Finished Technology Mapping : Time (s): cpu = 00:06:45 ; elapsed = 00:06:52 . Memory (MB): peak = 927.035 ; gain = 618.371
---------------------------------------------------------------------------------

Report RTL Partitions: 
+-+--------------+------------+----------+
| |RTL Partition |Replication |Instances |
+-+--------------+------------+----------+
+-+--------------+------------+----------+
---------------------------------------------------------------------------------
Start IO Insertion
---------------------------------------------------------------------------------
---------------------------------------------------------------------------------
Start Flattening Before IO Insertion
---------------------------------------------------------------------------------
---------------------------------------------------------------------------------
Finished Flattening Before IO Insertion
---------------------------------------------------------------------------------
---------------------------------------------------------------------------------
Start Final Netlist Cleanup
---------------------------------------------------------------------------------
INFO: [Synth 8-6064] Net n_0_258 is driving 144 big block pins (URAM, BRAM and DSP loads). Created 15 replicas of its driver. 
---------------------------------------------------------------------------------
Finished Final Netlist Cleanup
---------------------------------------------------------------------------------
---------------------------------------------------------------------------------
Finished IO Insertion : Time (s): cpu = 00:06:46 ; elapsed = 00:06:53 . Memory (MB): peak = 927.035 ; gain = 618.371
---------------------------------------------------------------------------------

Report Check Netlist: 
+------+------------------+-------+---------+-------+------------------+
|      |Item              |Errors |Warnings |Status |Description       |
+------+------------------+-------+---------+-------+------------------+
|1     |multi_driven_nets |      0|        0|Passed |Multi driven nets |
+------+------------------+-------+---------+-------+------------------+
---------------------------------------------------------------------------------
Start Renaming Generated Instances
---------------------------------------------------------------------------------
---------------------------------------------------------------------------------
Finished Renaming Generated Instances : Time (s): cpu = 00:06:46 ; elapsed = 00:06:53 . Memory (MB): peak = 927.035 ; gain = 618.371
---------------------------------------------------------------------------------

Report RTL Partitions: 
+-+--------------+------------+----------+
| |RTL Partition |Replication |Instances |
+-+--------------+------------+----------+
+-+--------------+------------+----------+
---------------------------------------------------------------------------------
Start Rebuilding User Hierarchy
---------------------------------------------------------------------------------
---------------------------------------------------------------------------------
Finished Rebuilding User Hierarchy : Time (s): cpu = 00:06:47 ; elapsed = 00:06:54 . Memory (MB): peak = 927.035 ; gain = 618.371
---------------------------------------------------------------------------------
---------------------------------------------------------------------------------
Start Renaming Generated Ports
---------------------------------------------------------------------------------
---------------------------------------------------------------------------------
Finished Renaming Generated Ports : Time (s): cpu = 00:06:47 ; elapsed = 00:06:54 . Memory (MB): peak = 927.035 ; gain = 618.371
---------------------------------------------------------------------------------
---------------------------------------------------------------------------------
Start Handling Custom Attributes
---------------------------------------------------------------------------------
---------------------------------------------------------------------------------
Finished Handling Custom Attributes : Time (s): cpu = 00:06:47 ; elapsed = 00:06:54 . Memory (MB): peak = 927.035 ; gain = 618.371
---------------------------------------------------------------------------------
---------------------------------------------------------------------------------
Start Renaming Generated Nets
---------------------------------------------------------------------------------
---------------------------------------------------------------------------------
Finished Renaming Generated Nets : Time (s): cpu = 00:06:47 ; elapsed = 00:06:54 . Memory (MB): peak = 927.035 ; gain = 618.371
---------------------------------------------------------------------------------
---------------------------------------------------------------------------------
Start Writing Synthesis Report
---------------------------------------------------------------------------------

Report BlackBoxes: 
+-+--------------+----------+
| |BlackBox name |Instances |
+-+--------------+----------+
+-+--------------+----------+

Report Cell Usage: 
+------+-----------+------+
|      |Cell       |Count |
+------+-----------+------+
|1     |CARRY4     |   125|
|2     |LUT1       |    27|
|3     |LUT2       |   148|
|4     |LUT3       |   126|
|5     |LUT4       |   604|
|6     |LUT5       |    95|
|7     |LUT6       |   306|
|8     |MUXCY      |    76|
|9     |MUXF7      |    36|
|10    |RAM32M     |     4|
|11    |RAMB18E1   |     2|
|12    |RAMB36E1   |    32|
|13    |RAMB36E1_1 |     2|
|14    |RAMB36E1_2 |     2|
|15    |SRLC32E    |   800|
|16    |FDRE       |  1040|
|17    |FDSE       |    25|
+------+-----------+------+
---------------------------------------------------------------------------------
Finished Writing Synthesis Report : Time (s): cpu = 00:06:47 ; elapsed = 00:06:54 . Memory (MB): peak = 927.035 ; gain = 618.371
---------------------------------------------------------------------------------
Synthesis finished with 0 errors, 0 critical warnings and 1476 warnings.
Synthesis Optimization Runtime : Time (s): cpu = 00:00:47 ; elapsed = 00:06:29 . Memory (MB): peak = 927.035 ; gain = 501.281
Synthesis Optimization Complete : Time (s): cpu = 00:06:47 ; elapsed = 00:06:54 . Memory (MB): peak = 927.035 ; gain = 618.371
INFO: [Project 1-571] Translating synthesized netlist
INFO: [Netlist 29-17] Analyzing 279 Unisim elements for replacement
INFO: [Netlist 29-28] Unisim Transformation completed in 0 CPU seconds
INFO: [Project 1-570] Preparing netlist for logic optimization
INFO: [Opt 31-138] Pushed 0 inverter(s) to 0 load pin(s).
INFO: [Project 1-111] Unisim Transformation Summary:
  A total of 32 instances were transformed.
  (MUXCY,XORCY) => CARRY4: 28 instances
  RAM32M => RAM32M (RAMD32, RAMD32, RAMD32, RAMD32, RAMD32, RAMD32, RAMS32, RAMS32): 4 instances

INFO: [Common 17-83] Releasing license: Synthesis
125 Infos, 116 Warnings, 0 Critical Warnings and 0 Errors encountered.
synth_design completed successfully
synth_design: Time (s): cpu = 00:06:52 ; elapsed = 00:07:01 . Memory (MB): peak = 927.035 ; gain = 629.844
INFO: [Common 17-1381] The checkpoint 'D:/prj/pynq/end/zynq_prj/zynq_prj.runs/system_image_process_0_0_synth_1/system_image_process_0_0.dcp' has been generated.
